{"/Users/nighwan/ukmkemasan-erp-backend/app.js": {"path":"/Users/nighwan/ukmkemasan-erp-backend/app.js","statementMap":{"0":{"start":{"line":1,"column":16},"end":{"line":1,"column":34}},"1":{"start":{"line":2,"column":15},"end":{"line":2,"column":32}},"2":{"start":{"line":4,"column":0},"end":{"line":4,"column":16}},"3":{"start":{"line":6,"column":13},"end":{"line":6,"column":28}},"4":{"start":{"line":7,"column":15},"end":{"line":7,"column":32}},"5":{"start":{"line":8,"column":15},"end":{"line":8,"column":32}},"6":{"start":{"line":9,"column":13},"end":{"line":9,"column":28}},"7":{"start":{"line":10,"column":35},"end":{"line":10,"column":74}},"8":{"start":{"line":11,"column":19},"end":{"line":11,"column":49}},"9":{"start":{"line":12,"column":22},"end":{"line":12,"column":55}},"10":{"start":{"line":13,"column":24},"end":{"line":13,"column":59}},"11":{"start":{"line":14,"column":20},"end":{"line":14,"column":51}},"12":{"start":{"line":15,"column":23},"end":{"line":15,"column":57}},"13":{"start":{"line":16,"column":24},"end":{"line":16,"column":59}},"14":{"start":{"line":17,"column":20},"end":{"line":17,"column":51}},"15":{"start":{"line":18,"column":29},"end":{"line":18,"column":69}},"16":{"start":{"line":19,"column":22},"end":{"line":19,"column":55}},"17":{"start":{"line":21,"column":28},"end":{"line":21,"column":86}},"18":{"start":{"line":22,"column":29},"end":{"line":22,"column":73}},"19":{"start":{"line":24,"column":12},"end":{"line":24,"column":21}},"20":{"start":{"line":25,"column":19},"end":{"line":25,"column":65}},"21":{"start":{"line":26,"column":20},"end":{"line":26,"column":68}},"22":{"start":{"line":27,"column":23},"end":{"line":34,"column":18}},"23":{"start":{"line":33,"column":19},"end":{"line":33,"column":32}},"24":{"start":{"line":36,"column":20},"end":{"line":47,"column":1}},"25":{"start":{"line":38,"column":4},"end":{"line":40,"column":5}},"26":{"start":{"line":39,"column":6},"end":{"line":39,"column":34}},"27":{"start":{"line":42,"column":4},"end":{"line":42,"column":69}},"28":{"start":{"line":49,"column":0},"end":{"line":49,"column":24}},"29":{"start":{"line":50,"column":0},"end":{"line":50,"column":27}},"30":{"start":{"line":51,"column":0},"end":{"line":51,"column":18}},"31":{"start":{"line":52,"column":0},"end":{"line":54,"column":1}},"32":{"start":{"line":53,"column":2},"end":{"line":53,"column":25}},"33":{"start":{"line":56,"column":0},"end":{"line":62,"column":3}},"34":{"start":{"line":57,"column":2},"end":{"line":61,"column":5}},"35":{"start":{"line":64,"column":0},"end":{"line":64,"column":33}},"36":{"start":{"line":65,"column":0},"end":{"line":65,"column":40}},"37":{"start":{"line":66,"column":0},"end":{"line":66,"column":70}},"38":{"start":{"line":67,"column":0},"end":{"line":67,"column":43}},"39":{"start":{"line":68,"column":0},"end":{"line":68,"column":36}},"40":{"start":{"line":69,"column":0},"end":{"line":69,"column":42}},"41":{"start":{"line":70,"column":0},"end":{"line":70,"column":43}},"42":{"start":{"line":71,"column":0},"end":{"line":71,"column":35}},"43":{"start":{"line":72,"column":0},"end":{"line":72,"column":40}},"44":{"start":{"line":73,"column":0},"end":{"line":73,"column":54}},"45":{"start":{"line":75,"column":0},"end":{"line":75,"column":18}},"46":{"start":{"line":76,"column":0},"end":{"line":76,"column":22}},"47":{"start":{"line":78,"column":0},"end":{"line":78,"column":21}}},"fnMap":{"0":{"name":"(anonymous_0)","decl":{"start":{"line":33,"column":7},"end":{"line":33,"column":8}},"loc":{"start":{"line":33,"column":19},"end":{"line":33,"column":32}},"line":33},"1":{"name":"(anonymous_1)","decl":{"start":{"line":37,"column":2},"end":{"line":37,"column":3}},"loc":{"start":{"line":37,"column":27},"end":{"line":43,"column":3}},"line":37},"2":{"name":"(anonymous_2)","decl":{"start":{"line":56,"column":13},"end":{"line":56,"column":14}},"loc":{"start":{"line":56,"column":27},"end":{"line":62,"column":1}},"line":56}},"branchMap":{"0":{"loc":{"start":{"line":25,"column":19},"end":{"line":25,"column":65}},"type":"binary-expr","locations":[{"start":{"line":25,"column":19},"end":{"line":25,"column":42}},{"start":{"line":25,"column":46},"end":{"line":25,"column":65}}],"line":25},"1":{"loc":{"start":{"line":26,"column":20},"end":{"line":26,"column":68}},"type":"binary-expr","locations":[{"start":{"line":26,"column":20},"end":{"line":26,"column":44}},{"start":{"line":26,"column":48},"end":{"line":26,"column":68}}],"line":26},"2":{"loc":{"start":{"line":27,"column":24},"end":{"line":31,"column":11}},"type":"binary-expr","locations":[{"start":{"line":27,"column":24},"end":{"line":27,"column":51}},{"start":{"line":27,"column":55},"end":{"line":31,"column":11}}],"line":27},"3":{"loc":{"start":{"line":38,"column":4},"end":{"line":40,"column":5}},"type":"if","locations":[{"start":{"line":38,"column":4},"end":{"line":40,"column":5}},{"start":{},"end":{}}],"line":38},"4":{"loc":{"start":{"line":38,"column":8},"end":{"line":38,"column":50}},"type":"binary-expr","locations":[{"start":{"line":38,"column":8},"end":{"line":38,"column":15}},{"start":{"line":38,"column":19},"end":{"line":38,"column":50}}],"line":38},"5":{"loc":{"start":{"line":52,"column":0},"end":{"line":54,"column":1}},"type":"if","locations":[{"start":{"line":52,"column":0},"end":{"line":54,"column":1}},{"start":{},"end":{}}],"line":52},"6":{"loc":{"start":{"line":52,"column":4},"end":{"line":52,"column":77}},"type":"binary-expr","locations":[{"start":{"line":52,"column":4},"end":{"line":52,"column":42}},{"start":{"line":52,"column":46},"end":{"line":52,"column":77}}],"line":52}},"s":{"0":2,"1":2,"2":2,"3":2,"4":2,"5":2,"6":2,"7":2,"8":2,"9":2,"10":2,"11":2,"12":2,"13":2,"14":2,"15":2,"16":2,"17":2,"18":2,"19":2,"20":2,"21":2,"22":2,"23":6,"24":2,"25":0,"26":0,"27":0,"28":2,"29":2,"30":2,"31":2,"32":2,"33":2,"34":0,"35":2,"36":2,"37":2,"38":2,"39":2,"40":2,"41":2,"42":2,"43":2,"44":2,"45":2,"46":2,"47":2},"f":{"0":6,"1":0,"2":0},"b":{"0":[2,0],"1":[2,0],"2":[2,0],"3":[0,0],"4":[0,0],"5":[2,0],"6":[2,2]},"_coverageSchema":"1a1c01bbd47fc00a2c39e90264f33305004495a9","hash":"590e7077731e2ec345798a227dfd677d97bba398"}
,"/Users/nighwan/ukmkemasan-erp-backend/config/cloudinary.js": {"path":"/Users/nighwan/ukmkemasan-erp-backend/config/cloudinary.js","statementMap":{"0":{"start":{"line":1,"column":19},"end":{"line":1,"column":43}},"1":{"start":{"line":5,"column":0},"end":{"line":5,"column":20}},"2":{"start":{"line":13,"column":27},"end":{"line":35,"column":1}},"3":{"start":{"line":14,"column":4},"end":{"line":34,"column":7}},"4":{"start":{"line":15,"column":23},"end":{"line":32,"column":9}},"5":{"start":{"line":26,"column":16},"end":{"line":26,"column":48}},"6":{"start":{"line":26,"column":27},"end":{"line":26,"column":48}},"7":{"start":{"line":27,"column":16},"end":{"line":30,"column":19}},"8":{"start":{"line":33,"column":8},"end":{"line":33,"column":31}},"9":{"start":{"line":41,"column":29},"end":{"line":47,"column":1}},"10":{"start":{"line":42,"column":4},"end":{"line":46,"column":5}},"11":{"start":{"line":43,"column":8},"end":{"line":43,"column":52}},"12":{"start":{"line":45,"column":8},"end":{"line":45,"column":65}},"13":{"start":{"line":49,"column":0},"end":{"line":49,"column":74}}},"fnMap":{"0":{"name":"(anonymous_0)","decl":{"start":{"line":13,"column":27},"end":{"line":13,"column":28}},"loc":{"start":{"line":13,"column":64},"end":{"line":35,"column":1}},"line":13},"1":{"name":"(anonymous_1)","decl":{"start":{"line":14,"column":23},"end":{"line":14,"column":24}},"loc":{"start":{"line":14,"column":44},"end":{"line":34,"column":5}},"line":14},"2":{"name":"(anonymous_2)","decl":{"start":{"line":25,"column":12},"end":{"line":25,"column":13}},"loc":{"start":{"line":25,"column":31},"end":{"line":31,"column":13}},"line":25},"3":{"name":"(anonymous_3)","decl":{"start":{"line":41,"column":29},"end":{"line":41,"column":30}},"loc":{"start":{"line":41,"column":49},"end":{"line":47,"column":1}},"line":41}},"branchMap":{"0":{"loc":{"start":{"line":13,"column":40},"end":{"line":13,"column":59}},"type":"default-arg","locations":[{"start":{"line":13,"column":49},"end":{"line":13,"column":59}}],"line":13},"1":{"loc":{"start":{"line":26,"column":16},"end":{"line":26,"column":48}},"type":"if","locations":[{"start":{"line":26,"column":16},"end":{"line":26,"column":48}},{"start":{},"end":{}}],"line":26}},"s":{"0":2,"1":2,"2":2,"3":0,"4":0,"5":0,"6":0,"7":0,"8":0,"9":2,"10":0,"11":0,"12":0,"13":2},"f":{"0":0,"1":0,"2":0,"3":0},"b":{"0":[0],"1":[0,0]},"_coverageSchema":"1a1c01bbd47fc00a2c39e90264f33305004495a9","hash":"6135f242560fb4e24393c4aa2a932b883869f716"}
,"/Users/nighwan/ukmkemasan-erp-backend/controllers/authController.js": {"path":"/Users/nighwan/ukmkemasan-erp-backend/controllers/authController.js","statementMap":{"0":{"start":{"line":1,"column":13},"end":{"line":1,"column":38}},"1":{"start":{"line":2,"column":12},"end":{"line":2,"column":35}},"2":{"start":{"line":4,"column":22},"end":{"line":10,"column":1}},"3":{"start":{"line":5,"column":2},"end":{"line":9,"column":4}},"4":{"start":{"line":14,"column":0},"end":{"line":37,"column":1}},"5":{"start":{"line":15,"column":42},"end":{"line":15,"column":50}},"6":{"start":{"line":18,"column":2},"end":{"line":20,"column":3}},"7":{"start":{"line":19,"column":4},"end":{"line":19,"column":76}},"8":{"start":{"line":22,"column":2},"end":{"line":36,"column":3}},"9":{"start":{"line":23,"column":23},"end":{"line":23,"column":52}},"10":{"start":{"line":24,"column":4},"end":{"line":24,"column":85}},"11":{"start":{"line":24,"column":20},"end":{"line":24,"column":85}},"12":{"start":{"line":26,"column":17},"end":{"line":26,"column":67}},"13":{"start":{"line":27,"column":4},"end":{"line":33,"column":7}},"14":{"start":{"line":35,"column":4},"end":{"line":35,"column":53}},"15":{"start":{"line":41,"column":0},"end":{"line":92,"column":2}},"16":{"start":{"line":42,"column":30},"end":{"line":42,"column":38}},"17":{"start":{"line":45,"column":2},"end":{"line":47,"column":3}},"18":{"start":{"line":46,"column":4},"end":{"line":46,"column":77}},"19":{"start":{"line":49,"column":2},"end":{"line":91,"column":3}},"20":{"start":{"line":50,"column":17},"end":{"line":50,"column":46}},"21":{"start":{"line":52,"column":4},"end":{"line":54,"column":5}},"22":{"start":{"line":53,"column":6},"end":{"line":53,"column":76}},"23":{"start":{"line":57,"column":4},"end":{"line":62,"column":5}},"24":{"start":{"line":58,"column":32},"end":{"line":58,"column":80}},"25":{"start":{"line":59,"column":6},"end":{"line":61,"column":9}},"26":{"start":{"line":65,"column":4},"end":{"line":88,"column":5}},"27":{"start":{"line":67,"column":6},"end":{"line":67,"column":29}},"28":{"start":{"line":68,"column":6},"end":{"line":68,"column":33}},"29":{"start":{"line":69,"column":6},"end":{"line":69,"column":24}},"30":{"start":{"line":71,"column":6},"end":{"line":76,"column":9}},"31":{"start":{"line":79,"column":6},"end":{"line":79,"column":57}},"32":{"start":{"line":82,"column":6},"end":{"line":84,"column":7}},"33":{"start":{"line":83,"column":8},"end":{"line":83,"column":53}},"34":{"start":{"line":86,"column":6},"end":{"line":86,"column":24}},"35":{"start":{"line":87,"column":6},"end":{"line":87,"column":69}},"36":{"start":{"line":90,"column":4},"end":{"line":90,"column":53}},"37":{"start":{"line":96,"column":0},"end":{"line":104,"column":2}},"38":{"start":{"line":97,"column":2},"end":{"line":103,"column":3}},"39":{"start":{"line":98,"column":17},"end":{"line":98,"column":70}},"40":{"start":{"line":99,"column":4},"end":{"line":99,"column":80}},"41":{"start":{"line":99,"column":15},"end":{"line":99,"column":80}},"42":{"start":{"line":100,"column":4},"end":{"line":100,"column":19}},"43":{"start":{"line":102,"column":4},"end":{"line":102,"column":53}},"44":{"start":{"line":108,"column":0},"end":{"line":130,"column":2}},"45":{"start":{"line":109,"column":2},"end":{"line":129,"column":3}},"46":{"start":{"line":110,"column":17},"end":{"line":110,"column":50}},"47":{"start":{"line":111,"column":4},"end":{"line":111,"column":80}},"48":{"start":{"line":111,"column":15},"end":{"line":111,"column":80}},"49":{"start":{"line":113,"column":4},"end":{"line":113,"column":43}},"50":{"start":{"line":114,"column":4},"end":{"line":114,"column":46}},"51":{"start":{"line":115,"column":4},"end":{"line":115,"column":46}},"52":{"start":{"line":116,"column":4},"end":{"line":116,"column":52}},"53":{"start":{"line":118,"column":24},"end":{"line":118,"column":41}},"54":{"start":{"line":119,"column":4},"end":{"line":126,"column":7}},"55":{"start":{"line":128,"column":4},"end":{"line":128,"column":53}},"56":{"start":{"line":134,"column":0},"end":{"line":158,"column":2}},"57":{"start":{"line":135,"column":43},"end":{"line":135,"column":51}},"58":{"start":{"line":137,"column":2},"end":{"line":139,"column":3}},"59":{"start":{"line":138,"column":4},"end":{"line":138,"column":81}},"60":{"start":{"line":141,"column":2},"end":{"line":143,"column":3}},"61":{"start":{"line":142,"column":4},"end":{"line":142,"column":81}},"62":{"start":{"line":145,"column":2},"end":{"line":157,"column":3}},"63":{"start":{"line":146,"column":17},"end":{"line":146,"column":50}},"64":{"start":{"line":148,"column":4},"end":{"line":150,"column":5}},"65":{"start":{"line":149,"column":6},"end":{"line":149,"column":70}},"66":{"start":{"line":152,"column":4},"end":{"line":152,"column":32}},"67":{"start":{"line":153,"column":4},"end":{"line":153,"column":22}},"68":{"start":{"line":154,"column":4},"end":{"line":154,"column":54}},"69":{"start":{"line":156,"column":4},"end":{"line":156,"column":53}}},"fnMap":{"0":{"name":"(anonymous_0)","decl":{"start":{"line":4,"column":22},"end":{"line":4,"column":23}},"loc":{"start":{"line":4,"column":32},"end":{"line":10,"column":1}},"line":4},"1":{"name":"(anonymous_1)","decl":{"start":{"line":14,"column":23},"end":{"line":14,"column":24}},"loc":{"start":{"line":14,"column":43},"end":{"line":37,"column":1}},"line":14},"2":{"name":"(anonymous_2)","decl":{"start":{"line":41,"column":20},"end":{"line":41,"column":21}},"loc":{"start":{"line":41,"column":40},"end":{"line":92,"column":1}},"line":41},"3":{"name":"(anonymous_3)","decl":{"start":{"line":96,"column":21},"end":{"line":96,"column":22}},"loc":{"start":{"line":96,"column":41},"end":{"line":104,"column":1}},"line":96},"4":{"name":"(anonymous_4)","decl":{"start":{"line":108,"column":24},"end":{"line":108,"column":25}},"loc":{"start":{"line":108,"column":44},"end":{"line":130,"column":1}},"line":108},"5":{"name":"(anonymous_5)","decl":{"start":{"line":134,"column":25},"end":{"line":134,"column":26}},"loc":{"start":{"line":134,"column":45},"end":{"line":158,"column":1}},"line":134}},"branchMap":{"0":{"loc":{"start":{"line":8,"column":17},"end":{"line":8,"column":51}},"type":"binary-expr","locations":[{"start":{"line":8,"column":17},"end":{"line":8,"column":43}},{"start":{"line":8,"column":47},"end":{"line":8,"column":51}}],"line":8},"1":{"loc":{"start":{"line":18,"column":2},"end":{"line":20,"column":3}},"type":"if","locations":[{"start":{"line":18,"column":2},"end":{"line":20,"column":3}},{"start":{},"end":{}}],"line":18},"2":{"loc":{"start":{"line":18,"column":6},"end":{"line":18,"column":34}},"type":"binary-expr","locations":[{"start":{"line":18,"column":6},"end":{"line":18,"column":11}},{"start":{"line":18,"column":15},"end":{"line":18,"column":21}},{"start":{"line":18,"column":25},"end":{"line":18,"column":34}}],"line":18},"3":{"loc":{"start":{"line":24,"column":4},"end":{"line":24,"column":85}},"type":"if","locations":[{"start":{"line":24,"column":4},"end":{"line":24,"column":85}},{"start":{},"end":{}}],"line":24},"4":{"loc":{"start":{"line":45,"column":2},"end":{"line":47,"column":3}},"type":"if","locations":[{"start":{"line":45,"column":2},"end":{"line":47,"column":3}},{"start":{},"end":{}}],"line":45},"5":{"loc":{"start":{"line":45,"column":6},"end":{"line":45,"column":25}},"type":"binary-expr","locations":[{"start":{"line":45,"column":6},"end":{"line":45,"column":12}},{"start":{"line":45,"column":16},"end":{"line":45,"column":25}}],"line":45},"6":{"loc":{"start":{"line":52,"column":4},"end":{"line":54,"column":5}},"type":"if","locations":[{"start":{"line":52,"column":4},"end":{"line":54,"column":5}},{"start":{},"end":{}}],"line":52},"7":{"loc":{"start":{"line":57,"column":4},"end":{"line":62,"column":5}},"type":"if","locations":[{"start":{"line":57,"column":4},"end":{"line":62,"column":5}},{"start":{},"end":{}}],"line":57},"8":{"loc":{"start":{"line":57,"column":8},"end":{"line":57,"column":53}},"type":"binary-expr","locations":[{"start":{"line":57,"column":8},"end":{"line":57,"column":22}},{"start":{"line":57,"column":26},"end":{"line":57,"column":53}}],"line":57},"9":{"loc":{"start":{"line":65,"column":4},"end":{"line":88,"column":5}},"type":"if","locations":[{"start":{"line":65,"column":4},"end":{"line":88,"column":5}},{"start":{"line":77,"column":11},"end":{"line":88,"column":5}}],"line":65},"10":{"loc":{"start":{"line":79,"column":28},"end":{"line":79,"column":51}},"type":"binary-expr","locations":[{"start":{"line":79,"column":28},"end":{"line":79,"column":46}},{"start":{"line":79,"column":50},"end":{"line":79,"column":51}}],"line":79},"11":{"loc":{"start":{"line":82,"column":6},"end":{"line":84,"column":7}},"type":"if","locations":[{"start":{"line":82,"column":6},"end":{"line":84,"column":7}},{"start":{},"end":{}}],"line":82},"12":{"loc":{"start":{"line":99,"column":4},"end":{"line":99,"column":80}},"type":"if","locations":[{"start":{"line":99,"column":4},"end":{"line":99,"column":80}},{"start":{},"end":{}}],"line":99},"13":{"loc":{"start":{"line":111,"column":4},"end":{"line":111,"column":80}},"type":"if","locations":[{"start":{"line":111,"column":4},"end":{"line":111,"column":80}},{"start":{},"end":{}}],"line":111},"14":{"loc":{"start":{"line":113,"column":16},"end":{"line":113,"column":42}},"type":"binary-expr","locations":[{"start":{"line":113,"column":16},"end":{"line":113,"column":29}},{"start":{"line":113,"column":33},"end":{"line":113,"column":42}}],"line":113},"15":{"loc":{"start":{"line":114,"column":17},"end":{"line":114,"column":45}},"type":"binary-expr","locations":[{"start":{"line":114,"column":17},"end":{"line":114,"column":31}},{"start":{"line":114,"column":35},"end":{"line":114,"column":45}}],"line":114},"16":{"loc":{"start":{"line":115,"column":17},"end":{"line":115,"column":45}},"type":"binary-expr","locations":[{"start":{"line":115,"column":17},"end":{"line":115,"column":31}},{"start":{"line":115,"column":35},"end":{"line":115,"column":45}}],"line":115},"17":{"loc":{"start":{"line":116,"column":19},"end":{"line":116,"column":51}},"type":"binary-expr","locations":[{"start":{"line":116,"column":19},"end":{"line":116,"column":35}},{"start":{"line":116,"column":39},"end":{"line":116,"column":51}}],"line":116},"18":{"loc":{"start":{"line":137,"column":2},"end":{"line":139,"column":3}},"type":"if","locations":[{"start":{"line":137,"column":2},"end":{"line":139,"column":3}},{"start":{},"end":{}}],"line":137},"19":{"loc":{"start":{"line":137,"column":6},"end":{"line":137,"column":38}},"type":"binary-expr","locations":[{"start":{"line":137,"column":6},"end":{"line":137,"column":22}},{"start":{"line":137,"column":26},"end":{"line":137,"column":38}}],"line":137},"20":{"loc":{"start":{"line":141,"column":2},"end":{"line":143,"column":3}},"type":"if","locations":[{"start":{"line":141,"column":2},"end":{"line":143,"column":3}},{"start":{},"end":{}}],"line":141},"21":{"loc":{"start":{"line":148,"column":4},"end":{"line":150,"column":5}},"type":"if","locations":[{"start":{"line":148,"column":4},"end":{"line":150,"column":5}},{"start":{},"end":{}}],"line":148}},"s":{"0":2,"1":2,"2":2,"3":0,"4":2,"5":0,"6":0,"7":0,"8":0,"9":0,"10":0,"11":0,"12":0,"13":0,"14":0,"15":2,"16":0,"17":0,"18":0,"19":0,"20":0,"21":0,"22":0,"23":0,"24":0,"25":0,"26":0,"27":0,"28":0,"29":0,"30":0,"31":0,"32":0,"33":0,"34":0,"35":0,"36":0,"37":2,"38":0,"39":0,"40":0,"41":0,"42":0,"43":0,"44":2,"45":0,"46":0,"47":0,"48":0,"49":0,"50":0,"51":0,"52":0,"53":0,"54":0,"55":0,"56":2,"57":0,"58":0,"59":0,"60":0,"61":0,"62":0,"63":0,"64":0,"65":0,"66":0,"67":0,"68":0,"69":0},"f":{"0":0,"1":0,"2":0,"3":0,"4":0,"5":0},"b":{"0":[0,0],"1":[0,0],"2":[0,0,0],"3":[0,0],"4":[0,0],"5":[0,0],"6":[0,0],"7":[0,0],"8":[0,0],"9":[0,0],"10":[0,0],"11":[0,0],"12":[0,0],"13":[0,0],"14":[0,0],"15":[0,0],"16":[0,0],"17":[0,0],"18":[0,0],"19":[0,0],"20":[0,0],"21":[0,0]},"_coverageSchema":"1a1c01bbd47fc00a2c39e90264f33305004495a9","hash":"fc66fb8edd1d9e818eb031be09461780d09b2d47"}
,"/Users/nighwan/ukmkemasan-erp-backend/controllers/customerController.js": {"path":"/Users/nighwan/ukmkemasan-erp-backend/controllers/customerController.js","statementMap":{"0":{"start":{"line":1,"column":13},"end":{"line":1,"column":38}},"1":{"start":{"line":2,"column":13},"end":{"line":2,"column":28}},"2":{"start":{"line":6,"column":0},"end":{"line":14,"column":2}},"3":{"start":{"line":7,"column":4},"end":{"line":13,"column":5}},"4":{"start":{"line":9,"column":26},"end":{"line":9,"column":83}},"5":{"start":{"line":10,"column":8},"end":{"line":10,"column":28}},"6":{"start":{"line":12,"column":8},"end":{"line":12,"column":57}},"7":{"start":{"line":18,"column":0},"end":{"line":41,"column":2}},"8":{"start":{"line":19,"column":4},"end":{"line":40,"column":5}},"9":{"start":{"line":20,"column":26},"end":{"line":20,"column":83}},"10":{"start":{"line":22,"column":21},"end":{"line":27,"column":11}},"11":{"start":{"line":22,"column":41},"end":{"line":27,"column":9}},"12":{"start":{"line":29,"column":26},"end":{"line":29,"column":56}},"13":{"start":{"line":30,"column":25},"end":{"line":30,"column":46}},"14":{"start":{"line":31,"column":8},"end":{"line":31,"column":71}},"15":{"start":{"line":33,"column":23},"end":{"line":33,"column":81}},"16":{"start":{"line":35,"column":8},"end":{"line":35,"column":107}},"17":{"start":{"line":36,"column":8},"end":{"line":36,"column":91}},"18":{"start":{"line":37,"column":8},"end":{"line":37,"column":25}},"19":{"start":{"line":39,"column":8},"end":{"line":39,"column":57}}},"fnMap":{"0":{"name":"(anonymous_0)","decl":{"start":{"line":6,"column":23},"end":{"line":6,"column":24}},"loc":{"start":{"line":6,"column":43},"end":{"line":14,"column":1}},"line":6},"1":{"name":"(anonymous_1)","decl":{"start":{"line":18,"column":26},"end":{"line":18,"column":27}},"loc":{"start":{"line":18,"column":46},"end":{"line":41,"column":1}},"line":18},"2":{"name":"(anonymous_2)","decl":{"start":{"line":22,"column":35},"end":{"line":22,"column":36}},"loc":{"start":{"line":22,"column":41},"end":{"line":27,"column":9}},"line":22}},"branchMap":{"0":{"loc":{"start":{"line":26,"column":26},"end":{"line":26,"column":87}},"type":"cond-expr","locations":[{"start":{"line":26,"column":40},"end":{"line":26,"column":79}},{"start":{"line":26,"column":82},"end":{"line":26,"column":87}}],"line":26}},"s":{"0":2,"1":2,"2":2,"3":0,"4":0,"5":0,"6":0,"7":2,"8":0,"9":0,"10":0,"11":0,"12":0,"13":0,"14":0,"15":0,"16":0,"17":0,"18":0,"19":0},"f":{"0":0,"1":0,"2":0},"b":{"0":[0,0]},"_coverageSchema":"1a1c01bbd47fc00a2c39e90264f33305004495a9","hash":"320a601e26d8c8f962ea070a406dc24020c80c0f"}
,"/Users/nighwan/ukmkemasan-erp-backend/controllers/dashboardController.js": {"path":"/Users/nighwan/ukmkemasan-erp-backend/controllers/dashboardController.js","statementMap":{"0":{"start":{"line":1,"column":14},"end":{"line":1,"column":40}},"1":{"start":{"line":2,"column":16},"end":{"line":2,"column":44}},"2":{"start":{"line":3,"column":13},"end":{"line":3,"column":38}},"3":{"start":{"line":7,"column":0},"end":{"line":70,"column":2}},"4":{"start":{"line":8,"column":2},"end":{"line":69,"column":3}},"5":{"start":{"line":9,"column":18},"end":{"line":48,"column":6}},"6":{"start":{"line":51,"column":23},"end":{"line":58,"column":6}},"7":{"start":{"line":60,"column":4},"end":{"line":66,"column":7}},"8":{"start":{"line":63,"column":40},"end":{"line":63,"column":54}},"9":{"start":{"line":64,"column":43},"end":{"line":64,"column":58}},"10":{"start":{"line":68,"column":4},"end":{"line":68,"column":53}},"11":{"start":{"line":72,"column":0},"end":{"line":149,"column":2}},"12":{"start":{"line":73,"column":2},"end":{"line":148,"column":3}},"13":{"start":{"line":75,"column":24},"end":{"line":75,"column":52}},"14":{"start":{"line":76,"column":27},"end":{"line":76,"column":74}},"15":{"start":{"line":79,"column":22},"end":{"line":82,"column":6}},"16":{"start":{"line":85,"column":29},"end":{"line":87,"column":6}},"17":{"start":{"line":90,"column":24},"end":{"line":135,"column":6}},"18":{"start":{"line":137,"column":4},"end":{"line":145,"column":7}},"19":{"start":{"line":147,"column":4},"end":{"line":147,"column":53}}},"fnMap":{"0":{"name":"(anonymous_0)","decl":{"start":{"line":7,"column":31},"end":{"line":7,"column":32}},"loc":{"start":{"line":7,"column":51},"end":{"line":70,"column":1}},"line":7},"1":{"name":"(anonymous_1)","decl":{"start":{"line":63,"column":35},"end":{"line":63,"column":36}},"loc":{"start":{"line":63,"column":40},"end":{"line":63,"column":54}},"line":63},"2":{"name":"(anonymous_2)","decl":{"start":{"line":64,"column":38},"end":{"line":64,"column":39}},"loc":{"start":{"line":64,"column":43},"end":{"line":64,"column":58}},"line":64},"3":{"name":"(anonymous_3)","decl":{"start":{"line":72,"column":24},"end":{"line":72,"column":25}},"loc":{"start":{"line":72,"column":44},"end":{"line":149,"column":1}},"line":72}},"branchMap":{"0":{"loc":{"start":{"line":63,"column":19},"end":{"line":63,"column":67}},"type":"binary-expr","locations":[{"start":{"line":63,"column":19},"end":{"line":63,"column":62}},{"start":{"line":63,"column":66},"end":{"line":63,"column":67}}],"line":63},"1":{"loc":{"start":{"line":64,"column":22},"end":{"line":64,"column":71}},"type":"binary-expr","locations":[{"start":{"line":64,"column":22},"end":{"line":64,"column":66}},{"start":{"line":64,"column":70},"end":{"line":64,"column":71}}],"line":64},"2":{"loc":{"start":{"line":139,"column":22},"end":{"line":139,"column":74}},"type":"cond-expr","locations":[{"start":{"line":139,"column":45},"end":{"line":139,"column":70}},{"start":{"line":139,"column":73},"end":{"line":139,"column":74}}],"line":139}},"s":{"0":2,"1":2,"2":2,"3":2,"4":0,"5":0,"6":0,"7":0,"8":0,"9":0,"10":0,"11":2,"12":0,"13":0,"14":0,"15":0,"16":0,"17":0,"18":0,"19":0},"f":{"0":0,"1":0,"2":0,"3":0},"b":{"0":[0,0],"1":[0,0],"2":[0,0]},"_coverageSchema":"1a1c01bbd47fc00a2c39e90264f33305004495a9","hash":"d137b659901c88bf74a198582e6d80e1f2cbaf3e"}
,"/Users/nighwan/ukmkemasan-erp-backend/controllers/inventoryController.js": {"path":"/Users/nighwan/ukmkemasan-erp-backend/controllers/inventoryController.js","statementMap":{"0":{"start":{"line":1,"column":18},"end":{"line":1,"column":48}},"1":{"start":{"line":2,"column":28},"end":{"line":2,"column":68}},"2":{"start":{"line":3,"column":18},"end":{"line":3,"column":48}},"3":{"start":{"line":4,"column":16},"end":{"line":4,"column":44}},"4":{"start":{"line":6,"column":29},"end":{"line":14,"column":1}},"5":{"start":{"line":7,"column":2},"end":{"line":7,"column":28}},"6":{"start":{"line":7,"column":16},"end":{"line":7,"column":28}},"7":{"start":{"line":9,"column":2},"end":{"line":13,"column":4}},"8":{"start":{"line":16,"column":26},"end":{"line":22,"column":1}},"9":{"start":{"line":17,"column":17},"end":{"line":19,"column":20}},"10":{"start":{"line":18,"column":20},"end":{"line":18,"column":46}},"11":{"start":{"line":21,"column":2},"end":{"line":21,"column":28}},"12":{"start":{"line":24,"column":40},"end":{"line":49,"column":1}},"13":{"start":{"line":25,"column":19},"end":{"line":25,"column":75}},"14":{"start":{"line":27,"column":2},"end":{"line":48,"column":4}},"15":{"start":{"line":35,"column":22},"end":{"line":35,"column":48}},"16":{"start":{"line":38,"column":41},"end":{"line":47,"column":5}},"17":{"start":{"line":53,"column":0},"end":{"line":77,"column":2}},"18":{"start":{"line":54,"column":2},"end":{"line":76,"column":3}},"19":{"start":{"line":55,"column":19},"end":{"line":55,"column":21}},"20":{"start":{"line":57,"column":4},"end":{"line":67,"column":5}},"21":{"start":{"line":58,"column":6},"end":{"line":66,"column":8}},"22":{"start":{"line":69,"column":21},"end":{"line":71,"column":63}},"23":{"start":{"line":73,"column":4},"end":{"line":73,"column":60}},"24":{"start":{"line":75,"column":4},"end":{"line":75,"column":53}},"25":{"start":{"line":81,"column":0},"end":{"line":102,"column":2}},"26":{"start":{"line":82,"column":2},"end":{"line":101,"column":3}},"27":{"start":{"line":83,"column":19},"end":{"line":83,"column":21}},"28":{"start":{"line":85,"column":4},"end":{"line":87,"column":5}},"29":{"start":{"line":86,"column":6},"end":{"line":86,"column":35}},"30":{"start":{"line":89,"column":4},"end":{"line":91,"column":5}},"31":{"start":{"line":90,"column":6},"end":{"line":90,"column":29}},"32":{"start":{"line":93,"column":4},"end":{"line":95,"column":5}},"33":{"start":{"line":94,"column":6},"end":{"line":94,"column":30}},"34":{"start":{"line":97,"column":23},"end":{"line":97,"column":78}},"35":{"start":{"line":98,"column":4},"end":{"line":98,"column":25}},"36":{"start":{"line":100,"column":4},"end":{"line":100,"column":53}},"37":{"start":{"line":106,"column":0},"end":{"line":130,"column":2}},"38":{"start":{"line":107,"column":2},"end":{"line":129,"column":3}},"39":{"start":{"line":108,"column":68},"end":{"line":108,"column":76}},"40":{"start":{"line":110,"column":4},"end":{"line":112,"column":5}},"41":{"start":{"line":111,"column":6},"end":{"line":111,"column":74}},"42":{"start":{"line":114,"column":22},"end":{"line":114,"column":74}},"43":{"start":{"line":115,"column":4},"end":{"line":117,"column":5}},"44":{"start":{"line":116,"column":6},"end":{"line":116,"column":98}},"45":{"start":{"line":119,"column":22},"end":{"line":124,"column":6}},"46":{"start":{"line":126,"column":4},"end":{"line":126,"column":36}},"47":{"start":{"line":128,"column":4},"end":{"line":128,"column":53}},"48":{"start":{"line":134,"column":0},"end":{"line":167,"column":2}},"49":{"start":{"line":135,"column":2},"end":{"line":166,"column":3}},"50":{"start":{"line":136,"column":22},"end":{"line":136,"column":61}},"51":{"start":{"line":137,"column":4},"end":{"line":139,"column":5}},"52":{"start":{"line":138,"column":6},"end":{"line":138,"column":73}},"53":{"start":{"line":141,"column":21},"end":{"line":141,"column":60}},"54":{"start":{"line":142,"column":21},"end":{"line":142,"column":52}},"55":{"start":{"line":144,"column":22},"end":{"line":148,"column":6}},"56":{"start":{"line":150,"column":4},"end":{"line":152,"column":5}},"57":{"start":{"line":151,"column":6},"end":{"line":151,"column":98}},"58":{"start":{"line":154,"column":4},"end":{"line":154,"column":30}},"59":{"start":{"line":155,"column":4},"end":{"line":155,"column":75}},"60":{"start":{"line":156,"column":4},"end":{"line":156,"column":30}},"61":{"start":{"line":158,"column":4},"end":{"line":160,"column":5}},"62":{"start":{"line":159,"column":6},"end":{"line":159,"column":45}},"63":{"start":{"line":162,"column":29},"end":{"line":162,"column":51}},"64":{"start":{"line":163,"column":4},"end":{"line":163,"column":31}},"65":{"start":{"line":165,"column":4},"end":{"line":165,"column":53}},"66":{"start":{"line":171,"column":0},"end":{"line":194,"column":2}},"67":{"start":{"line":172,"column":2},"end":{"line":193,"column":3}},"68":{"start":{"line":173,"column":22},"end":{"line":173,"column":61}},"69":{"start":{"line":174,"column":4},"end":{"line":176,"column":5}},"70":{"start":{"line":175,"column":6},"end":{"line":175,"column":73}},"71":{"start":{"line":178,"column":46},"end":{"line":181,"column":6}},"72":{"start":{"line":183,"column":4},"end":{"line":187,"column":5}},"73":{"start":{"line":184,"column":6},"end":{"line":186,"column":9}},"74":{"start":{"line":189,"column":4},"end":{"line":189,"column":32}},"75":{"start":{"line":190,"column":4},"end":{"line":190,"column":53}},"76":{"start":{"line":192,"column":4},"end":{"line":192,"column":53}},"77":{"start":{"line":198,"column":0},"end":{"line":304,"column":2}},"78":{"start":{"line":199,"column":72},"end":{"line":199,"column":80}},"79":{"start":{"line":200,"column":14},"end":{"line":200,"column":30}},"80":{"start":{"line":202,"column":2},"end":{"line":303,"column":3}},"81":{"start":{"line":203,"column":33},"end":{"line":206,"column":6}},"82":{"start":{"line":208,"column":4},"end":{"line":208,"column":80}},"83":{"start":{"line":208,"column":18},"end":{"line":208,"column":80}},"84":{"start":{"line":209,"column":4},"end":{"line":209,"column":84}},"85":{"start":{"line":209,"column":20},"end":{"line":209,"column":84}},"86":{"start":{"line":210,"column":4},"end":{"line":212,"column":5}},"87":{"start":{"line":211,"column":6},"end":{"line":211,"column":103}},"88":{"start":{"line":213,"column":4},"end":{"line":215,"column":5}},"89":{"start":{"line":214,"column":6},"end":{"line":214,"column":78}},"90":{"start":{"line":216,"column":4},"end":{"line":218,"column":5}},"91":{"start":{"line":217,"column":6},"end":{"line":217,"column":93}},"92":{"start":{"line":219,"column":4},"end":{"line":221,"column":5}},"93":{"start":{"line":220,"column":6},"end":{"line":220,"column":80}},"94":{"start":{"line":223,"column":24},"end":{"line":223,"column":86}},"95":{"start":{"line":224,"column":28},"end":{"line":226,"column":83}},"96":{"start":{"line":228,"column":4},"end":{"line":230,"column":5}},"97":{"start":{"line":229,"column":6},"end":{"line":229,"column":80}},"98":{"start":{"line":232,"column":4},"end":{"line":234,"column":5}},"99":{"start":{"line":233,"column":6},"end":{"line":233,"column":86}},"100":{"start":{"line":236,"column":27},"end":{"line":238,"column":33}},"101":{"start":{"line":240,"column":4},"end":{"line":244,"column":5}},"102":{"start":{"line":241,"column":6},"end":{"line":243,"column":9}},"103":{"start":{"line":246,"column":19},"end":{"line":246,"column":45}},"104":{"start":{"line":247,"column":28},"end":{"line":247,"column":65}},"105":{"start":{"line":250,"column":23},"end":{"line":259,"column":6}},"106":{"start":{"line":262,"column":4},"end":{"line":266,"column":5}},"107":{"start":{"line":263,"column":6},"end":{"line":263,"column":81}},"108":{"start":{"line":265,"column":6},"end":{"line":265,"column":75}},"109":{"start":{"line":268,"column":4},"end":{"line":268,"column":25}},"110":{"start":{"line":271,"column":24},"end":{"line":271,"column":138}},"111":{"start":{"line":272,"column":4},"end":{"line":283,"column":7}},"112":{"start":{"line":285,"column":30},"end":{"line":287,"column":41}},"113":{"start":{"line":289,"column":4},"end":{"line":300,"column":7}},"114":{"start":{"line":302,"column":4},"end":{"line":302,"column":53}},"115":{"start":{"line":308,"column":0},"end":{"line":324,"column":2}},"116":{"start":{"line":309,"column":2},"end":{"line":323,"column":3}},"117":{"start":{"line":310,"column":19},"end":{"line":310,"column":52}},"118":{"start":{"line":312,"column":4},"end":{"line":314,"column":5}},"119":{"start":{"line":313,"column":6},"end":{"line":313,"column":45}},"120":{"start":{"line":316,"column":18},"end":{"line":319,"column":30}},"121":{"start":{"line":320,"column":4},"end":{"line":320,"column":20}},"122":{"start":{"line":322,"column":4},"end":{"line":322,"column":53}}},"fnMap":{"0":{"name":"(anonymous_0)","decl":{"start":{"line":6,"column":29},"end":{"line":6,"column":30}},"loc":{"start":{"line":6,"column":49},"end":{"line":14,"column":1}},"line":6},"1":{"name":"(anonymous_1)","decl":{"start":{"line":16,"column":26},"end":{"line":16,"column":27}},"loc":{"start":{"line":16,"column":62},"end":{"line":22,"column":1}},"line":16},"2":{"name":"(anonymous_2)","decl":{"start":{"line":18,"column":9},"end":{"line":18,"column":10}},"loc":{"start":{"line":18,"column":20},"end":{"line":18,"column":46}},"line":18},"3":{"name":"(anonymous_3)","decl":{"start":{"line":24,"column":40},"end":{"line":24,"column":41}},"loc":{"start":{"line":24,"column":53},"end":{"line":49,"column":1}},"line":24},"4":{"name":"(anonymous_4)","decl":{"start":{"line":35,"column":11},"end":{"line":35,"column":12}},"loc":{"start":{"line":35,"column":22},"end":{"line":35,"column":48}},"line":35},"5":{"name":"(anonymous_5)","decl":{"start":{"line":38,"column":27},"end":{"line":38,"column":28}},"loc":{"start":{"line":38,"column":41},"end":{"line":47,"column":5}},"line":38},"6":{"name":"(anonymous_6)","decl":{"start":{"line":53,"column":37},"end":{"line":53,"column":38}},"loc":{"start":{"line":53,"column":57},"end":{"line":77,"column":1}},"line":53},"7":{"name":"(anonymous_7)","decl":{"start":{"line":81,"column":24},"end":{"line":81,"column":25}},"loc":{"start":{"line":81,"column":44},"end":{"line":102,"column":1}},"line":81},"8":{"name":"(anonymous_8)","decl":{"start":{"line":106,"column":26},"end":{"line":106,"column":27}},"loc":{"start":{"line":106,"column":46},"end":{"line":130,"column":1}},"line":106},"9":{"name":"(anonymous_9)","decl":{"start":{"line":134,"column":26},"end":{"line":134,"column":27}},"loc":{"start":{"line":134,"column":46},"end":{"line":167,"column":1}},"line":134},"10":{"name":"(anonymous_10)","decl":{"start":{"line":171,"column":26},"end":{"line":171,"column":27}},"loc":{"start":{"line":171,"column":46},"end":{"line":194,"column":1}},"line":171},"11":{"name":"(anonymous_11)","decl":{"start":{"line":198,"column":27},"end":{"line":198,"column":28}},"loc":{"start":{"line":198,"column":47},"end":{"line":304,"column":1}},"line":198},"12":{"name":"(anonymous_12)","decl":{"start":{"line":308,"column":24},"end":{"line":308,"column":25}},"loc":{"start":{"line":308,"column":44},"end":{"line":324,"column":1}},"line":308}},"branchMap":{"0":{"loc":{"start":{"line":6,"column":30},"end":{"line":6,"column":44}},"type":"default-arg","locations":[{"start":{"line":6,"column":40},"end":{"line":6,"column":44}}],"line":6},"1":{"loc":{"start":{"line":7,"column":2},"end":{"line":7,"column":28}},"type":"if","locations":[{"start":{"line":7,"column":2},"end":{"line":7,"column":28}},{"start":{},"end":{}}],"line":7},"2":{"loc":{"start":{"line":10,"column":9},"end":{"line":10,"column":26}},"type":"binary-expr","locations":[{"start":{"line":10,"column":9},"end":{"line":10,"column":20}},{"start":{"line":10,"column":24},"end":{"line":10,"column":26}}],"line":10},"3":{"loc":{"start":{"line":11,"column":11},"end":{"line":11,"column":30}},"type":"binary-expr","locations":[{"start":{"line":11,"column":11},"end":{"line":11,"column":24}},{"start":{"line":11,"column":28},"end":{"line":11,"column":30}}],"line":11},"4":{"loc":{"start":{"line":12,"column":10},"end":{"line":12,"column":28}},"type":"binary-expr","locations":[{"start":{"line":12,"column":10},"end":{"line":12,"column":22}},{"start":{"line":12,"column":26},"end":{"line":12,"column":28}}],"line":12},"5":{"loc":{"start":{"line":16,"column":27},"end":{"line":16,"column":39}},"type":"default-arg","locations":[{"start":{"line":16,"column":37},"end":{"line":16,"column":39}}],"line":16},"6":{"loc":{"start":{"line":16,"column":41},"end":{"line":16,"column":57}},"type":"default-arg","locations":[{"start":{"line":16,"column":55},"end":{"line":16,"column":57}}],"line":16},"7":{"loc":{"start":{"line":17,"column":47},"end":{"line":17,"column":73}},"type":"binary-expr","locations":[{"start":{"line":17,"column":47},"end":{"line":17,"column":58}},{"start":{"line":17,"column":62},"end":{"line":17,"column":73}}],"line":17},"8":{"loc":{"start":{"line":18,"column":27},"end":{"line":18,"column":38}},"type":"binary-expr","locations":[{"start":{"line":18,"column":27},"end":{"line":18,"column":32}},{"start":{"line":18,"column":36},"end":{"line":18,"column":38}}],"line":18},"9":{"loc":{"start":{"line":25,"column":19},"end":{"line":25,"column":75}},"type":"cond-expr","locations":[{"start":{"line":25,"column":54},"end":{"line":25,"column":70}},{"start":{"line":25,"column":73},"end":{"line":25,"column":75}}],"line":25},"10":{"loc":{"start":{"line":33,"column":16},"end":{"line":33,"column":39}},"type":"binary-expr","locations":[{"start":{"line":33,"column":16},"end":{"line":33,"column":34}},{"start":{"line":33,"column":38},"end":{"line":33,"column":39}}],"line":33},"11":{"loc":{"start":{"line":35,"column":29},"end":{"line":35,"column":40}},"type":"binary-expr","locations":[{"start":{"line":35,"column":29},"end":{"line":35,"column":34}},{"start":{"line":35,"column":38},"end":{"line":35,"column":40}}],"line":35},"12":{"loc":{"start":{"line":43,"column":13},"end":{"line":43,"column":31}},"type":"binary-expr","locations":[{"start":{"line":43,"column":13},"end":{"line":43,"column":26}},{"start":{"line":43,"column":30},"end":{"line":43,"column":31}}],"line":43},"13":{"loc":{"start":{"line":44,"column":16},"end":{"line":44,"column":37}},"type":"binary-expr","locations":[{"start":{"line":44,"column":16},"end":{"line":44,"column":32}},{"start":{"line":44,"column":36},"end":{"line":44,"column":37}}],"line":44},"14":{"loc":{"start":{"line":45,"column":16},"end":{"line":45,"column":37}},"type":"binary-expr","locations":[{"start":{"line":45,"column":16},"end":{"line":45,"column":32}},{"start":{"line":45,"column":36},"end":{"line":45,"column":37}}],"line":45},"15":{"loc":{"start":{"line":57,"column":4},"end":{"line":67,"column":5}},"type":"if","locations":[{"start":{"line":57,"column":4},"end":{"line":67,"column":5}},{"start":{},"end":{}}],"line":57},"16":{"loc":{"start":{"line":85,"column":4},"end":{"line":87,"column":5}},"type":"if","locations":[{"start":{"line":85,"column":4},"end":{"line":87,"column":5}},{"start":{},"end":{}}],"line":85},"17":{"loc":{"start":{"line":89,"column":4},"end":{"line":91,"column":5}},"type":"if","locations":[{"start":{"line":89,"column":4},"end":{"line":91,"column":5}},{"start":{},"end":{}}],"line":89},"18":{"loc":{"start":{"line":93,"column":4},"end":{"line":95,"column":5}},"type":"if","locations":[{"start":{"line":93,"column":4},"end":{"line":95,"column":5}},{"start":{},"end":{}}],"line":93},"19":{"loc":{"start":{"line":108,"column":18},"end":{"line":108,"column":31}},"type":"default-arg","locations":[{"start":{"line":108,"column":29},"end":{"line":108,"column":31}}],"line":108},"20":{"loc":{"start":{"line":108,"column":33},"end":{"line":108,"column":46}},"type":"default-arg","locations":[{"start":{"line":108,"column":40},"end":{"line":108,"column":46}}],"line":108},"21":{"loc":{"start":{"line":108,"column":48},"end":{"line":108,"column":63}},"type":"default-arg","locations":[{"start":{"line":108,"column":59},"end":{"line":108,"column":63}}],"line":108},"22":{"loc":{"start":{"line":110,"column":4},"end":{"line":112,"column":5}},"type":"if","locations":[{"start":{"line":110,"column":4},"end":{"line":112,"column":5}},{"start":{},"end":{}}],"line":110},"23":{"loc":{"start":{"line":110,"column":8},"end":{"line":110,"column":29}},"type":"binary-expr","locations":[{"start":{"line":110,"column":8},"end":{"line":110,"column":13}},{"start":{"line":110,"column":17},"end":{"line":110,"column":29}}],"line":110},"24":{"loc":{"start":{"line":115,"column":4},"end":{"line":117,"column":5}},"type":"if","locations":[{"start":{"line":115,"column":4},"end":{"line":117,"column":5}},{"start":{},"end":{}}],"line":115},"25":{"loc":{"start":{"line":137,"column":4},"end":{"line":139,"column":5}},"type":"if","locations":[{"start":{"line":137,"column":4},"end":{"line":139,"column":5}},{"start":{},"end":{}}],"line":137},"26":{"loc":{"start":{"line":141,"column":21},"end":{"line":141,"column":60}},"type":"binary-expr","locations":[{"start":{"line":141,"column":21},"end":{"line":141,"column":42}},{"start":{"line":141,"column":46},"end":{"line":141,"column":60}}],"line":141},"27":{"loc":{"start":{"line":142,"column":21},"end":{"line":142,"column":52}},"type":"binary-expr","locations":[{"start":{"line":142,"column":21},"end":{"line":142,"column":34}},{"start":{"line":142,"column":38},"end":{"line":142,"column":52}}],"line":142},"28":{"loc":{"start":{"line":150,"column":4},"end":{"line":152,"column":5}},"type":"if","locations":[{"start":{"line":150,"column":4},"end":{"line":152,"column":5}},{"start":{},"end":{}}],"line":150},"29":{"loc":{"start":{"line":155,"column":25},"end":{"line":155,"column":74}},"type":"binary-expr","locations":[{"start":{"line":155,"column":25},"end":{"line":155,"column":52}},{"start":{"line":155,"column":56},"end":{"line":155,"column":74}}],"line":155},"30":{"loc":{"start":{"line":158,"column":4},"end":{"line":160,"column":5}},"type":"if","locations":[{"start":{"line":158,"column":4},"end":{"line":160,"column":5}},{"start":{},"end":{}}],"line":158},"31":{"loc":{"start":{"line":174,"column":4},"end":{"line":176,"column":5}},"type":"if","locations":[{"start":{"line":174,"column":4},"end":{"line":176,"column":5}},{"start":{},"end":{}}],"line":174},"32":{"loc":{"start":{"line":183,"column":4},"end":{"line":187,"column":5}},"type":"if","locations":[{"start":{"line":183,"column":4},"end":{"line":187,"column":5}},{"start":{},"end":{}}],"line":183},"33":{"loc":{"start":{"line":183,"column":8},"end":{"line":183,"column":49}},"type":"binary-expr","locations":[{"start":{"line":183,"column":8},"end":{"line":183,"column":27}},{"start":{"line":183,"column":31},"end":{"line":183,"column":49}}],"line":183},"34":{"loc":{"start":{"line":208,"column":4},"end":{"line":208,"column":80}},"type":"if","locations":[{"start":{"line":208,"column":4},"end":{"line":208,"column":80}},{"start":{},"end":{}}],"line":208},"35":{"loc":{"start":{"line":209,"column":4},"end":{"line":209,"column":84}},"type":"if","locations":[{"start":{"line":209,"column":4},"end":{"line":209,"column":84}},{"start":{},"end":{}}],"line":209},"36":{"loc":{"start":{"line":210,"column":4},"end":{"line":212,"column":5}},"type":"if","locations":[{"start":{"line":210,"column":4},"end":{"line":212,"column":5}},{"start":{},"end":{}}],"line":210},"37":{"loc":{"start":{"line":213,"column":4},"end":{"line":215,"column":5}},"type":"if","locations":[{"start":{"line":213,"column":4},"end":{"line":215,"column":5}},{"start":{},"end":{}}],"line":213},"38":{"loc":{"start":{"line":216,"column":4},"end":{"line":218,"column":5}},"type":"if","locations":[{"start":{"line":216,"column":4},"end":{"line":218,"column":5}},{"start":{},"end":{}}],"line":216},"39":{"loc":{"start":{"line":216,"column":8},"end":{"line":216,"column":41}},"type":"binary-expr","locations":[{"start":{"line":216,"column":8},"end":{"line":216,"column":29}},{"start":{"line":216,"column":33},"end":{"line":216,"column":41}}],"line":216},"40":{"loc":{"start":{"line":219,"column":4},"end":{"line":221,"column":5}},"type":"if","locations":[{"start":{"line":219,"column":4},"end":{"line":221,"column":5}},{"start":{},"end":{}}],"line":219},"41":{"loc":{"start":{"line":219,"column":8},"end":{"line":219,"column":41}},"type":"binary-expr","locations":[{"start":{"line":219,"column":8},"end":{"line":219,"column":15}},{"start":{"line":219,"column":19},"end":{"line":219,"column":41}}],"line":219},"42":{"loc":{"start":{"line":223,"column":24},"end":{"line":223,"column":86}},"type":"binary-expr","locations":[{"start":{"line":223,"column":24},"end":{"line":223,"column":55}},{"start":{"line":223,"column":59},"end":{"line":223,"column":86}}],"line":223},"43":{"loc":{"start":{"line":224,"column":28},"end":{"line":226,"column":83}},"type":"cond-expr","locations":[{"start":{"line":225,"column":8},"end":{"line":225,"column":39}},{"start":{"line":226,"column":9},"end":{"line":226,"column":82}}],"line":224},"44":{"loc":{"start":{"line":226,"column":9},"end":{"line":226,"column":82}},"type":"cond-expr","locations":[{"start":{"line":226,"column":56},"end":{"line":226,"column":75}},{"start":{"line":226,"column":78},"end":{"line":226,"column":82}}],"line":226},"45":{"loc":{"start":{"line":226,"column":9},"end":{"line":226,"column":53}},"type":"binary-expr","locations":[{"start":{"line":226,"column":9},"end":{"line":226,"column":20}},{"start":{"line":226,"column":24},"end":{"line":226,"column":53}}],"line":226},"46":{"loc":{"start":{"line":228,"column":4},"end":{"line":230,"column":5}},"type":"if","locations":[{"start":{"line":228,"column":4},"end":{"line":230,"column":5}},{"start":{},"end":{}}],"line":228},"47":{"loc":{"start":{"line":228,"column":8},"end":{"line":228,"column":37}},"type":"binary-expr","locations":[{"start":{"line":228,"column":8},"end":{"line":228,"column":17}},{"start":{"line":228,"column":21},"end":{"line":228,"column":37}}],"line":228},"48":{"loc":{"start":{"line":232,"column":4},"end":{"line":234,"column":5}},"type":"if","locations":[{"start":{"line":232,"column":4},"end":{"line":234,"column":5}},{"start":{},"end":{}}],"line":232},"49":{"loc":{"start":{"line":232,"column":8},"end":{"line":232,"column":64}},"type":"binary-expr","locations":[{"start":{"line":232,"column":8},"end":{"line":232,"column":18}},{"start":{"line":232,"column":22},"end":{"line":232,"column":33}},{"start":{"line":232,"column":37},"end":{"line":232,"column":64}}],"line":232},"50":{"loc":{"start":{"line":236,"column":27},"end":{"line":238,"column":33}},"type":"cond-expr","locations":[{"start":{"line":237,"column":9},"end":{"line":237,"column":35}},{"start":{"line":238,"column":9},"end":{"line":238,"column":32}}],"line":236},"51":{"loc":{"start":{"line":237,"column":9},"end":{"line":237,"column":35}},"type":"binary-expr","locations":[{"start":{"line":237,"column":9},"end":{"line":237,"column":30}},{"start":{"line":237,"column":34},"end":{"line":237,"column":35}}],"line":237},"52":{"loc":{"start":{"line":238,"column":9},"end":{"line":238,"column":32}},"type":"binary-expr","locations":[{"start":{"line":238,"column":9},"end":{"line":238,"column":27}},{"start":{"line":238,"column":31},"end":{"line":238,"column":32}}],"line":238},"53":{"loc":{"start":{"line":240,"column":4},"end":{"line":244,"column":5}},"type":"if","locations":[{"start":{"line":240,"column":4},"end":{"line":244,"column":5}},{"start":{},"end":{}}],"line":240},"54":{"loc":{"start":{"line":240,"column":8},"end":{"line":240,"column":46}},"type":"binary-expr","locations":[{"start":{"line":240,"column":8},"end":{"line":240,"column":22}},{"start":{"line":240,"column":26},"end":{"line":240,"column":46}}],"line":240},"55":{"loc":{"start":{"line":246,"column":19},"end":{"line":246,"column":45}},"type":"cond-expr","locations":[{"start":{"line":246,"column":35},"end":{"line":246,"column":38}},{"start":{"line":246,"column":41},"end":{"line":246,"column":45}}],"line":246},"56":{"loc":{"start":{"line":262,"column":4},"end":{"line":266,"column":5}},"type":"if","locations":[{"start":{"line":262,"column":4},"end":{"line":266,"column":5}},{"start":{"line":264,"column":11},"end":{"line":266,"column":5}}],"line":262},"57":{"loc":{"start":{"line":263,"column":43},"end":{"line":263,"column":69}},"type":"binary-expr","locations":[{"start":{"line":263,"column":43},"end":{"line":263,"column":64}},{"start":{"line":263,"column":68},"end":{"line":263,"column":69}}],"line":263},"58":{"loc":{"start":{"line":265,"column":40},"end":{"line":265,"column":63}},"type":"binary-expr","locations":[{"start":{"line":265,"column":40},"end":{"line":265,"column":58}},{"start":{"line":265,"column":62},"end":{"line":265,"column":63}}],"line":265},"59":{"loc":{"start":{"line":281,"column":20},"end":{"line":281,"column":85}},"type":"cond-expr","locations":[{"start":{"line":281,"column":38},"end":{"line":281,"column":64}},{"start":{"line":281,"column":67},"end":{"line":281,"column":85}}],"line":281},"60":{"loc":{"start":{"line":281,"column":38},"end":{"line":281,"column":64}},"type":"binary-expr","locations":[{"start":{"line":281,"column":38},"end":{"line":281,"column":59}},{"start":{"line":281,"column":63},"end":{"line":281,"column":64}}],"line":281},"61":{"loc":{"start":{"line":292,"column":23},"end":{"line":299,"column":14}},"type":"cond-expr","locations":[{"start":{"line":293,"column":10},"end":{"line":298,"column":11}},{"start":{"line":299,"column":10},"end":{"line":299,"column":14}}],"line":292},"62":{"loc":{"start":{"line":296,"column":19},"end":{"line":296,"column":45}},"type":"binary-expr","locations":[{"start":{"line":296,"column":19},"end":{"line":296,"column":40}},{"start":{"line":296,"column":44},"end":{"line":296,"column":45}}],"line":296},"63":{"loc":{"start":{"line":312,"column":4},"end":{"line":314,"column":5}},"type":"if","locations":[{"start":{"line":312,"column":4},"end":{"line":314,"column":5}},{"start":{},"end":{}}],"line":312}},"s":{"0":2,"1":2,"2":2,"3":2,"4":2,"5":0,"6":0,"7":0,"8":2,"9":0,"10":0,"11":0,"12":2,"13":0,"14":0,"15":0,"16":0,"17":2,"18":0,"19":0,"20":0,"21":0,"22":0,"23":0,"24":0,"25":2,"26":0,"27":0,"28":0,"29":0,"30":0,"31":0,"32":0,"33":0,"34":0,"35":0,"36":0,"37":2,"38":0,"39":0,"40":0,"41":0,"42":0,"43":0,"44":0,"45":0,"46":0,"47":0,"48":2,"49":0,"50":0,"51":0,"52":0,"53":0,"54":0,"55":0,"56":0,"57":0,"58":0,"59":0,"60":0,"61":0,"62":0,"63":0,"64":0,"65":0,"66":2,"67":0,"68":0,"69":0,"70":0,"71":0,"72":0,"73":0,"74":0,"75":0,"76":0,"77":2,"78":0,"79":0,"80":0,"81":0,"82":0,"83":0,"84":0,"85":0,"86":0,"87":0,"88":0,"89":0,"90":0,"91":0,"92":0,"93":0,"94":0,"95":0,"96":0,"97":0,"98":0,"99":0,"100":0,"101":0,"102":0,"103":0,"104":0,"105":0,"106":0,"107":0,"108":0,"109":0,"110":0,"111":0,"112":0,"113":0,"114":0,"115":2,"116":0,"117":0,"118":0,"119":0,"120":0,"121":0,"122":0},"f":{"0":0,"1":0,"2":0,"3":0,"4":0,"5":0,"6":0,"7":0,"8":0,"9":0,"10":0,"11":0,"12":0},"b":{"0":[0],"1":[0,0],"2":[0,0],"3":[0,0],"4":[0,0],"5":[0],"6":[0],"7":[0,0],"8":[0,0],"9":[0,0],"10":[0,0],"11":[0,0],"12":[0,0],"13":[0,0],"14":[0,0],"15":[0,0],"16":[0,0],"17":[0,0],"18":[0,0],"19":[0],"20":[0],"21":[0],"22":[0,0],"23":[0,0],"24":[0,0],"25":[0,0],"26":[0,0],"27":[0,0],"28":[0,0],"29":[0,0],"30":[0,0],"31":[0,0],"32":[0,0],"33":[0,0],"34":[0,0],"35":[0,0],"36":[0,0],"37":[0,0],"38":[0,0],"39":[0,0],"40":[0,0],"41":[0,0],"42":[0,0],"43":[0,0],"44":[0,0],"45":[0,0],"46":[0,0],"47":[0,0],"48":[0,0],"49":[0,0,0],"50":[0,0],"51":[0,0],"52":[0,0],"53":[0,0],"54":[0,0],"55":[0,0],"56":[0,0],"57":[0,0],"58":[0,0],"59":[0,0],"60":[0,0],"61":[0,0],"62":[0,0],"63":[0,0]},"_coverageSchema":"1a1c01bbd47fc00a2c39e90264f33305004495a9","hash":"184816fdc16ef06cdb5f3851a4de22857c06c2a8"}
,"/Users/nighwan/ukmkemasan-erp-backend/controllers/landingContentController.js": {"path":"/Users/nighwan/ukmkemasan-erp-backend/controllers/landingContentController.js","statementMap":{"0":{"start":{"line":1,"column":23},"end":{"line":1,"column":58}},"1":{"start":{"line":2,"column":53},"end":{"line":2,"column":84}},"2":{"start":{"line":4,"column":28},"end":{"line":4,"column":50}},"3":{"start":{"line":5,"column":32},"end":{"line":5,"column":74}},"4":{"start":{"line":7,"column":32},"end":{"line":74,"column":1}},"5":{"start":{"line":76,"column":22},"end":{"line":76,"column":64}},"6":{"start":{"line":76,"column":38},"end":{"line":76,"column":64}},"7":{"start":{"line":78,"column":21},"end":{"line":87,"column":1}},"8":{"start":{"line":79,"column":2},"end":{"line":79,"column":29}},"9":{"start":{"line":79,"column":19},"end":{"line":79,"column":29}},"10":{"start":{"line":80,"column":2},"end":{"line":80,"column":56}},"11":{"start":{"line":80,"column":38},"end":{"line":80,"column":56}},"12":{"start":{"line":82,"column":2},"end":{"line":86,"column":3}},"13":{"start":{"line":83,"column":4},"end":{"line":83,"column":34}},"14":{"start":{"line":85,"column":4},"end":{"line":85,"column":67}},"15":{"start":{"line":89,"column":24},"end":{"line":98,"column":2}},"16":{"start":{"line":89,"column":67},"end":{"line":98,"column":1}},"17":{"start":{"line":100,"column":25},"end":{"line":111,"column":2}},"18":{"start":{"line":100,"column":70},"end":{"line":111,"column":1}},"19":{"start":{"line":113,"column":26},"end":{"line":121,"column":2}},"20":{"start":{"line":113,"column":73},"end":{"line":121,"column":1}},"21":{"start":{"line":123,"column":34},"end":{"line":132,"column":1}},"22":{"start":{"line":124,"column":16},"end":{"line":124,"column":74}},"23":{"start":{"line":125,"column":2},"end":{"line":130,"column":3}},"24":{"start":{"line":126,"column":4},"end":{"line":129,"column":7}},"25":{"start":{"line":131,"column":2},"end":{"line":131,"column":17}},"26":{"start":{"line":136,"column":0},"end":{"line":143,"column":2}},"27":{"start":{"line":137,"column":2},"end":{"line":142,"column":3}},"28":{"start":{"line":138,"column":20},"end":{"line":138,"column":53}},"29":{"start":{"line":139,"column":4},"end":{"line":139,"column":22}},"30":{"start":{"line":141,"column":4},"end":{"line":141,"column":53}},"31":{"start":{"line":147,"column":0},"end":{"line":327,"column":2}},"32":{"start":{"line":148,"column":2},"end":{"line":326,"column":3}},"33":{"start":{"line":149,"column":20},"end":{"line":149,"column":53}},"34":{"start":{"line":150,"column":20},"end":{"line":150,"column":62}},"35":{"start":{"line":152,"column":28},"end":{"line":152,"column":83}},"36":{"start":{"line":153,"column":30},"end":{"line":153,"column":89}},"37":{"start":{"line":154,"column":30},"end":{"line":154,"column":89}},"38":{"start":{"line":156,"column":33},"end":{"line":158,"column":5}},"39":{"start":{"line":157,"column":48},"end":{"line":157,"column":118}},"40":{"start":{"line":159,"column":35},"end":{"line":161,"column":5}},"41":{"start":{"line":160,"column":51},"end":{"line":160,"column":125}},"42":{"start":{"line":162,"column":35},"end":{"line":164,"column":5}},"43":{"start":{"line":163,"column":52},"end":{"line":163,"column":130}},"44":{"start":{"line":165,"column":26},"end":{"line":165,"column":90}},"45":{"start":{"line":165,"column":66},"end":{"line":165,"column":88}},"46":{"start":{"line":167,"column":25},"end":{"line":167,"column":27}},"47":{"start":{"line":168,"column":31},"end":{"line":168,"column":40}},"48":{"start":{"line":170,"column":4},"end":{"line":205,"column":5}},"49":{"start":{"line":171,"column":30},"end":{"line":171,"column":83}},"50":{"start":{"line":172,"column":23},"end":{"line":172,"column":69}},"51":{"start":{"line":173,"column":26},"end":{"line":173,"column":68}},"52":{"start":{"line":174,"column":19},"end":{"line":174,"column":70}},"53":{"start":{"line":175,"column":32},"end":{"line":175,"column":94}},"54":{"start":{"line":177,"column":26},"end":{"line":177,"column":67}},"55":{"start":{"line":179,"column":6},"end":{"line":194,"column":7}},"56":{"start":{"line":180,"column":8},"end":{"line":182,"column":9}},"57":{"start":{"line":181,"column":10},"end":{"line":181,"column":68}},"58":{"start":{"line":184,"column":30},"end":{"line":184,"column":86}},"59":{"start":{"line":185,"column":8},"end":{"line":185,"column":49}},"60":{"start":{"line":186,"column":8},"end":{"line":186,"column":59}},"61":{"start":{"line":187,"column":8},"end":{"line":187,"column":109}},"62":{"start":{"line":188,"column":13},"end":{"line":194,"column":7}},"63":{"start":{"line":189,"column":8},"end":{"line":191,"column":9}},"64":{"start":{"line":190,"column":10},"end":{"line":190,"column":68}},"65":{"start":{"line":192,"column":8},"end":{"line":192,"column":34}},"66":{"start":{"line":193,"column":8},"end":{"line":193,"column":39}},"67":{"start":{"line":196,"column":6},"end":{"line":198,"column":7}},"68":{"start":{"line":197,"column":8},"end":{"line":197,"column":17}},"69":{"start":{"line":200,"column":6},"end":{"line":202,"column":7}},"70":{"start":{"line":201,"column":8},"end":{"line":201,"column":56}},"71":{"start":{"line":204,"column":6},"end":{"line":204,"column":37}},"72":{"start":{"line":208,"column":4},"end":{"line":213,"column":5}},"73":{"start":{"line":209,"column":25},"end":{"line":209,"column":52}},"74":{"start":{"line":210,"column":6},"end":{"line":212,"column":7}},"75":{"start":{"line":211,"column":8},"end":{"line":211,"column":66}},"76":{"start":{"line":215,"column":32},"end":{"line":215,"column":41}},"77":{"start":{"line":216,"column":27},"end":{"line":216,"column":29}},"78":{"start":{"line":218,"column":4},"end":{"line":253,"column":5}},"79":{"start":{"line":219,"column":31},"end":{"line":219,"column":87}},"80":{"start":{"line":220,"column":23},"end":{"line":220,"column":71}},"81":{"start":{"line":221,"column":26},"end":{"line":221,"column":69}},"82":{"start":{"line":222,"column":19},"end":{"line":222,"column":70}},"83":{"start":{"line":223,"column":32},"end":{"line":223,"column":96}},"84":{"start":{"line":225,"column":27},"end":{"line":225,"column":71}},"85":{"start":{"line":227,"column":6},"end":{"line":242,"column":7}},"86":{"start":{"line":228,"column":8},"end":{"line":230,"column":9}},"87":{"start":{"line":229,"column":10},"end":{"line":229,"column":69}},"88":{"start":{"line":232,"column":30},"end":{"line":232,"column":86}},"89":{"start":{"line":233,"column":8},"end":{"line":233,"column":50}},"90":{"start":{"line":234,"column":8},"end":{"line":234,"column":60}},"91":{"start":{"line":235,"column":8},"end":{"line":235,"column":113}},"92":{"start":{"line":236,"column":13},"end":{"line":242,"column":7}},"93":{"start":{"line":237,"column":8},"end":{"line":239,"column":9}},"94":{"start":{"line":238,"column":10},"end":{"line":238,"column":69}},"95":{"start":{"line":240,"column":8},"end":{"line":240,"column":35}},"96":{"start":{"line":241,"column":8},"end":{"line":241,"column":40}},"97":{"start":{"line":244,"column":6},"end":{"line":246,"column":7}},"98":{"start":{"line":245,"column":8},"end":{"line":245,"column":17}},"99":{"start":{"line":248,"column":6},"end":{"line":250,"column":7}},"100":{"start":{"line":249,"column":8},"end":{"line":249,"column":58}},"101":{"start":{"line":252,"column":6},"end":{"line":252,"column":40}},"102":{"start":{"line":255,"column":4},"end":{"line":260,"column":5}},"103":{"start":{"line":256,"column":25},"end":{"line":256,"column":53}},"104":{"start":{"line":257,"column":6},"end":{"line":259,"column":7}},"105":{"start":{"line":258,"column":8},"end":{"line":258,"column":67}},"106":{"start":{"line":262,"column":33},"end":{"line":262,"column":42}},"107":{"start":{"line":263,"column":27},"end":{"line":263,"column":29}},"108":{"start":{"line":265,"column":4},"end":{"line":299,"column":5}},"109":{"start":{"line":266,"column":32},"end":{"line":266,"column":89}},"110":{"start":{"line":267,"column":23},"end":{"line":267,"column":73}},"111":{"start":{"line":268,"column":26},"end":{"line":268,"column":70}},"112":{"start":{"line":269,"column":19},"end":{"line":269,"column":70}},"113":{"start":{"line":270,"column":32},"end":{"line":270,"column":98}},"114":{"start":{"line":272,"column":28},"end":{"line":272,"column":75}},"115":{"start":{"line":274,"column":6},"end":{"line":288,"column":7}},"116":{"start":{"line":275,"column":8},"end":{"line":277,"column":9}},"117":{"start":{"line":276,"column":10},"end":{"line":276,"column":70}},"118":{"start":{"line":279,"column":30},"end":{"line":279,"column":86}},"119":{"start":{"line":280,"column":8},"end":{"line":280,"column":51}},"120":{"start":{"line":281,"column":8},"end":{"line":281,"column":61}},"121":{"start":{"line":282,"column":13},"end":{"line":288,"column":7}},"122":{"start":{"line":283,"column":8},"end":{"line":285,"column":9}},"123":{"start":{"line":284,"column":10},"end":{"line":284,"column":70}},"124":{"start":{"line":286,"column":8},"end":{"line":286,"column":36}},"125":{"start":{"line":287,"column":8},"end":{"line":287,"column":41}},"126":{"start":{"line":290,"column":6},"end":{"line":292,"column":7}},"127":{"start":{"line":291,"column":8},"end":{"line":291,"column":17}},"128":{"start":{"line":294,"column":6},"end":{"line":296,"column":7}},"129":{"start":{"line":295,"column":8},"end":{"line":295,"column":60}},"130":{"start":{"line":298,"column":6},"end":{"line":298,"column":41}},"131":{"start":{"line":301,"column":4},"end":{"line":306,"column":5}},"132":{"start":{"line":302,"column":25},"end":{"line":302,"column":54}},"133":{"start":{"line":303,"column":6},"end":{"line":305,"column":7}},"134":{"start":{"line":304,"column":8},"end":{"line":304,"column":68}},"135":{"start":{"line":308,"column":4},"end":{"line":308,"column":36}},"136":{"start":{"line":309,"column":4},"end":{"line":309,"column":40}},"137":{"start":{"line":310,"column":4},"end":{"line":310,"column":40}},"138":{"start":{"line":312,"column":4},"end":{"line":314,"column":5}},"139":{"start":{"line":313,"column":6},"end":{"line":313,"column":66}},"140":{"start":{"line":315,"column":4},"end":{"line":317,"column":5}},"141":{"start":{"line":316,"column":6},"end":{"line":316,"column":66}},"142":{"start":{"line":318,"column":4},"end":{"line":320,"column":5}},"143":{"start":{"line":319,"column":6},"end":{"line":319,"column":70}},"144":{"start":{"line":322,"column":27},"end":{"line":322,"column":47}},"145":{"start":{"line":323,"column":4},"end":{"line":323,"column":29}},"146":{"start":{"line":325,"column":4},"end":{"line":325,"column":53}}},"fnMap":{"0":{"name":"(anonymous_0)","decl":{"start":{"line":76,"column":22},"end":{"line":76,"column":23}},"loc":{"start":{"line":76,"column":38},"end":{"line":76,"column":64}},"line":76},"1":{"name":"(anonymous_1)","decl":{"start":{"line":78,"column":21},"end":{"line":78,"column":22}},"loc":{"start":{"line":78,"column":37},"end":{"line":87,"column":1}},"line":78},"2":{"name":"(anonymous_2)","decl":{"start":{"line":89,"column":24},"end":{"line":89,"column":25}},"loc":{"start":{"line":89,"column":67},"end":{"line":98,"column":1}},"line":89},"3":{"name":"(anonymous_3)","decl":{"start":{"line":100,"column":25},"end":{"line":100,"column":26}},"loc":{"start":{"line":100,"column":70},"end":{"line":111,"column":1}},"line":100},"4":{"name":"(anonymous_4)","decl":{"start":{"line":113,"column":26},"end":{"line":113,"column":27}},"loc":{"start":{"line":113,"column":73},"end":{"line":121,"column":1}},"line":113},"5":{"name":"(anonymous_5)","decl":{"start":{"line":123,"column":34},"end":{"line":123,"column":35}},"loc":{"start":{"line":123,"column":46},"end":{"line":132,"column":1}},"line":123},"6":{"name":"(anonymous_6)","decl":{"start":{"line":136,"column":28},"end":{"line":136,"column":29}},"loc":{"start":{"line":136,"column":48},"end":{"line":143,"column":1}},"line":136},"7":{"name":"(anonymous_7)","decl":{"start":{"line":147,"column":31},"end":{"line":147,"column":32}},"loc":{"start":{"line":147,"column":51},"end":{"line":327,"column":1}},"line":147},"8":{"name":"(anonymous_8)","decl":{"start":{"line":157,"column":35},"end":{"line":157,"column":36}},"loc":{"start":{"line":157,"column":48},"end":{"line":157,"column":118}},"line":157},"9":{"name":"(anonymous_9)","decl":{"start":{"line":160,"column":37},"end":{"line":160,"column":38}},"loc":{"start":{"line":160,"column":51},"end":{"line":160,"column":125}},"line":160},"10":{"name":"(anonymous_10)","decl":{"start":{"line":163,"column":37},"end":{"line":163,"column":38}},"loc":{"start":{"line":163,"column":52},"end":{"line":163,"column":130}},"line":163},"11":{"name":"(anonymous_11)","decl":{"start":{"line":165,"column":56},"end":{"line":165,"column":57}},"loc":{"start":{"line":165,"column":66},"end":{"line":165,"column":88}},"line":165}},"branchMap":{"0":{"loc":{"start":{"line":76,"column":23},"end":{"line":76,"column":33}},"type":"default-arg","locations":[{"start":{"line":76,"column":31},"end":{"line":76,"column":33}}],"line":76},"1":{"loc":{"start":{"line":76,"column":45},"end":{"line":76,"column":56}},"type":"binary-expr","locations":[{"start":{"line":76,"column":45},"end":{"line":76,"column":50}},{"start":{"line":76,"column":54},"end":{"line":76,"column":56}}],"line":76},"2":{"loc":{"start":{"line":79,"column":2},"end":{"line":79,"column":29}},"type":"if","locations":[{"start":{"line":79,"column":2},"end":{"line":79,"column":29}},{"start":{},"end":{}}],"line":79},"3":{"loc":{"start":{"line":80,"column":2},"end":{"line":80,"column":56}},"type":"if","locations":[{"start":{"line":80,"column":2},"end":{"line":80,"column":56}},{"start":{},"end":{}}],"line":80},"4":{"loc":{"start":{"line":89,"column":25},"end":{"line":89,"column":37}},"type":"default-arg","locations":[{"start":{"line":89,"column":35},"end":{"line":89,"column":37}}],"line":89},"5":{"loc":{"start":{"line":89,"column":39},"end":{"line":89,"column":61}},"type":"default-arg","locations":[{"start":{"line":89,"column":57},"end":{"line":89,"column":61}}],"line":89},"6":{"loc":{"start":{"line":90,"column":6},"end":{"line":90,"column":99}},"type":"cond-expr","locations":[{"start":{"line":90,"column":29},"end":{"line":90,"column":57}},{"start":{"line":90,"column":60},"end":{"line":90,"column":99}}],"line":90},"7":{"loc":{"start":{"line":90,"column":60},"end":{"line":90,"column":99}},"type":"cond-expr","locations":[{"start":{"line":90,"column":74},"end":{"line":90,"column":94}},{"start":{"line":90,"column":97},"end":{"line":90,"column":99}}],"line":90},"8":{"loc":{"start":{"line":95,"column":26},"end":{"line":95,"column":71}},"type":"binary-expr","locations":[{"start":{"line":95,"column":26},"end":{"line":95,"column":42}},{"start":{"line":95,"column":46},"end":{"line":95,"column":71}}],"line":95},"9":{"loc":{"start":{"line":96,"column":31},"end":{"line":96,"column":86}},"type":"binary-expr","locations":[{"start":{"line":96,"column":31},"end":{"line":96,"column":52}},{"start":{"line":96,"column":56},"end":{"line":96,"column":86}}],"line":96},"10":{"loc":{"start":{"line":97,"column":26},"end":{"line":97,"column":88}},"type":"binary-expr","locations":[{"start":{"line":97,"column":26},"end":{"line":97,"column":42}},{"start":{"line":97,"column":46},"end":{"line":97,"column":59}},{"start":{"line":97,"column":63},"end":{"line":97,"column":88}}],"line":97},"11":{"loc":{"start":{"line":100,"column":26},"end":{"line":100,"column":39}},"type":"default-arg","locations":[{"start":{"line":100,"column":37},"end":{"line":100,"column":39}}],"line":100},"12":{"loc":{"start":{"line":100,"column":41},"end":{"line":100,"column":64}},"type":"default-arg","locations":[{"start":{"line":100,"column":60},"end":{"line":100,"column":64}}],"line":100},"13":{"loc":{"start":{"line":101,"column":6},"end":{"line":101,"column":103}},"type":"cond-expr","locations":[{"start":{"line":101,"column":30},"end":{"line":101,"column":59}},{"start":{"line":101,"column":62},"end":{"line":101,"column":103}}],"line":101},"14":{"loc":{"start":{"line":101,"column":62},"end":{"line":101,"column":103}},"type":"cond-expr","locations":[{"start":{"line":101,"column":77},"end":{"line":101,"column":98}},{"start":{"line":101,"column":101},"end":{"line":101,"column":103}}],"line":101},"15":{"loc":{"start":{"line":107,"column":10},"end":{"line":107,"column":67}},"type":"binary-expr","locations":[{"start":{"line":107,"column":10},"end":{"line":107,"column":40}},{"start":{"line":107,"column":44},"end":{"line":107,"column":67}}],"line":107},"16":{"loc":{"start":{"line":108,"column":26},"end":{"line":108,"column":73}},"type":"binary-expr","locations":[{"start":{"line":108,"column":26},"end":{"line":108,"column":43}},{"start":{"line":108,"column":47},"end":{"line":108,"column":73}}],"line":108},"17":{"loc":{"start":{"line":109,"column":31},"end":{"line":109,"column":88}},"type":"binary-expr","locations":[{"start":{"line":109,"column":31},"end":{"line":109,"column":53}},{"start":{"line":109,"column":57},"end":{"line":109,"column":88}}],"line":109},"18":{"loc":{"start":{"line":110,"column":26},"end":{"line":110,"column":91}},"type":"binary-expr","locations":[{"start":{"line":110,"column":26},"end":{"line":110,"column":43}},{"start":{"line":110,"column":47},"end":{"line":110,"column":61}},{"start":{"line":110,"column":65},"end":{"line":110,"column":91}}],"line":110},"19":{"loc":{"start":{"line":113,"column":27},"end":{"line":113,"column":41}},"type":"default-arg","locations":[{"start":{"line":113,"column":39},"end":{"line":113,"column":41}}],"line":113},"20":{"loc":{"start":{"line":113,"column":43},"end":{"line":113,"column":67}},"type":"default-arg","locations":[{"start":{"line":113,"column":63},"end":{"line":113,"column":67}}],"line":113},"21":{"loc":{"start":{"line":114,"column":6},"end":{"line":114,"column":107}},"type":"cond-expr","locations":[{"start":{"line":114,"column":31},"end":{"line":114,"column":61}},{"start":{"line":114,"column":64},"end":{"line":114,"column":107}}],"line":114},"22":{"loc":{"start":{"line":114,"column":64},"end":{"line":114,"column":107}},"type":"cond-expr","locations":[{"start":{"line":114,"column":80},"end":{"line":114,"column":102}},{"start":{"line":114,"column":105},"end":{"line":114,"column":107}}],"line":114},"23":{"loc":{"start":{"line":119,"column":26},"end":{"line":119,"column":75}},"type":"binary-expr","locations":[{"start":{"line":119,"column":26},"end":{"line":119,"column":44}},{"start":{"line":119,"column":48},"end":{"line":119,"column":75}}],"line":119},"24":{"loc":{"start":{"line":120,"column":31},"end":{"line":120,"column":90}},"type":"binary-expr","locations":[{"start":{"line":120,"column":31},"end":{"line":120,"column":54}},{"start":{"line":120,"column":58},"end":{"line":120,"column":90}}],"line":120},"25":{"loc":{"start":{"line":125,"column":2},"end":{"line":130,"column":3}},"type":"if","locations":[{"start":{"line":125,"column":2},"end":{"line":130,"column":3}},{"start":{},"end":{}}],"line":125},"26":{"loc":{"start":{"line":150,"column":33},"end":{"line":150,"column":61}},"type":"binary-expr","locations":[{"start":{"line":150,"column":33},"end":{"line":150,"column":49}},{"start":{"line":150,"column":53},"end":{"line":150,"column":61}}],"line":150},"27":{"loc":{"start":{"line":152,"column":28},"end":{"line":152,"column":83}},"type":"cond-expr","locations":[{"start":{"line":152,"column":62},"end":{"line":152,"column":78}},{"start":{"line":152,"column":81},"end":{"line":152,"column":83}}],"line":152},"28":{"loc":{"start":{"line":153,"column":30},"end":{"line":153,"column":89}},"type":"cond-expr","locations":[{"start":{"line":153,"column":66},"end":{"line":153,"column":84}},{"start":{"line":153,"column":87},"end":{"line":153,"column":89}}],"line":153},"29":{"loc":{"start":{"line":154,"column":30},"end":{"line":154,"column":89}},"type":"cond-expr","locations":[{"start":{"line":154,"column":66},"end":{"line":154,"column":84}},{"start":{"line":154,"column":87},"end":{"line":154,"column":89}}],"line":154},"30":{"loc":{"start":{"line":157,"column":7},"end":{"line":157,"column":29}},"type":"binary-expr","locations":[{"start":{"line":157,"column":7},"end":{"line":157,"column":23}},{"start":{"line":157,"column":27},"end":{"line":157,"column":29}}],"line":157},"31":{"loc":{"start":{"line":157,"column":70},"end":{"line":157,"column":117}},"type":"cond-expr","locations":[{"start":{"line":157,"column":89},"end":{"line":157,"column":107}},{"start":{"line":157,"column":110},"end":{"line":157,"column":117}}],"line":157},"32":{"loc":{"start":{"line":160,"column":7},"end":{"line":160,"column":31}},"type":"binary-expr","locations":[{"start":{"line":160,"column":7},"end":{"line":160,"column":25}},{"start":{"line":160,"column":29},"end":{"line":160,"column":31}}],"line":160},"33":{"loc":{"start":{"line":160,"column":74},"end":{"line":160,"column":124}},"type":"cond-expr","locations":[{"start":{"line":160,"column":94},"end":{"line":160,"column":113}},{"start":{"line":160,"column":116},"end":{"line":160,"column":124}}],"line":160},"34":{"loc":{"start":{"line":163,"column":7},"end":{"line":163,"column":31}},"type":"binary-expr","locations":[{"start":{"line":163,"column":7},"end":{"line":163,"column":25}},{"start":{"line":163,"column":29},"end":{"line":163,"column":31}}],"line":163},"35":{"loc":{"start":{"line":163,"column":76},"end":{"line":163,"column":129}},"type":"cond-expr","locations":[{"start":{"line":163,"column":97},"end":{"line":163,"column":117}},{"start":{"line":163,"column":120},"end":{"line":163,"column":129}}],"line":163},"36":{"loc":{"start":{"line":165,"column":35},"end":{"line":165,"column":50}},"type":"binary-expr","locations":[{"start":{"line":165,"column":35},"end":{"line":165,"column":44}},{"start":{"line":165,"column":48},"end":{"line":165,"column":50}}],"line":165},"37":{"loc":{"start":{"line":171,"column":30},"end":{"line":171,"column":83}},"type":"binary-expr","locations":[{"start":{"line":171,"column":30},"end":{"line":171,"column":75}},{"start":{"line":171,"column":79},"end":{"line":171,"column":83}}],"line":171},"38":{"loc":{"start":{"line":172,"column":37},"end":{"line":172,"column":68}},"type":"binary-expr","locations":[{"start":{"line":172,"column":37},"end":{"line":172,"column":53}},{"start":{"line":172,"column":57},"end":{"line":172,"column":68}}],"line":172},"39":{"loc":{"start":{"line":173,"column":26},"end":{"line":173,"column":68}},"type":"cond-expr","locations":[{"start":{"line":173,"column":37},"end":{"line":173,"column":63}},{"start":{"line":173,"column":66},"end":{"line":173,"column":68}}],"line":173},"40":{"loc":{"start":{"line":174,"column":19},"end":{"line":174,"column":70}},"type":"cond-expr","locations":[{"start":{"line":174,"column":33},"end":{"line":174,"column":63}},{"start":{"line":174,"column":66},"end":{"line":174,"column":70}}],"line":174},"41":{"loc":{"start":{"line":175,"column":32},"end":{"line":175,"column":94}},"type":"binary-expr","locations":[{"start":{"line":175,"column":32},"end":{"line":175,"column":60}},{"start":{"line":175,"column":64},"end":{"line":175,"column":94}}],"line":175},"42":{"loc":{"start":{"line":179,"column":6},"end":{"line":194,"column":7}},"type":"if","locations":[{"start":{"line":179,"column":6},"end":{"line":194,"column":7}},{"start":{"line":188,"column":13},"end":{"line":194,"column":7}}],"line":179},"43":{"loc":{"start":{"line":180,"column":8},"end":{"line":182,"column":9}},"type":"if","locations":[{"start":{"line":180,"column":8},"end":{"line":182,"column":9}},{"start":{},"end":{}}],"line":180},"44":{"loc":{"start":{"line":187,"column":45},"end":{"line":187,"column":107}},"type":"binary-expr","locations":[{"start":{"line":187,"column":45},"end":{"line":187,"column":61}},{"start":{"line":187,"column":65},"end":{"line":187,"column":78}},{"start":{"line":187,"column":82},"end":{"line":187,"column":107}}],"line":187},"45":{"loc":{"start":{"line":188,"column":13},"end":{"line":194,"column":7}},"type":"if","locations":[{"start":{"line":188,"column":13},"end":{"line":194,"column":7}},{"start":{},"end":{}}],"line":188},"46":{"loc":{"start":{"line":189,"column":8},"end":{"line":191,"column":9}},"type":"if","locations":[{"start":{"line":189,"column":8},"end":{"line":191,"column":9}},{"start":{},"end":{}}],"line":189},"47":{"loc":{"start":{"line":196,"column":6},"end":{"line":198,"column":7}},"type":"if","locations":[{"start":{"line":196,"column":6},"end":{"line":198,"column":7}},{"start":{},"end":{}}],"line":196},"48":{"loc":{"start":{"line":200,"column":6},"end":{"line":202,"column":7}},"type":"if","locations":[{"start":{"line":200,"column":6},"end":{"line":202,"column":7}},{"start":{},"end":{}}],"line":200},"49":{"loc":{"start":{"line":208,"column":34},"end":{"line":208,"column":56}},"type":"binary-expr","locations":[{"start":{"line":208,"column":34},"end":{"line":208,"column":50}},{"start":{"line":208,"column":54},"end":{"line":208,"column":56}}],"line":208},"50":{"loc":{"start":{"line":210,"column":6},"end":{"line":212,"column":7}},"type":"if","locations":[{"start":{"line":210,"column":6},"end":{"line":212,"column":7}},{"start":{},"end":{}}],"line":210},"51":{"loc":{"start":{"line":210,"column":10},"end":{"line":210,"column":78}},"type":"binary-expr","locations":[{"start":{"line":210,"column":10},"end":{"line":210,"column":45}},{"start":{"line":210,"column":49},"end":{"line":210,"column":78}}],"line":210},"52":{"loc":{"start":{"line":219,"column":31},"end":{"line":219,"column":87}},"type":"binary-expr","locations":[{"start":{"line":219,"column":31},"end":{"line":219,"column":79}},{"start":{"line":219,"column":83},"end":{"line":219,"column":87}}],"line":219},"53":{"loc":{"start":{"line":220,"column":37},"end":{"line":220,"column":70}},"type":"binary-expr","locations":[{"start":{"line":220,"column":37},"end":{"line":220,"column":54}},{"start":{"line":220,"column":58},"end":{"line":220,"column":70}}],"line":220},"54":{"loc":{"start":{"line":221,"column":26},"end":{"line":221,"column":69}},"type":"cond-expr","locations":[{"start":{"line":221,"column":37},"end":{"line":221,"column":64}},{"start":{"line":221,"column":67},"end":{"line":221,"column":69}}],"line":221},"55":{"loc":{"start":{"l
[...]
"type":"binary-expr","locations":[{"start":{"line":11,"column":20},"end":{"line":11,"column":44}},{"start":{"line":11,"column":48},"end":{"line":11,"column":49}}],"line":11},"4":{"loc":{"start":{"line":12,"column":11},"end":{"line":12,"column":56}},"type":"cond-expr","locations":[{"start":{"line":12,"column":43},"end":{"line":12,"column":50}},{"start":{"line":12,"column":53},"end":{"line":12,"column":56}}],"line":12},"5":{"loc":{"start":{"line":12,"column":11},"end":{"line":12,"column":40}},"type":"binary-expr","locations":[{"start":{"line":12,"column":11},"end":{"line":12,"column":23}},{"start":{"line":12,"column":27},"end":{"line":12,"column":40}}],"line":12},"6":{"loc":{"start":{"line":15,"column":20},"end":{"line":15,"column":77}},"type":"binary-expr","locations":[{"start":{"line":15,"column":20},"end":{"line":15,"column":44}},{"start":{"line":15,"column":48},"end":{"line":15,"column":72}},{"start":{"line":15,"column":76},"end":{"line":15,"column":77}}],"line":15},"7":{"loc":{"start":{"line":16,"column":11},"end":{"line":16,"column":56}},"type":"cond-expr","locations":[{"start":{"line":16,"column":43},"end":{"line":16,"column":50}},{"start":{"line":16,"column":53},"end":{"line":16,"column":56}}],"line":16},"8":{"loc":{"start":{"line":16,"column":11},"end":{"line":16,"column":40}},"type":"binary-expr","locations":[{"start":{"line":16,"column":11},"end":{"line":16,"column":23}},{"start":{"line":16,"column":27},"end":{"line":16,"column":40}}],"line":16},"9":{"loc":{"start":{"line":20,"column":22},"end":{"line":20,"column":53}},"type":"binary-expr","locations":[{"start":{"line":20,"column":22},"end":{"line":20,"column":33}},{"start":{"line":20,"column":37},"end":{"line":20,"column":48}},{"start":{"line":20,"column":52},"end":{"line":20,"column":53}}],"line":20},"10":{"loc":{"start":{"line":21,"column":21},"end":{"line":21,"column":37}},"type":"binary-expr","locations":[{"start":{"line":21,"column":21},"end":{"line":21,"column":32}},{"start":{"line":21,"column":36},"end":{"line":21,"column":37}}],"line":21},"11":{"loc":{"start":{"line":22,"column":21},"end":{"line":22,"column":52}},"type":"binary-expr","locations":[{"start":{"line":22,"column":21},"end":{"line":22,"column":32}},{"start":{"line":22,"column":36},"end":{"line":22,"column":47}},{"start":{"line":22,"column":51},"end":{"line":22,"column":52}}],"line":22},"12":{"loc":{"start":{"line":107,"column":31},"end":{"line":107,"column":77}},"type":"binary-expr","locations":[{"start":{"line":107,"column":31},"end":{"line":107,"column":54}},{"start":{"line":107,"column":58},"end":{"line":107,"column":77}}],"line":107},"13":{"loc":{"start":{"line":125,"column":2},"end":{"line":127,"column":3}},"type":"if","locations":[{"start":{"line":125,"column":2},"end":{"line":127,"column":3}},{"start":{},"end":{}}],"line":125}},"s":{"0":2,"1":2,"2":0,"3":0,"4":0,"5":0,"6":0,"7":0,"8":0,"9":0,"10":0,"11":0,"12":0,"13":0,"14":0,"15":0,"16":0,"17":0,"18":2,"19":2,"20":0,"21":2,"22":0,"23":2,"24":0,"25":2,"26":0,"27":0,"28":2},"f":{"0":0,"1":0,"2":0,"3":0,"4":0,"5":0,"6":0,"7":0},"b":{"0":[0,0],"1":[0,0,0],"2":[0,0],"3":[0,0],"4":[0,0],"5":[0,0],"6":[0,0,0],"7":[0,0],"8":[0,0],"9":[0,0,0],"10":[0,0],"11":[0,0,0],"12":[0,0],"13":[0,0]},"_coverageSchema":"1a1c01bbd47fc00a2c39e90264f33305004495a9","hash":"63f4295e105e31bac8cc92cf96f1c39da61b4852"}
,"/Users/nighwan/ukmkemasan-erp-backend/models/SalesReturn.js": {"path":"/Users/nighwan/ukmkemasan-erp-backend/models/SalesReturn.js","statementMap":{"0":{"start":{"line":1,"column":17},"end":{"line":1,"column":36}},"1":{"start":{"line":3,"column":26},"end":{"line":70,"column":24}},"2":{"start":{"line":72,"column":0},"end":{"line":72,"column":66}}},"fnMap":{},"branchMap":{},"s":{"0":2,"1":2,"2":2},"f":{},"b":{},"_coverageSchema":"1a1c01bbd47fc00a2c39e90264f33305004495a9","hash":"311b043aeec6c0777f6e18a5c1daebe0b021074d"}
,"/Users/nighwan/ukmkemasan-erp-backend/models/StockCard.js": {"path":"/Users/nighwan/ukmkemasan-erp-backend/models/StockCard.js","statementMap":{"0":{"start":{"line":1,"column":17},"end":{"line":1,"column":36}},"1":{"start":{"line":3,"column":24},"end":{"line":18,"column":24}},"2":{"start":{"line":20,"column":0},"end":{"line":20,"column":62}}},"fnMap":{},"branchMap":{},"s":{"0":2,"1":2,"2":2},"f":{},"b":{},"_coverageSchema":"1a1c01bbd47fc00a2c39e90264f33305004495a9","hash":"ecd13dc0673bfc6d29fa7161996828b7e2f6debd"}
,"/Users/nighwan/ukmkemasan-erp-backend/models/User.js": {"path":"/Users/nighwan/ukmkemasan-erp-backend/models/User.js","statementMap":{"0":{"start":{"line":1,"column":17},"end":{"line":1,"column":36}},"1":{"start":{"line":2,"column":15},"end":{"line":2,"column":34}},"2":{"start":{"line":4,"column":19},"end":{"line":33,"column":24}},"3":{"start":{"line":36,"column":0},"end":{"line":40,"column":3}},"4":{"start":{"line":37,"column":4},"end":{"line":37,"column":45}},"5":{"start":{"line":37,"column":38},"end":{"line":37,"column":45}},"6":{"start":{"line":38,"column":17},"end":{"line":38,"column":41}},"7":{"start":{"line":39,"column":4},"end":{"line":39,"column":59}},"8":{"start":{"line":42,"column":0},"end":{"line":44,"column":2}},"9":{"start":{"line":43,"column":4},"end":{"line":43,"column":64}},"10":{"start":{"line":46,"column":0},"end":{"line":46,"column":52}}},"fnMap":{"0":{"name":"(anonymous_0)","decl":{"start":{"line":36,"column":23},"end":{"line":36,"column":24}},"loc":{"start":{"line":36,"column":41},"end":{"line":40,"column":1}},"line":36},"1":{"name":"(anonymous_1)","decl":{"start":{"line":42,"column":35},"end":{"line":42,"column":36}},"loc":{"start":{"line":42,"column":68},"end":{"line":44,"column":1}},"line":42}},"branchMap":{"0":{"loc":{"start":{"line":37,"column":4},"end":{"line":37,"column":45}},"type":"if","locations":[{"start":{"line":37,"column":4},"end":{"line":37,"column":45}},{"start":{},"end":{}}],"line":37}},"s":{"0":2,"1":2,"2":2,"3":2,"4":1,"5":0,"6":1,"7":1,"8":2,"9":0,"10":2},"f":{"0":1,"1":0},"b":{"0":[0,1]},"_coverageSchema":"1a1c01bbd47fc00a2c39e90264f33305004495a9","hash":"97c3a9853e8b50ce7b1f00976bc7b033d36f6b23"}
,"/Users/nighwan/ukmkemasan-erp-backend/models/Warehouse.js": {"path":"/Users/nighwan/ukmkemasan-erp-backend/models/Warehouse.js","statementMap":{"0":{"start":{"line":1,"column":17},"end":{"line":1,"column":36}},"1":{"start":{"line":3,"column":24},"end":{"line":8,"column":24}},"2":{"start":{"line":10,"column":0},"end":{"line":10,"column":62}}},"fnMap":{},"branchMap":{},"s":{"0":2,"1":2,"2":2},"f":{},"b":{},"_coverageSchema":"1a1c01bbd47fc00a2c39e90264f33305004495a9","hash":"422842533c3acfb3435c0c1fbfa658d64609e76c"}
,"/Users/nighwan/ukmkemasan-erp-backend/routes/authRoutes.js": {"path":"/Users/nighwan/ukmkemasan-erp-backend/routes/authRoutes.js","statementMap":{"0":{"start":{"line":1,"column":16},"end":{"line":1,"column":34}},"1":{"start":{"line":2,"column":15},"end":{"line":2,"column":31}},"2":{"start":{"line":3,"column":79},"end":{"line":3,"column":119}},"3":{"start":{"line":4,"column":20},"end":{"line":4,"column":59}},"4":{"start":{"line":5,"column":24},"end":{"line":5,"column":60}},"5":{"start":{"line":7,"column":0},"end":{"line":7,"column":52}},"6":{"start":{"line":8,"column":0},"end":{"line":8,"column":46}},"7":{"start":{"line":9,"column":0},"end":{"line":9,"column":44}},"8":{"start":{"line":10,"column":0},"end":{"line":10,"column":47}},"9":{"start":{"line":11,"column":0},"end":{"line":11,"column":49}},"10":{"start":{"line":13,"column":0},"end":{"line":13,"column":24}}},"fnMap":{},"branchMap":{},"s":{"0":2,"1":2,"2":2,"3":2,"4":2,"5":2,"6":2,"7":2,"8":2,"9":2,"10":2},"f":{},"b":{},"_coverageSchema":"1a1c01bbd47fc00a2c39e90264f33305004495a9","hash":"700d93e9d97c444d68c47671b7fb0f5fdbfb78b0"}
,"/Users/nighwan/ukmkemasan-erp-backend/routes/customerRoutes.js": {"path":"/Users/nighwan/ukmkemasan-erp-backend/routes/customerRoutes.js","statementMap":{"0":{"start":{"line":1,"column":16},"end":{"line":1,"column":34}},"1":{"start":{"line":2,"column":15},"end":{"line":2,"column":31}},"2":{"start":{"line":3,"column":42},"end":{"line":3,"column":86}},"3":{"start":{"line":4,"column":27},"end":{"line":4,"column":66}},"4":{"start":{"line":8,"column":0},"end":{"line":8,"column":39}},"5":{"start":{"line":9,"column":0},"end":{"line":9,"column":55}},"6":{"start":{"line":11,"column":0},"end":{"line":11,"column":24}}},"fnMap":{},"branchMap":{},"s":{"0":2,"1":2,"2":2,"3":2,"4":2,"5":2,"6":2},"f":{},"b":{},"_coverageSchema":"1a1c01bbd47fc00a2c39e90264f33305004495a9","hash":"9974f2285147d2938d92940f65c38f78b37e8f40"}
,"/Users/nighwan/ukmkemasan-erp-backend/routes/dashboardRoutes.js": {"path":"/Users/nighwan/ukmkemasan-erp-backend/routes/dashboardRoutes.js","statementMap":{"0":{"start":{"line":1,"column":16},"end":{"line":1,"column":34}},"1":{"start":{"line":2,"column":15},"end":{"line":2,"column":31}},"2":{"start":{"line":3,"column":48},"end":{"line":3,"column":93}},"3":{"start":{"line":4,"column":27},"end":{"line":4,"column":66}},"4":{"start":{"line":6,"column":0},"end":{"line":6,"column":52}},"5":{"start":{"line":7,"column":0},"end":{"line":7,"column":64}},"6":{"start":{"line":9,"column":0},"end":{"line":9,"column":24}}},"fnMap":{},"branchMap":{},"s":{"0":2,"1":2,"2":2,"3":2,"4":2,"5":2,"6":2},"f":{},"b":{},"_coverageSchema":"1a1c01bbd47fc00a2c39e90264f33305004495a9","hash":"b90da93f081056ed5a150271e359351dd001164e"}
,"/Users/nighwan/ukmkemasan-erp-backend/routes/inventoryRoutes.js": {"path":"/Users/nighwan/ukmkemasan-erp-backend/routes/inventoryRoutes.js","statementMap":{"0":{"start":{"line":1,"column":16},"end":{"line":1,"column":34}},"1":{"start":{"line":2,"column":15},"end":{"line":2,"column":31}},"2":{"start":{"line":3,"column":27},"end":{"line":3,"column":66}},"3":{"start":{"line":12,"column":4},"end":{"line":12,"column":49}},"4":{"start":{"line":15,"column":0},"end":{"line":15,"column":20}},"5":{"start":{"line":18,"column":0},"end":{"line":18,"column":52}},"6":{"start":{"line":20,"column":0},"end":{"line":22,"column":32}},"7":{"start":{"line":24,"column":0},"end":{"line":26,"column":34}},"8":{"start":{"line":29,"column":0},"end":{"line":29,"column":53}},"9":{"start":{"line":32,"column":0},"end":{"line":32,"column":53}},"10":{"start":{"line":34,"column":0},"end":{"line":34,"column":24}}},"fnMap":{},"branchMap":{},"s":{"0":2,"1":2,"2":2,"3":2,"4":2,"5":2,"6":2,"7":2,"8":2,"9":2,"10":2},"f":{},"b":{},"_coverageSchema":"1a1c01bbd47fc00a2c39e90264f33305004495a9","hash":"88d63fe4abf006b6ad889de3f9a007b3a089f4a2"}
,"/Users/nighwan/ukmkemasan-erp-backend/routes/landingContentRoutes.js": {"path":"/Users/nighwan/ukmkemasan-erp-backend/routes/landingContentRoutes.js","statementMap":{"0":{"start":{"line":1,"column":16},"end":{"line":1,"column":34}},"1":{"start":{"line":2,"column":15},"end":{"line":2,"column":31}},"2":{"start":{"line":3,"column":52},"end":{"line":3,"column":102}},"3":{"start":{"line":4,"column":27},"end":{"line":4,"column":66}},"4":{"start":{"line":5,"column":15},"end":{"line":5,"column":56}},"5":{"start":{"line":7,"column":0},"end":{"line":9,"column":59}},"6":{"start":{"line":11,"column":0},"end":{"line":11,"column":24}}},"fnMap":{},"branchMap":{},"s":{"0":2,"1":2,"2":2,"3":2,"4":2,"5":2,"6":2},"f":{},"b":{},"_coverageSchema":"1a1c01bbd47fc00a2c39e90264f33305004495a9","hash":"8015ea2fd026663151d079d4c7a4aed9c4675bd3"}
,"/Users/nighwan/ukmkemasan-erp-backend/routes/orderRoutes.js": {"path":"/Users/nighwan/ukmkemasan-erp-backend/routes/orderRoutes.js","statementMap":{"0":{"start":{"line":1,"column":16},"end":{"line":1,"column":34}},"1":{"start":{"line":2,"column":15},"end":{"line":2,"column":31}},"2":{"start":{"line":9,"column":4},"end":{"line":9,"column":45}},"3":{"start":{"line":10,"column":27},"end":{"line":10,"column":66}},"4":{"start":{"line":11,"column":15},"end":{"line":11,"column":56}},"5":{"start":{"line":14,"column":0},"end":{"line":14,"column":46}},"6":{"start":{"line":17,"column":0},"end":{"line":27,"column":5}},"7":{"start":{"line":20,"column":4},"end":{"line":26,"column":5}},"8":{"start":{"line":21,"column":20},"end":{"line":21,"column":46}},"9":{"start":{"line":22,"column":21},"end":{"line":22,"column":104}},"10":{"start":{"line":23,"column":6},"end":{"line":23,"column":23}},"11":{"start":{"line":25,"column":6},"end":{"line":25,"column":55}},"12":{"start":{"line":30,"column":0},"end":{"line":30,"column":42}},"13":{"start":{"line":33,"column":0},"end":{"line":33,"column":61}},"14":{"start":{"line":34,"column":0},"end":{"line":34,"column":86}},"15":{"start":{"line":36,"column":0},"end":{"line":36,"column":24}}},"fnMap":{"0":{"name":"(anonymous_0)","decl":{"start":{"line":19,"column":23},"end":{"line":19,"column":24}},"loc":{"start":{"line":19,"column":43},"end":{"line":27,"column":3}},"line":19}},"branchMap":{},"s":{"0":2,"1":2,"2":2,"3":2,"4":2,"5":2,"6":2,"7":0,"8":0,"9":0,"10":0,"11":0,"12":2,"13":2,"14":2,"15":2},"f":{"0":0},"b":{},"_coverageSchema":"1a1c01bbd47fc00a2c39e90264f33305004495a9","hash":"3a5c285252f913793f3f708fc4a189b05bfcfbdc"}
,"/Users/nighwan/ukmkemasan-erp-backend/routes/paymentRoutes.js": {"path":"/Users/nighwan/ukmkemasan-erp-backend/routes/paymentRoutes.js","statementMap":{"0":{"start":{"line":1,"column":16},"end":{"line":1,"column":34}},"1":{"start":{"line":2,"column":20},"end":{"line":2,"column":59}},"2":{"start":{"line":7,"column":4},"end":{"line":7,"column":47}},"3":{"start":{"line":9,"column":15},"end":{"line":9,"column":31}},"4":{"start":{"line":11,"column":0},"end":{"line":11,"column":56}},"5":{"start":{"line":13,"column":0},"end":{"line":13,"column":64}},"6":{"start":{"line":14,"column":0},"end":{"line":14,"column":81}},"7":{"start":{"line":16,"column":0},"end":{"line":16,"column":24}}},"fnMap":{},"branchMap":{},"s":{"0":2,"1":2,"2":2,"3":2,"4":2,"5":2,"6":2,"7":2},"f":{},"b":{},"_coverageSchema":"1a1c01bbd47fc00a2c39e90264f33305004495a9","hash":"5e2df93e2d0583965df4f378984717732e73b947"}
,"/Users/nighwan/ukmkemasan-erp-backend/routes/productRoutes.js": {"path":"/Users/nighwan/ukmkemasan-erp-backend/routes/productRoutes.js","statementMap":{"0":{"start":{"line":1,"column":16},"end":{"line":1,"column":34}},"1":{"start":{"line":2,"column":15},"end":{"line":2,"column":31}},"2":{"start":{"line":11,"column":4},"end":{"line":11,"column":47}},"3":{"start":{"line":12,"column":27},"end":{"line":12,"column":66}},"4":{"start":{"line":13,"column":15},"end":{"line":13,"column":56}},"5":{"start":{"line":15,"column":0},"end":{"line":17,"column":68}},"6":{"start":{"line":19,"column":0},"end":{"line":19,"column":43}},"7":{"start":{"line":20,"column":0},"end":{"line":20,"column":54}},"8":{"start":{"line":22,"column":0},"end":{"line":25,"column":43}},"9":{"start":{"line":27,"column":0},"end":{"line":27,"column":24}}},"fnMap":{},"branchMap":{},"s":{"0":2,"1":2,"2":2,"3":2,"4":2,"5":2,"6":2,"7":2,"8":2,"9":2},"f":{},"b":{},"_coverageSchema":"1a1c01bbd47fc00a2c39e90264f33305004495a9","hash":"5757d80870228948c21c7d71721818080bf218c1"}
,"/Users/nighwan/ukmkemasan-erp-backend/routes/salesRoutes.js": {"path":"/Users/nighwan/ukmkemasan-erp-backend/routes/salesRoutes.js","statementMap":{"0":{"start":{"line":1,"column":16},"end":{"line":1,"column":34}},"1":{"start":{"line":2,"column":15},"end":{"line":2,"column":31}},"2":{"start":{"line":3,"column":27},"end":{"line":3,"column":66}},"3":{"start":{"line":14,"column":4},"end":{"line":14,"column":45}},"4":{"start":{"line":16,"column":0},"end":{"line":16,"column":27}},"5":{"start":{"line":18,"column":0},"end":{"line":18,"column":42}},"6":{"start":{"line":19,"column":0},"end":{"line":19,"column":52}},"7":{"start":{"line":21,"column":0},"end":{"line":23,"column":23}},"8":{"start":{"line":25,"column":0},"end":{"line":25,"column":47}},"9":{"start":{"line":27,"column":0},"end":{"line":29,"column":23}},"10":{"start":{"line":31,"column":0},"end":{"line":33,"column":27}},"11":{"start":{"line":35,"column":0},"end":{"line":35,"column":24}}},"fnMap":{},"branchMap":{},"s":{"0":2,"1":2,"2":2,"3":2,"4":2,"5":2,"6":2,"7":2,"8":2,"9":2,"10":2,"11":2},"f":{},"b":{},"_coverageSchema":"1a1c01bbd47fc00a2c39e90264f33305004495a9","hash":"dcd85268adc5c405d741997ddd4687453fdedc76"}
,"/Users/nighwan/ukmkemasan-erp-backend/tests/setup.js": {"path":"/Users/nighwan/ukmkemasan-erp-backend/tests/setup.js","statementMap":{"0":{"start":{"line":1,"column":17},"end":{"line":1,"column":36}},"1":{"start":{"line":2,"column":30},"end":{"line":2,"column":62}},"2":{"start":{"line":6,"column":0},"end":{"line":17,"column":2}},"3":{"start":{"line":8,"column":4},"end":{"line":8,"column":46}},"4":{"start":{"line":9,"column":16},"end":{"line":9,"column":31}},"5":{"start":{"line":10,"column":4},"end":{"line":10,"column":32}},"6":{"start":{"line":13,"column":4},"end":{"line":13,"column":45}},"7":{"start":{"line":14,"column":4},"end":{"line":14,"column":38}},"8":{"start":{"line":15,"column":4},"end":{"line":15,"column":24}}},"fnMap":{"0":{"name":"(anonymous_0)","decl":{"start":{"line":7,"column":9},"end":{"line":7,"column":10}},"loc":{"start":{"line":7,"column":21},"end":{"line":11,"column":3}},"line":7},"1":{"name":"(anonymous_1)","decl":{"start":{"line":12,"column":12},"end":{"line":12,"column":13}},"loc":{"start":{"line":12,"column":24},"end":{"line":16,"column":3}},"line":12}},"branchMap":{},"s":{"0":2,"1":2,"2":2,"3":2,"4":0,"5":0,"6":2,"7":0,"8":0},"f":{"0":2,"1":2},"b":{},"_coverageSchema":"1a1c01bbd47fc00a2c39e90264f33305004495a9","hash":"dcc646f92dcb9eb24ba9931cf6a6a169c5b5cf2a"}
,"/Users/nighwan/ukmkemasan-erp-backend/utils/quoteCalculator.js": {"path":"/Users/nighwan/ukmkemasan-erp-backend/utils/quoteCalculator.js","statementMap":{"0":{"start":{"line":8,"column":23},"end":{"line":30,"column":1}},"1":{"start":{"line":11,"column":22},"end":{"line":11,"column":48}},"2":{"start":{"line":12,"column":18},"end":{"line":12,"column":80}},"3":{"start":{"line":16,"column":21},"end":{"line":16,"column":55}},"4":{"start":{"line":17,"column":21},"end":{"line":17,"column":46}},"5":{"start":{"line":20,"column":25},"end":{"line":20,"column":47}},"6":{"start":{"line":21,"column":22},"end":{"line":21,"column":47}},"7":{"start":{"line":23,"column":2},"end":{"line":29,"column":4}},"8":{"start":{"line":32,"column":0},"end":{"line":32,"column":32}}},"fnMap":{"0":{"name":"(anonymous_0)","decl":{"start":{"line":8,"column":23},"end":{"line":8,"column":24}},"loc":{"start":{"line":8,"column":80},"end":{"line":30,"column":1}},"line":8}},"branchMap":{"0":{"loc":{"start":{"line":8,"column":53},"end":{"line":8,"column":75}},"type":"default-arg","locations":[{"start":{"line":8,"column":71},"end":{"line":8,"column":75}}],"line":8},"1":{"loc":{"start":{"line":11,"column":22},"end":{"line":11,"column":48}},"type":"binary-expr","locations":[{"start":{"line":11,"column":22},"end":{"line":11,"column":37}},{"start":{"line":11,"column":41},"end":{"line":11,"column":48}}],"line":11},"2":{"loc":{"start":{"line":12,"column":18},"end":{"line":12,"column":80}},"type":"cond-expr","locations":[{"start":{"line":12,"column":37},"end":{"line":12,"column":57}},{"start":{"line":12,"column":60},"end":{"line":12,"column":80}}],"line":12},"3":{"loc":{"start":{"line":16,"column":21},"end":{"line":16,"column":55}},"type":"binary-expr","locations":[{"start":{"line":16,"column":21},"end":{"line":16,"column":48}},{"start":{"line":16,"column":52},"end":{"line":16,"column":55}}],"line":16},"4":{"loc":{"start":{"line":17,"column":21},"end":{"line":17,"column":46}},"type":"cond-expr","locations":[{"start":{"line":17,"column":32},"end":{"line":17,"column":42}},{"start":{"line":17,"column":45},"end":{"line":17,"column":46}}],"line":17},"5":{"loc":{"start":{"line":24,"column":14},"end":{"line":24,"column":67}},"type":"cond-expr","locations":[{"start":{"line":24,"column":33},"end":{"line":24,"column":50}},{"start":{"line":24,"column":53},"end":{"line":24,"column":67}}],"line":24}},"s":{"0":2,"1":0,"2":0,"3":0,"4":0,"5":0,"6":0,"7":0,"8":2},"f":{"0":0},"b":{"0":[0],"1":[0,0],"2":[0,0],"3":[0,0],"4":[0,0],"5":[0,0]},"_coverageSchema":"1a1c01bbd47fc00a2c39e90264f33305004495a9","hash":"1a8a2a6e65a349b014983c854357c33bfb5bbcb3"}
}
