TN:
SF:app.js
FN:38,(anonymous_0)
FN:42,(anonymous_1)
FN:61,(anonymous_2)
FNF:3
FNH:2
FNDA:30,(anonymous_0)
FNDA:139,(anonymous_1)
FNDA:0,(anonymous_2)
DA:1,10
DA:2,10
DA:4,10
DA:6,10
DA:7,10
DA:8,10
DA:9,10
DA:10,10
DA:11,10
DA:12,10
DA:13,10
DA:14,10
DA:15,10
DA:16,10
DA:17,10
DA:18,10
DA:19,10
DA:20,10
DA:21,10
DA:22,10
DA:23,10
DA:24,10
DA:26,10
DA:27,10
DA:29,10
DA:30,10
DA:31,10
DA:32,10
DA:38,30
DA:41,10
DA:43,139
DA:44,139
DA:47,0
DA:54,10
DA:55,10
DA:56,10
DA:57,10
DA:58,10
DA:61,10
DA:62,0
DA:69,10
DA:70,10
DA:71,10
DA:72,10
DA:73,10
DA:74,10
DA:75,10
DA:76,10
DA:77,10
DA:78,10
DA:79,10
DA:80,10
DA:81,10
DA:83,10
DA:92,10
DA:93,10
DA:95,10
LF:57
LH:55
BRDA:30,0,0,10
BRDA:30,0,1,0
BRDA:31,1,0,10
BRDA:31,1,1,0
BRDA:32,2,0,10
BRDA:32,2,1,0
BRDA:43,3,0,139
BRDA:43,3,1,0
BRDA:43,4,0,139
BRDA:43,4,1,0
BRDA:57,5,0,10
BRDA:57,5,1,0
BRDA:57,6,0,10
BRDA:57,6,1,10
BRF:14
BRH:8
end_of_record
TN:
SF:swagger.js
FNF:0
FNH:0
DA:1,10
DA:3,10
DA:2476,10
DA:2481,10
DA:2483,10
LF:5
LH:5
BRDA:15,0,0,10
BRDA:15,0,1,0
BRF:2
BRH:1
end_of_record
TN:
SF:config/cloudinary.js
FN:13,(anonymous_0)
FN:14,(anonymous_1)
FN:27,(anonymous_2)
FN:43,(anonymous_3)
FNF:4
FNH:4
FNDA:2,(anonymous_0)
FNDA:2,(anonymous_1)
FNDA:2,(anonymous_2)
FNDA:2,(anonymous_3)
DA:1,9
DA:5,9
DA:13,9
DA:14,2
DA:15,2
DA:28,2
DA:29,1
DA:35,2
DA:43,9
DA:44,2
DA:45,2
DA:47,1
DA:51,9
LF:13
LH:13
BRDA:13,0,0,1
BRDA:28,1,0,1
BRDA:28,1,1,1
BRF:3
BRH:3
end_of_record
TN:
SF:controllers/authController.js
FN:4,(anonymous_0)
FN:14,(anonymous_1)
FN:41,(anonymous_2)
FN:96,(anonymous_3)
FN:108,(anonymous_4)
FN:134,(anonymous_5)
FNF:6
FNH:6
FNDA:2,(anonymous_0)
FNDA:3,(anonymous_1)
FNDA:6,(anonymous_2)
FNDA:1,(anonymous_3)
FNDA:1,(anonymous_4)
FNDA:3,(anonymous_5)
DA:1,10
DA:2,10
DA:4,10
DA:5,2
DA:14,10
DA:15,3
DA:18,3
DA:19,1
DA:22,2
DA:23,2
DA:24,2
DA:26,1
DA:27,1
DA:35,0
DA:41,10
DA:42,6
DA:45,6
DA:46,1
DA:49,5
DA:50,5
DA:52,5
DA:53,1
DA:57,4
DA:58,1
DA:59,1
DA:65,3
DA:67,1
DA:68,1
DA:69,1
DA:71,1
DA:79,2
DA:82,2
DA:83,1
DA:86,2
DA:87,2
DA:90,0
DA:96,10
DA:97,1
DA:98,1
DA:99,1
DA:100,1
DA:102,0
DA:108,10
DA:109,1
DA:110,1
DA:111,1
DA:113,1
DA:114,1
DA:115,1
DA:116,1
DA:118,1
DA:119,1
DA:128,0
DA:134,10
DA:135,3
DA:137,3
DA:138,1
DA:141,2
DA:142,0
DA:145,2
DA:146,2
DA:148,2
DA:149,1
DA:152,1
DA:153,1
DA:154,1
DA:156,0
LF:67
LH:61
BRDA:8,0,0,2
BRDA:8,0,1,0
BRDA:18,1,0,1
BRDA:18,1,1,2
BRDA:18,2,0,3
BRDA:18,2,1,2
BRDA:18,2,2,2
BRDA:24,3,0,1
BRDA:24,3,1,1
BRDA:45,4,0,1
BRDA:45,4,1,5
BRDA:45,5,0,6
BRDA:45,5,1,6
BRDA:52,6,0,1
BRDA:52,6,1,4
BRDA:57,7,0,1
BRDA:57,7,1,3
BRDA:57,8,0,4
BRDA:57,8,1,1
BRDA:65,9,0,1
BRDA:65,9,1,2
BRDA:79,10,0,2
BRDA:79,10,1,0
BRDA:82,11,0,1
BRDA:82,11,1,1
BRDA:99,12,0,0
BRDA:99,12,1,1
BRDA:111,13,0,0
BRDA:111,13,1,1
BRDA:113,14,0,1
BRDA:113,14,1,0
BRDA:114,15,0,1
BRDA:114,15,1,1
BRDA:115,16,0,1
BRDA:115,16,1,1
BRDA:116,17,0,1
BRDA:116,17,1,1
BRDA:137,18,0,1
BRDA:137,18,1,2
BRDA:137,19,0,3
BRDA:137,19,1,3
BRDA:141,20,0,0
BRDA:141,20,1,2
BRDA:148,21,0,1
BRDA:148,21,1,1
BRF:45
BRH:39
end_of_record
TN:
SF:controllers/conversationController.js
FN:4,(anonymous_0)
FN:35,(anonymous_1)
FN:58,(anonymous_2)
FN:82,(anonymous_3)
FN:118,(anonymous_4)
FN:141,(anonymous_5)
FNF:6
FNH:0
FNDA:0,(anonymous_0)
FNDA:0,(anonymous_1)
FNDA:0,(anonymous_2)
FNDA:0,(anonymous_3)
FNDA:0,(anonymous_4)
FNDA:0,(anonymous_5)
DA:1,10
DA:2,10
DA:4,10
DA:5,0
DA:6,0
DA:8,0
DA:15,0
DA:21,0
DA:22,0
DA:23,0
DA:25,0
DA:29,0
DA:31,0
DA:35,10
DA:36,0
DA:37,0
DA:39,0
DA:40,0
DA:43,0
DA:44,0
DA:47,0
DA:52,0
DA:54,0
DA:58,10
DA:59,0
DA:60,0
DA:64,0
DA:65,0
DA:68,0
DA:69,0
DA:72,0
DA:76,0
DA:78,0
DA:82,10
DA:83,0
DA:84,0
DA:86,0
DA:87,0
DA:90,0
DA:91,0
DA:94,0
DA:100,0
DA:101,0
DA:102,0
DA:103,0
DA:105,0
DA:107,0
DA:109,0
DA:112,0
DA:114,0
DA:118,10
DA:119,0
DA:120,0
DA:122,0
DA:123,0
DA:126,0
DA:127,0
DA:130,0
DA:135,0
DA:137,0
DA:141,10
DA:142,0
DA:143,0
DA:145,0
DA:146,0
DA:149,0
DA:157,0
DA:158,0
DA:161,0
DA:163,0
DA:167,10
LF:71
LH:9
BRDA:10,0,0,0
BRDA:10,0,1,0
BRDA:11,1,0,0
BRDA:11,1,1,0
BRDA:39,2,0,0
BRDA:39,2,1,0
BRDA:43,3,0,0
BRDA:43,3,1,0
BRDA:64,4,0,0
BRDA:64,4,1,0
BRDA:68,5,0,0
BRDA:68,5,1,0
BRDA:68,6,0,0
BRDA:68,6,1,0
BRDA:86,7,0,0
BRDA:86,7,1,0
BRDA:90,8,0,0
BRDA:90,8,1,0
BRDA:90,9,0,0
BRDA:90,9,1,0
BRDA:102,10,0,0
BRDA:102,10,1,0
BRDA:122,11,0,0
BRDA:122,11,1,0
BRDA:126,12,0,0
BRDA:126,12,1,0
BRDA:126,13,0,0
BRDA:126,13,1,0
BRDA:145,14,0,0
BRDA:145,14,1,0
BRDA:157,15,0,0
BRDA:157,15,1,0
BRF:32
BRH:0
end_of_record
TN:
SF:controllers/customerController.js
FN:6,(anonymous_0)
FN:18,(anonymous_1)
FN:22,(anonymous_2)
FNF:3
FNH:3
FNDA:2,(anonymous_0)
FNDA:2,(anonymous_1)
FNDA:2,(anonymous_2)
DA:1,10
DA:2,10
DA:6,10
DA:7,2
DA:9,2
DA:10,1
DA:12,1
DA:18,10
DA:19,2
DA:20,2
DA:22,2
DA:29,1
DA:30,1
DA:31,1
DA:33,1
DA:35,1
DA:36,1
DA:37,1
DA:39,1
LF:19
LH:19
BRDA:26,0,0,1
BRDA:26,0,1,1
BRF:2
BRH:2
end_of_record
TN:
SF:controllers/dashboardController.js
FN:7,(anonymous_0)
FN:63,(anonymous_1)
FN:64,(anonymous_2)
FN:72,(anonymous_3)
FNF:4
FNH:4
FNDA:1,(anonymous_0)
FNDA:1,(anonymous_1)
FNDA:1,(anonymous_2)
FNDA:1,(anonymous_3)
DA:1,10
DA:2,10
DA:3,10
DA:7,10
DA:8,1
DA:9,1
DA:51,1
DA:60,1
DA:63,1
DA:64,1
DA:68,0
DA:72,10
DA:73,1
DA:75,1
DA:76,1
DA:77,1
DA:78,1
DA:81,1
DA:87,1
DA:92,1
DA:139,1
DA:151,0
LF:22
LH:20
BRDA:63,0,0,1
BRDA:63,0,1,1
BRDA:64,1,0,1
BRDA:64,1,1,1
BRDA:141,2,0,1
BRDA:141,2,1,0
BRF:6
BRH:5
end_of_record
TN:
SF:controllers/inventoryController.js
FN:6,(anonymous_0)
FN:16,(anonymous_1)
FN:18,(anonymous_2)
FN:24,(anonymous_3)
FN:35,(anonymous_4)
FN:38,(anonymous_5)
FN:53,(anonymous_6)
FN:81,(anonymous_7)
FN:106,(anonymous_8)
FN:134,(anonymous_9)
FN:171,(anonymous_10)
FN:198,(anonymous_11)
FN:308,(anonymous_12)
FNF:13
FNH:10
FNDA:1,(anonymous_0)
FNDA:0,(anonymous_1)
FNDA:0,(anonymous_2)
FNDA:2,(anonymous_3)
FNDA:6,(anonymous_4)
FNDA:0,(anonymous_5)
FNDA:1,(anonymous_6)
FNDA:3,(anonymous_7)
FNDA:3,(anonymous_8)
FNDA:3,(anonymous_9)
FNDA:3,(anonymous_10)
FNDA:6,(anonymous_11)
FNDA:1,(anonymous_12)
DA:1,10
DA:2,10
DA:3,10
DA:4,10
DA:6,10
DA:7,1
DA:9,0
DA:16,10
DA:17,0
DA:18,0
DA:21,0
DA:24,10
DA:25,2
DA:27,2
DA:35,6
DA:38,0
DA:53,10
DA:54,1
DA:55,1
DA:57,1
DA:58,0
DA:69,1
DA:73,1
DA:75,0
DA:81,10
DA:82,3
DA:83,3
DA:85,3
DA:86,1
DA:89,3
DA:90,1
DA:93,3
DA:94,0
DA:97,3
DA:98,3
DA:100,0
DA:106,10
DA:107,3
DA:108,3
DA:110,3
DA:111,1
DA:114,2
DA:115,2
DA:116,1
DA:119,1
DA:126,1
DA:128,0
DA:134,10
DA:135,3
DA:136,3
DA:137,3
DA:138,1
DA:141,2
DA:142,2
DA:144,2
DA:150,2
DA:151,1
DA:154,1
DA:155,1
DA:156,1
DA:158,1
DA:159,0
DA:162,1
DA:163,1
DA:165,0
DA:171,10
DA:172,3
DA:173,3
DA:174,3
DA:175,1
DA:178,2
DA:183,2
DA:184,1
DA:189,1
DA:190,1
DA:192,0
DA:198,10
DA:199,6
DA:200,6
DA:202,6
DA:203,6
DA:208,6
DA:209,5
DA:210,5
DA:211,1
DA:213,4
DA:214,1
DA:216,3
DA:217,0
DA:219,3
DA:220,1
DA:223,2
DA:224,2
DA:228,2
DA:229,0
DA:232,2
DA:233,0
DA:236,2
DA:240,2
DA:241,1
DA:246,1
DA:247,1
DA:250,1
DA:262,1
DA:263,0
DA:265,1
DA:268,1
DA:271,1
DA:272,1
DA:285,1
DA:289,1
DA:302,0
DA:308,10
DA:309,1
DA:310,1
DA:312,1
DA:313,0
DA:316,1
DA:320,1
DA:322,0
LF:120
LH:100
BRDA:6,0,0,0
BRDA:7,1,0,1
BRDA:7,1,1,0
BRDA:10,2,0,0
BRDA:10,2,1,0
BRDA:11,3,0,0
BRDA:11,3,1,0
BRDA:12,4,0,0
BRDA:12,4,1,0
BRDA:16,5,0,0
BRDA:16,6,0,0
BRDA:17,7,0,0
BRDA:17,7,1,0
BRDA:18,8,0,0
BRDA:18,8,1,0
BRDA:25,9,0,2
BRDA:25,9,1,0
BRDA:33,10,0,2
BRDA:33,10,1,0
BRDA:35,11,0,6
BRDA:35,11,1,2
BRDA:43,12,0,0
BRDA:43,12,1,0
BRDA:44,13,0,0
BRDA:44,13,1,0
BRDA:45,14,0,0
BRDA:45,14,1,0
BRDA:57,15,0,0
BRDA:57,15,1,1
BRDA:85,16,0,1
BRDA:85,16,1,2
BRDA:89,17,0,1
BRDA:89,17,1,2
BRDA:93,18,0,0
BRDA:93,18,1,3
BRDA:108,19,0,3
BRDA:108,20,0,0
BRDA:108,21,0,3
BRDA:110,22,0,1
BRDA:110,22,1,2
BRDA:110,23,0,3
BRDA:110,23,1,2
BRDA:115,24,0,1
BRDA:115,24,1,1
BRDA:137,25,0,1
BRDA:137,25,1,2
BRDA:141,26,0,2
BRDA:141,26,1,0
BRDA:142,27,0,2
BRDA:142,27,1,2
BRDA:150,28,0,1
BRDA:150,28,1,1
BRDA:155,29,0,1
BRDA:155,29,1,1
BRDA:158,30,0,0
BRDA:158,30,1,1
BRDA:174,31,0,1
BRDA:174,31,1,2
BRDA:183,32,0,1
BRDA:183,32,1,1
BRDA:183,33,0,2
BRDA:183,33,1,1
BRDA:208,34,0,1
BRDA:208,34,1,5
BRDA:209,35,0,0
BRDA:209,35,1,5
BRDA:210,36,0,1
BRDA:210,36,1,4
BRDA:213,37,0,1
BRDA:213,37,1,3
BRDA:216,38,0,0
BRDA:216,38,1,3
BRDA:216,39,0,3
BRDA:216,39,1,3
BRDA:219,40,0,1
BRDA:219,40,1,2
BRDA:219,41,0,3
BRDA:219,41,1,2
BRDA:223,42,0,2
BRDA:223,42,1,2
BRDA:224,43,0,0
BRDA:224,43,1,2
BRDA:226,44,0,0
BRDA:226,44,1,2
BRDA:226,45,0,2
BRDA:226,45,1,0
BRDA:228,46,0,0
BRDA:228,46,1,2
BRDA:228,47,0,2
BRDA:228,47,1,0
BRDA:232,48,0,0
BRDA:232,48,1,2
BRDA:232,49,0,2
BRDA:232,49,1,2
BRDA:232,49,2,0
BRDA:236,50,0,0
BRDA:236,50,1,2
BRDA:237,51,0,0
BRDA:237,51,1,0
BRDA:238,52,0,2
BRDA:238,52,1,0
BRDA:240,53,0,1
BRDA:240,53,1,1
BRDA:240,54,0,2
BRDA:240,54,1,1
BRDA:246,55,0,1
BRDA:246,55,1,0
BRDA:262,56,0,0
BRDA:262,56,1,1
BRDA:263,57,0,0
BRDA:263,57,1,0
BRDA:265,58,0,1
BRDA:265,58,1,0
BRDA:281,59,0,0
BRDA:281,59,1,1
BRDA:281,60,0,0
BRDA:281,60,1,0
BRDA:292,61,0,0
BRDA:292,61,1,1
BRDA:296,62,0,0
BRDA:296,62,1,0
BRDA:312,63,0,0
BRDA:312,63,1,1
BRF:123
BRH:71
end_of_record
TN:
SF:controllers/landingContentController.js
FN:76,(anonymous_0)
FN:78,(anonymous_1)
FN:89,(anonymous_2)
FN:101,(anonymous_3)
FN:114,(anonymous_4)
FN:124,(anonymous_5)
FN:137,(anonymous_6)
FN:148,(anonymous_7)
FN:158,(anonymous_8)
FN:161,(anonymous_9)
FN:164,(anonymous_10)
FN:166,(anonymous_11)
FNF:12
FNH:12
FNDA:64,(anonymous_0)
FNDA:8,(anonymous_1)
FNDA:4,(anonymous_2)
FNDA:2,(anonymous_3)
FNDA:1,(anonymous_4)
FNDA:12,(anonymous_5)
FNDA:3,(anonymous_6)
FNDA:9,(anonymous_7)
FNDA:2,(anonymous_8)
FNDA:2,(anonymous_9)
FNDA:1,(anonymous_10)
FNDA:1,(anonymous_11)
DA:1,10
DA:2,10
DA:4,10
DA:5,10
DA:7,10
DA:76,64
DA:78,10
DA:79,8
DA:80,8
DA:82,2
DA:83,2
DA:85,1
DA:89,10
DA:101,10
DA:114,10
DA:124,10
DA:125,12
DA:126,10
DA:127,1
DA:132,10
DA:137,10
DA:138,3
DA:139,3
DA:140,2
DA:142,1
DA:148,10
DA:149,9
DA:150,9
DA:151,8
DA:153,7
DA:154,7
DA:155,7
DA:157,7
DA:158,2
DA:160,7
DA:161,2
DA:163,7
DA:164,1
DA:166,7
DA:168,7
DA:169,7
DA:171,7
DA:172,4
DA:173,4
DA:174,4
DA:175,4
DA:176,4
DA:178,4
DA:180,4
DA:181,1
DA:182,1
DA:185,1
DA:186,1
DA:187,1
DA:188,1
DA:189,3
DA:190,0
DA:191,0
DA:193,0
DA:194,0
DA:197,4
DA:198,1
DA:201,3
DA:202,1
DA:205,3
DA:209,7
DA:210,2
DA:211,2
DA:212,1
DA:216,7
DA:217,7
DA:219,7
DA:220,2
DA:221,2
DA:222,2
DA:223,2
DA:224,2
DA:226,2
DA:228,2
DA:229,0
DA:230,0
DA:233,0
DA:234,0
DA:235,0
DA:236,0
DA:237,2
DA:238,1
DA:239,1
DA:241,1
DA:242,1
DA:245,2
DA:246,1
DA:249,1
DA:250,1
DA:253,1
DA:256,7
DA:257,2
DA:258,2
DA:259,1
DA:263,7
DA:264,7
DA:266,7
DA:267,1
DA:268,1
DA:269,1
DA:270,1
DA:271,1
DA:273,1
DA:275,1
DA:276,0
DA:277,0
DA:280,0
DA:281,0
DA:282,0
DA:283,1
DA:284,0
DA:285,0
DA:287,0
DA:288,0
DA:291,1
DA:292,1
DA:295,0
DA:296,0
DA:299,0
DA:302,7
DA:303,1
DA:304,1
DA:305,1
DA:309,7
DA:310,7
DA:311,7
DA:313,7
DA:314,1
DA:316,7
DA:317,1
DA:319,7
DA:320,1
DA:323,7
DA:324,0
DA:326,0
DA:327,0
DA:328,0
DA:330,0
DA:331,0
DA:332,0
DA:333,0
DA:334,0
DA:335,0
DA:337,0
DA:338,0
DA:341,0
DA:347,7
DA:348,7
DA:350,2
LF:154
LH:119
BRDA:76,0,0,40
BRDA:76,1,0,64
BRDA:76,1,1,40
BRDA:79,2,0,0
BRDA:79,2,1,8
BRDA:80,3,0,6
BRDA:80,3,1,2
BRDA:89,4,0,0
BRDA:89,5,0,0
BRDA:90,6,0,1
BRDA:90,6,1,3
BRDA:90,7,0,0
BRDA:90,7,1,3
BRDA:96,8,0,4
BRDA:96,8,1,4
BRDA:97,9,0,4
BRDA:97,9,1,4
BRDA:98,10,0,4
BRDA:98,10,1,4
BRDA:98,10,2,1
BRDA:101,11,0,0
BRDA:101,12,0,0
BRDA:102,13,0,1
BRDA:102,13,1,1
BRDA:102,14,0,0
BRDA:102,14,1,1
BRDA:108,15,0,2
BRDA:108,15,1,2
BRDA:109,16,0,2
BRDA:109,16,1,2
BRDA:110,17,0,2
BRDA:110,17,1,2
BRDA:111,18,0,2
BRDA:111,18,1,2
BRDA:111,18,2,1
BRDA:114,19,0,0
BRDA:114,20,0,0
BRDA:115,21,0,0
BRDA:115,21,1,1
BRDA:115,22,0,0
BRDA:115,22,1,1
BRDA:120,23,0,1
BRDA:120,23,1,1
BRDA:121,24,0,1
BRDA:121,24,1,1
BRDA:126,25,0,1
BRDA:126,25,1,9
BRDA:151,26,0,8
BRDA:151,26,1,5
BRDA:153,27,0,7
BRDA:153,27,1,0
BRDA:154,28,0,6
BRDA:154,28,1,1
BRDA:155,29,0,6
BRDA:155,29,1,1
BRDA:158,30,0,7
BRDA:158,30,1,0
BRDA:158,31,0,0
BRDA:158,31,1,2
BRDA:161,32,0,7
BRDA:161,32,1,0
BRDA:161,33,0,0
BRDA:161,33,1,2
BRDA:164,34,0,7
BRDA:164,34,1,0
BRDA:164,35,0,0
BRDA:164,35,1,1
BRDA:166,36,0,7
BRDA:166,36,1,6
BRDA:172,37,0,4
BRDA:172,37,1,3
BRDA:173,38,0,4
BRDA:173,38,1,4
BRDA:174,39,0,1
BRDA:174,39,1,3
BRDA:175,40,0,1
BRDA:175,40,1,3
BRDA:176,41,0,4
BRDA:176,41,1,4
BRDA:180,42,0,1
BRDA:180,42,1,3
BRDA:181,43,0,1
BRDA:181,43,1,0
BRDA:188,44,0,1
BRDA:188,44,1,1
BRDA:188,44,2,0
BRDA:189,45,0,0
BRDA:189,45,1,3
BRDA:190,46,0,0
BRDA:190,46,1,0
BRDA:197,47,0,1
BRDA:197,47,1,3
BRDA:201,48,0,1
BRDA:201,48,1,2
BRDA:209,49,0,7
BRDA:209,49,1,0
BRDA:211,50,0,1
BRDA:211,50,1,1
BRDA:211,51,0,2
BRDA:211,51,1,1
BRDA:220,52,0,2
BRDA:220,52,1,1
BRDA:221,53,0,2
BRDA:221,53,1,2
BRDA:222,54,0,1
BRDA:222,54,1,1
BRDA:223,55,0,1
BRDA:223,55,1,1
BRDA:224,56,0,2
BRDA:224,56,1,1
BRDA:228,57,0,0
BRDA:228,57,1,2
BRDA:229,58,0,0
BRDA:229,58,1,0
BRDA:236,59,0,0
BRDA:236,59,1,0
BRDA:236,59,2,0
BRDA:237,60,0,1
BRDA:237,60,1,1
BRDA:238,61,0,1
BRDA:238,61,1,0
BRDA:245,62,0,1
BRDA:245,62,1,1
BRDA:249,63,0,1
BRDA:249,63,1,0
BRDA:256,64,0,7
BRDA:256,64,1,0
BRDA:258,65,0,1
BRDA:258,65,1,1
BRDA:258,66,0,2
BRDA:258,66,1,1
BRDA:267,67,0,1
BRDA:267,67,1,1
BRDA:268,68,0,1
BRDA:268,68,1,1
BRDA:269,69,0,0
BRDA:269,69,1,1
BRDA:270,70,0,0
BRDA:270,70,1,1
BRDA:271,71,0,1
BRDA:271,71,1,1
BRDA:275,72,0,0
BRDA:275,72,1,1
BRDA:276,73,0,0
BRDA:276,73,1,0
BRDA:283,74,0,0
BRDA:283,74,1,1
BRDA:284,75,0,0
BRDA:284,75,1,0
BRDA:291,76,0,1
BRDA:291,76,1,0
BRDA:295,77,0,0
BRDA:295,77,1,0
BRDA:302,78,0,7
BRDA:302,78,1,0
BRDA:304,79,0,1
BRDA:304,79,1,0
BRDA:304,80,0,1
BRDA:304,80,1,1
BRDA:313,81,0,1
BRDA:313,81,1,6
BRDA:316,82,0,1
BRDA:316,82,1,6
BRDA:319,83,0,1
BRDA:319,83,1,6
BRDA:323,84,0,0
BRDA:323,84,1,7
BRDA:326,85,0,0
BRDA:326,85,1,0
BRDA:327,86,0,0
BRDA:327,86,1,0
BRDA:333,87,0,0
BRDA:333,87,1,0
BRDA:334,88,0,0
BRDA:334,88,1,0
BRDA:342,89,0,0
BRDA:342,89,1,0
BRDA:342,90,0,0
BRDA:342,90,1,0
BRF:179
BRH:120
end_of_record
TN:
SF:controllers/orderController.js
FN:13,(anonymous_0)
FN:82,(anonymous_1)
FN:122,(anonymous_2)
FN:149,(anonymous_3)
FN:152,(anonymous_4)
FN:168,(anonymous_5)
FN:175,(anonymous_6)
FN:218,(anonymous_7)
FN:237,(anonymous_8)
FN:264,(anonymous_9)
FN:279,(anonymous_10)
FN:304,(anonymous_11)
FN:391,(anonymous_12)
FN:411,(anonymous_13)
FN:439,(anonymous_14)
FN:442,(anonymous_15)
FN:515,(anonymous_16)
FNF:17
FNH:11
FNDA:6,(anonymous_0)
FNDA:1,(anonymous_1)
FNDA:6,(anonymous_2)
FNDA:6,(anonymous_3)
FNDA:1,(anonymous_4)
FNDA:1,(anonymous_5)
FNDA:1,(anonymous_6)
FNDA:1,(anonymous_7)
FNDA:0,(anonymous_8)
FNDA:1,(anonymous_9)
FNDA:3,(anonymous_10)
FNDA:3,(anonymous_11)
FNDA:0,(anonymous_12)
FNDA:0,(anonymous_13)
FNDA:0,(anonymous_14)
FNDA:0,(anonymous_15)
FNDA:0,(anonymous_16)
DA:1,10
DA:2,10
DA:3,10
DA:4,10
DA:5,10
DA:6,10
DA:7,10
DA:8,10
DA:9,10
DA:11,10
DA:13,10
DA:14,6
DA:15,6
DA:17,6
DA:18,1
DA:21,5
DA:22,5
DA:24,4
DA:25,0
DA:26,0
DA:29,4
DA:30,1
DA:34,3
DA:36,3
DA:37,0
DA:40,3
DA:41,1
DA:44,2
DA:48,2
DA:49,1
DA:53,1
DA:54,0
DA:55,0
DA:57,1
DA:58,1
DA:61,1
DA:82,10
DA:83,1
DA:84,1
DA:85,1
DA:88,1
DA:89,1
DA:94,1
DA:95,0
DA:97,1
DA:99,0
DA:104,0
DA:105,0
DA:107,0
DA:110,1
DA:122,10
DA:123,6
DA:124,6
DA:125,6
DA:127,6
DA:131,6
DA:133,6
DA:134,0
DA:135,0
DA:140,0
DA:141,0
DA:142,0
DA:143,0
DA:148,6
DA:149,6
DA:152,1
DA:153,1
DA:154,1
DA:155,1
DA:156,1
DA:157,1
DA:158,1
DA:161,1
DA:164,1
DA:165,1
DA:167,1
DA:168,1
DA:171,1
DA:175,1
DA:194,1
DA:195,0
DA:196,0
DA:199,1
DA:200,1
DA:202,1
DA:210,1
DA:213,1
DA:214,1
DA:216,1
DA:217,1
DA:218,1
DA:221,1
DA:232,1
DA:233,0
DA:236,0
DA:237,0
DA:241,0
DA:244,1
DA:245,1
DA:252,0
DA:253,0
DA:255,1
DA:258,5
DA:259,5
DA:264,10
DA:265,1
DA:266,1
DA:271,1
DA:273,0
DA:274,0
DA:279,10
DA:280,3
DA:281,3
DA:286,3
DA:287,2
DA:288,2
DA:290,2
DA:291,1
DA:294,1
DA:296,1
DA:299,0
DA:304,10
DA:305,3
DA:306,3
DA:310,3
DA:312,2
DA:313,2
DA:314,2
DA:317,2
DA:318,1
DA:326,1
DA:328,1
DA:329,1
DA:330,1
DA:333,1
DA:334,0
DA:339,0
DA:341,1
DA:346,1
DA:349,1
DA:362,2
DA:363,2
DA:365,2
DA:366,2
DA:375,2
DA:376,0
DA:377,0
DA:378,0
DA:380,0
DA:384,2
DA:386,0
DA:391,10
DA:392,0
DA:393,0
DA:394,0
DA:396,0
DA:397,0
DA:400,0
DA:401,0
DA:403,0
DA:404,0
DA:406,0
DA:411,10
DA:412,0
DA:413,0
DA:417,0
DA:419,0
DA:420,0
DA:421,0
DA:424,0
DA:425,0
DA:432,0
DA:437,0
DA:439,0
DA:441,0
DA:442,0
DA:453,0
DA:455,0
DA:456,0
DA:457,0
DA:460,0
DA:461,0
DA:466,0
DA:468,0
DA:473,0
DA:476,0
DA:488,0
DA:489,0
DA:491,0
DA:492,0
DA:497,0
DA:499,0
DA:508,0
DA:510,0
DA:515,10
DA:516,0
DA:517,0
DA:518,0
DA:520,0
DA:521,0
DA:522,0
DA:523,0
DA:526,0
DA:529,0
DA:531,0
LF:205
LH:120
BRDA:13,0,0,0
BRDA:17,1,0,1
BRDA:17,1,1,5
BRDA:17,2,0,6
BRDA:17,2,1,5
BRDA:22,3,0,1
BRDA:22,3,1,4
BRDA:24,4,0,0
BRDA:24,4,1,4
BRDA:25,5,0,0
BRDA:25,5,1,0
BRDA:25,6,0,0
BRDA:25,6,1,0
BRDA:29,7,0,1
BRDA:29,7,1,3
BRDA:34,8,0,3
BRDA:34,8,1,0
BRDA:36,9,0,0
BRDA:36,9,1,3
BRDA:36,10,0,3
BRDA:36,10,1,0
BRDA:36,10,2,0
BRDA:40,11,0,1
BRDA:40,11,1,2
BRDA:40,12,0,3
BRDA:40,12,1,3
BRDA:44,13,0,2
BRDA:44,13,1,0
BRDA:45,14,0,2
BRDA:45,14,1,0
BRDA:46,15,0,0
BRDA:46,15,1,0
BRDA:48,16,0,1
BRDA:48,16,1,1
BRDA:53,17,0,0
BRDA:53,17,1,1
BRDA:54,18,0,0
BRDA:54,18,1,0
BRDA:54,18,2,0
BRDA:54,18,3,0
BRDA:65,19,0,0
BRDA:65,19,1,1
BRDA:65,20,0,1
BRDA:65,20,1,0
BRDA:70,21,0,1
BRDA:70,21,1,0
BRDA:72,22,0,1
BRDA:72,22,1,0
BRDA:73,23,0,1
BRDA:73,23,1,0
BRDA:76,24,0,0
BRDA:76,24,1,1
BRDA:76,25,0,1
BRDA:76,25,1,0
BRDA:88,26,0,1
BRDA:88,26,1,0
BRDA:94,27,0,0
BRDA:94,27,1,1
BRDA:104,28,0,0
BRDA:104,28,1,0
BRDA:114,29,0,1
BRDA:114,29,1,1
BRDA:115,30,0,1
BRDA:115,30,1,0
BRDA:125,31,0,6
BRDA:125,31,1,0
BRDA:125,31,2,0
BRDA:127,32,0,0
BRDA:127,32,1,6
BRDA:133,33,0,0
BRDA:133,33,1,6
BRDA:134,34,0,0
BRDA:134,34,1,0
BRDA:141,35,0,0
BRDA:141,35,1,0
BRDA:142,36,0,0
BRDA:142,36,1,0
BRDA:153,37,0,0
BRDA:153,37,1,1
BRDA:158,38,0,1
BRDA:158,38,1,0
BRDA:174,39,0,0
BRDA:174,39,1,1
BRDA:185,40,0,0
BRDA:185,40,1,1
BRDA:194,41,0,0
BRDA:194,41,1,1
BRDA:204,42,0,0
BRDA:204,42,1,1
BRDA:217,43,0,1
BRDA:217,43,1,0
BRDA:229,44,0,0
BRDA:229,44,1,1
BRDA:229,45,0,1
BRDA:229,45,1,0
BRDA:232,46,0,0
BRDA:232,46,1,1
BRDA:232,47,0,1
BRDA:232,47,1,0
BRDA:233,48,0,0
BRDA:233,48,1,0
BRDA:246,49,0,0
BRDA:246,49,1,1
BRDA:247,50,0,0
BRDA:247,50,1,0
BRDA:248,51,0,0
BRDA:248,51,1,1
BRDA:253,52,0,0
BRDA:253,52,1,0
BRDA:258,53,0,5
BRDA:258,53,1,0
BRDA:286,54,0,2
BRDA:286,54,1,1
BRDA:287,55,0,2
BRDA:287,55,1,0
BRDA:290,56,0,1
BRDA:290,56,1,1
BRDA:290,57,0,2
BRDA:290,57,1,1
BRDA:310,58,0,1
BRDA:310,58,1,2
BRDA:313,59,0,2
BRDA:313,59,1,0
BRDA:314,60,0,0
BRDA:314,60,1,2
BRDA:317,61,0,1
BRDA:317,61,1,1
BRDA:317,62,0,2
BRDA:317,62,1,2
BRDA:318,63,0,0
BRDA:318,63,1,1
BRDA:318,64,0,1
BRDA:318,64,1,0
BRDA:323,65,0,1
BRDA:323,65,1,0
BRDA:330,66,0,0
BRDA:330,66,1,1
BRDA:333,67,0,0
BRDA:333,67,1,1
BRDA:365,68,0,2
BRDA:365,68,1,0
BRDA:375,69,0,0
BRDA:375,69,1,2
BRDA:375,70,0,2
BRDA:375,70,1,1
BRDA:375,70,2,1
BRDA:394,71,0,0
BRDA:394,71,1,0
BRDA:396,72,0,0
BRDA:396,72,1,0
BRDA:400,73,0,0
BRDA:400,73,1,0
BRDA:401,74,0,0
BRDA:401,74,1,0
BRDA:417,75,0,0
BRDA:417,75,1,0
BRDA:419,76,0,0
BRDA:419,76,1,0
BRDA:420,77,0,0
BRDA:420,77,1,0
BRDA:424,78,0,0
BRDA:424,78,1,0
BRDA:433,79,0,0
BRDA:433,79,1,0
BRDA:439,80,0,0
BRDA:439,80,1,0
BRDA:439,81,0,0
BRDA:439,81,1,0
BRDA:441,82,0,0
BRDA:441,82,1,0
BRDA:441,83,0,0
BRDA:441,83,1,0
BRDA:445,84,0,0
BRDA:445,84,1,0
BRDA:450,85,0,0
BRDA:450,85,1,0
BRDA:457,86,0,0
BRDA:457,86,1,0
BRDA:460,87,0,0
BRDA:460,87,1,0
BRDA:491,88,0,0
BRDA:491,88,1,0
BRDA:492,89,0,0
BRDA:492,89,1,0
BRDA:504,90,0,0
BRDA:504,90,1,0
BRDA:518,91,0,0
BRDA:518,91,1,0
BRDA:520,92,0,0
BRDA:520,92,1,0
BRDA:522,93,0,0
BRDA:522,93,1,0
BRDA:522,94,0,0
BRDA:522,94,1,0
BRF:194
BRH:75
end_of_record
TN:
SF:controllers/paymentController.js
FN:13,(anonymous_0)
FN:28,(anonymous_1)
FN:32,(anonymous_2)
FN:52,(anonymous_3)
FN:58,(anonymous_4)
FN:60,(anonymous_5)
FN:65,(anonymous_6)
FN:79,(anonymous_7)
FN:99,(anonymous_8)
FN:101,(anonymous_9)
FN:115,(anonymous_10)
FN:130,(anonymous_11)
FN:179,(anonymous_12)
FN:200,(anonymous_13)
FN:234,(anonymous_14)
FN:253,(anonymous_15)
FN:264,(anonymous_16)
FN:287,(anonymous_17)
FN:341,(anonymous_18)
FN:381,(anonymous_19)
FN:411,(anonymous_20)
FN:415,(anonymous_21)
FN:434,(anonymous_22)
FN:484,(anonymous_23)
FNF:24
FNH:18
FNDA:12,(anonymous_0)
FNDA:1,(anonymous_1)
FNDA:5,(anonymous_2)
FNDA:2,(anonymous_3)
FNDA:0,(anonymous_4)
FNDA:3,(anonymous_5)
FNDA:1,(anonymous_6)
FNDA:6,(anonymous_7)
FNDA:1,(anonymous_8)
FNDA:0,(anonymous_9)
FNDA:4,(anonymous_10)
FNDA:0,(anonymous_11)
FNDA:1,(anonymous_12)
FNDA:1,(anonymous_13)
FNDA:2,(anonymous_14)
FNDA:0,(anonymous_15)
FNDA:0,(anonymous_16)
FNDA:1,(anonymous_17)
FNDA:3,(anonymous_18)
FNDA:3,(anonymous_19)
FNDA:2,(anonymous_20)
FNDA:0,(anonymous_21)
FNDA:2,(anonymous_22)
FNDA:5,(anonymous_23)
DA:1,10
DA:2,10
DA:3,10
DA:4,10
DA:5,10
DA:6,10
DA:8,10
DA:9,10
DA:10,10
DA:11,10
DA:13,10
DA:14,12
DA:15,12
DA:16,12
DA:17,12
DA:19,12
DA:28,10
DA:29,1
DA:32,10
DA:33,5
DA:34,5
DA:36,5
DA:37,2
DA:40,3
DA:41,0
DA:44,3
DA:45,3
DA:46,0
DA:49,3
DA:52,10
DA:53,2
DA:54,2
DA:55,2
DA:58,10
DA:60,10
DA:61,3
DA:62,3
DA:65,10
DA:66,1
DA:68,1
DA:69,1
DA:72,0
DA:73,0
DA:76,0
DA:79,10
DA:80,6
DA:85,6
DA:86,1
DA:89,5
DA:90,5
DA:92,5
DA:93,1
DA:96,4
DA:99,10
DA:100,1
DA:101,0
DA:112,1
DA:115,10
DA:116,4
DA:118,4
DA:119,3
DA:122,1
DA:123,1
DA:124,1
DA:129,1
DA:130,0
DA:131,0
DA:133,1
DA:134,1
DA:139,1
DA:140,0
DA:143,1
DA:144,1
DA:145,1
DA:147,1
DA:162,1
DA:163,0
DA:164,0
DA:166,1
DA:169,1
DA:171,1
DA:172,0
DA:173,0
DA:176,1
DA:179,10
DA:180,1
DA:184,1
DA:185,1
DA:187,1
DA:200,10
DA:201,1
DA:205,1
DA:206,0
DA:209,1
DA:210,1
DA:211,1
DA:212,1
DA:214,1
DA:217,1
DA:218,1
DA:220,1
DA:221,1
DA:222,1
DA:224,0
DA:226,0
DA:227,0
DA:230,1
DA:231,1
DA:234,10
DA:235,2
DA:237,2
DA:238,1
DA:239,1
DA:240,1
DA:243,1
DA:253,1
DA:255,1
DA:256,0
DA:257,0
DA:258,0
DA:261,1
DA:264,10
DA:265,0
DA:266,0
DA:270,0
DA:271,0
DA:279,0
DA:280,0
DA:282,0
DA:283,0
DA:287,10
DA:296,1
DA:298,1
DA:301,1
DA:303,1
DA:304,1
DA:306,1
DA:307,1
DA:308,1
DA:312,1
DA:314,1
DA:315,1
DA:316,1
DA:328,1
DA:329,1
DA:330,1
DA:331,1
DA:332,1
DA:334,0
DA:338,0
DA:341,10
DA:342,3
DA:343,3
DA:344,3
DA:345,2
DA:348,1
DA:351,1
DA:352,0
DA:353,0
DA:354,0
DA:358,1
DA:359,1
DA:361,1
DA:366,1
DA:368,1
DA:377,0
DA:381,10
DA:382,3
DA:383,3
DA:384,3
DA:385,0
DA:388,3
DA:389,3
DA:390,3
DA:392,3
DA:397,3
DA:398,1
DA:401,2
DA:404,2
DA:405,2
DA:407,2
DA:408,2
DA:409,2
DA:411,2
DA:412,2
DA:414,2
DA:415,0
DA:416,0
DA:417,0
DA:418,0
DA:426,2
DA:434,2
DA:435,2
DA:436,2
DA:437,0
DA:444,2
DA:447,2
DA:468,2
DA:470,1
DA:480,1
DA:484,10
DA:485,5
DA:486,5
DA:488,5
DA:489,1
DA:497,4
DA:499,4
DA:504,4
DA:505,1
DA:508,3
DA:509,3
DA:510,1
DA:513,2
DA:514,2
DA:515,1
DA:519,1
DA:521,1
DA:527,0
DA:528,0
LF:219
LH:177
BRDA:16,0,0,12
BRDA:16,0,1,0
BRDA:17,1,0,12
BRDA:17,1,1,0
BRDA:23,2,0,0
BRDA:23,2,1,12
BRDA:33,3,0,5
BRDA:33,3,1,0
BRDA:34,4,0,5
BRDA:34,4,1,3
BRDA:36,5,0,2
BRDA:36,5,1,3
BRDA:36,6,0,5
BRDA:36,6,1,5
BRDA:40,7,0,0
BRDA:40,7,1,3
BRDA:44,8,0,1
BRDA:44,8,1,2
BRDA:45,9,0,0
BRDA:45,9,1,3
BRDA:45,10,0,3
BRDA:45,10,1,1
BRDA:49,11,0,0
BRDA:49,11,1,3
BRDA:61,12,0,3
BRDA:61,12,1,0
BRDA:62,13,0,2
BRDA:62,13,1,1
BRDA:66,14,0,1
BRDA:66,14,1,0
BRDA:68,15,0,1
BRDA:68,15,1,0
BRDA:68,16,0,1
BRDA:68,16,1,0
BRDA:72,17,0,0
BRDA:72,17,1,0
BRDA:85,18,0,1
BRDA:85,18,1,5
BRDA:89,19,0,5
BRDA:89,19,1,0
BRDA:92,20,0,1
BRDA:92,20,1,4
BRDA:92,21,0,5
BRDA:92,21,1,1
BRDA:100,22,0,0
BRDA:100,22,1,1
BRDA:100,23,0,1
BRDA:100,23,1,0
BRDA:102,24,0,0
BRDA:102,24,1,0
BRDA:103,25,0,0
BRDA:103,25,1,0
BRDA:103,25,2,0
BRDA:104,26,0,0
BRDA:104,26,1,0
BRDA:105,27,0,0
BRDA:105,27,1,0
BRDA:106,28,0,0
BRDA:106,28,1,0
BRDA:109,29,0,0
BRDA:109,29,1,0
BRDA:118,30,0,3
BRDA:118,30,1,1
BRDA:124,31,0,1
BRDA:124,31,1,0
BRDA:129,32,0,0
BRDA:129,32,1,1
BRDA:131,33,0,0
BRDA:131,33,1,0
BRDA:133,34,0,1
BRDA:133,34,1,0
BRDA:134,35,0,1
BRDA:134,35,1,0
BRDA:135,36,0,0
BRDA:135,36,1,0
BRDA:139,37,0,0
BRDA:139,37,1,1
BRDA:139,38,0,1
BRDA:139,38,1,1
BRDA:139,38,2,1
BRDA:139,38,3,1
BRDA:150,39,0,1
BRDA:150,39,1,0
BRDA:162,40,0,0
BRDA:162,40,1,1
BRDA:166,41,0,1
BRDA:166,41,1,0
BRDA:171,42,0,0
BRDA:171,42,1,1
BRDA:184,43,0,1
BRDA:184,43,1,1
BRDA:185,44,0,1
BRDA:185,44,1,0
BRDA:195,45,0,1
BRDA:195,45,1,1
BRDA:205,46,0,0
BRDA:205,46,1,1
BRDA:209,47,0,1
BRDA:209,47,1,0
BRDA:210,48,0,1
BRDA:210,48,1,0
BRDA:214,49,0,1
BRDA:214,49,1,1
BRDA:217,50,0,1
BRDA:217,50,1,0
BRDA:217,51,0,1
BRDA:217,51,1,1
BRDA:217,51,2,1
BRDA:226,52,0,0
BRDA:226,52,1,0
BRDA:237,53,0,1
BRDA:237,53,1,1
BRDA:255,54,0,0
BRDA:255,54,1,1
BRDA:256,55,0,0
BRDA:256,55,1,0
BRDA:256,55,2,0
BRDA:266,56,0,0
BRDA:266,56,1,0
BRDA:279,57,0,0
BRDA:279,57,1,0
BRDA:298,58,0,1
BRDA:298,58,1,0
BRDA:298,58,2,0
BRDA:301,59,0,0
BRDA:301,59,1,1
BRDA:303,60,0,1
BRDA:303,60,1,0
BRDA:306,61,0,1
BRDA:306,61,1,0
BRDA:307,62,0,1
BRDA:307,62,1,0
BRDA:309,63,0,1
BRDA:309,63,1,0
BRDA:309,64,0,1
BRDA:309,64,1,1
BRDA:314,65,0,1
BRDA:314,65,1,0
BRDA:322,66,0,0
BRDA:322,66,1,1
BRDA:325,67,0,1
BRDA:325,67,1,0
BRDA:328,68,0,1
BRDA:328,68,1,1
BRDA:334,69,0,0
BRDA:334,69,1,0
BRDA:344,70,0,2
BRDA:344,70,1,1
BRDA:351,71,0,0
BRDA:351,71,1,1
BRDA:351,72,0,1
BRDA:351,72,1,0
BRDA:353,73,0,0
BRDA:353,73,1,0
BRDA:366,74,0,1
BRDA:366,74,1,0
BRDA:372,75,0,1
BRDA:372,75,1,1
BRDA:377,76,0,0
BRDA:377,76,1,0
BRDA:384,77,0,0
BRDA:384,77,1,3
BRDA:393,78,0,3
BRDA:393,78,1,0
BRDA:393,79,0,3
BRDA:393,79,1,2
BRDA:397,80,0,1
BRDA:397,80,1,2
BRDA:414,81,0,0
BRDA:414,81,1,2
BRDA:414,82,0,2
BRDA:414,82,1,0
BRDA:416,83,0,0
BRDA:416,83,1,0
BRDA:417,84,0,0
BRDA:417,84,1,0
BRDA:417,84,2,0
BRDA:420,85,0,0
BRDA:420,85,1,0
BRDA:420,86,0,0
BRDA:420,86,1,0
BRDA:420,87,0,0
BRDA:420,87,1,0
BRDA:420,88,0,0
BRDA:420,88,1,0
BRDA:427,89,0,2
BRDA:427,89,1,0
BRDA:428,90,0,2
BRDA:428,90,1,0
BRDA:436,91,0,0
BRDA:436,91,1,2
BRDA:454,92,0,2
BRDA:454,92,1,0
BRDA:455,93,0,2
BRDA:455,93,1,0
BRDA:456,94,0,2
BRDA:456,94,1,0
BRDA:462,95,0,2
BRDA:462,95,1,2
BRDA:463,96,0,2
BRDA:463,96,1,0
BRDA:464,97,0,2
BRDA:464,97,1,0
BRDA:480,98,0,1
BRDA:480,98,1,0
BRDA:488,99,0,1
BRDA:488,99,1,4
BRDA:497,100,0,4
BRDA:497,100,1,0
BRDA:504,101,0,1
BRDA:504,101,1,3
BRDA:504,102,0,4
BRDA:504,102,1,4
BRDA:509,103,0,1
BRDA:509,103,1,2
BRDA:514,104,0,1
BRDA:514,104,1,1
BRF:217
BRH:114
end_of_record
TN:
SF:controllers/productController.js
FN:5,(anonymous_0)
FN:6,(anonymous_1)
FN:8,(anonymous_2)
FN:13,(anonymous_3)
FN:20,(anonymous_4)
FN:22,(anonymous_5)
FN:28,(anonymous_6)
FN:37,(anonymous_7)
FN:47,(anonymous_8)
FN:57,(anonymous_9)
FN:67,(anonymous_10)
FN:78,(anonymous_11)
FN:80,(anonymous_12)
FN:83,(anonymous_13)
FN:101,(anonymous_14)
FN:104,(anonymous_15)
FN:105,(anonymous_16)
FN:109,(anonymous_17)
FN:129,(anonymous_18)
FN:140,(anonymous_19)
FN:157,(anonymous_20)
FN:160,(anonymous_21)
FN:174,(anonymous_22)
FN:190,(anonymous_23)
FN:198,(anonymous_24)
FN:199,(anonymous_25)
FN:203,(anonymous_26)
FN:207,(anonymous_27)
FN:212,(anonymous_28)
FN:229,(anonymous_29)
FN:257,(anonymous_30)
FN:270,(anonymous_31)
FN:276,(anonymous_32)
FN:280,(anonymous_33)
FN:298,(anonymous_34)
FN:320,(anonymous_35)
FN:326,(anonymous_36)
FN:330,(anonymous_37)
FN:353,(anonymous_38)
FN:356,(anonymous_39)
FN:358,(anonymous_40)
FN:360,(anonymous_41)
FN:361,(anonymous_42)
FN:362,(anonymous_43)
FN:373,(anonymous_44)
FN:394,(anonymous_45)
FN:398,(anonymous_46)
FNF:47
FNH:41
FNDA:60,(anonymous_0)
FNDA:63,(anonymous_1)
FNDA:18,(anonymous_2)
FNDA:9,(anonymous_3)
FNDA:9,(anonymous_4)
FNDA:9,(anonymous_5)
FNDA:39,(anonymous_6)
FNDA:4,(anonymous_7)
FNDA:2,(anonymous_8)
FNDA:13,(anonymous_9)
FNDA:4,(anonymous_10)
FNDA:5,(anonymous_11)
FNDA:33,(anonymous_12)
FNDA:10,(anonymous_13)
FNDA:9,(anonymous_14)
FNDA:9,(anonymous_15)
FNDA:9,(anonymous_16)
FNDA:9,(anonymous_17)
FNDA:3,(anonymous_18)
FNDA:0,(anonymous_19)
FNDA:9,(anonymous_20)
FNDA:0,(anonymous_21)
FNDA:3,(anonymous_22)
FNDA:2,(anonymous_23)
FNDA:2,(anonymous_24)
FNDA:3,(anonymous_25)
FNDA:1,(anonymous_26)
FNDA:2,(anonymous_27)
FNDA:1,(anonymous_28)
FNDA:4,(anonymous_29)
FNDA:3,(anonymous_30)
FNDA:5,(anonymous_31)
FNDA:1,(anonymous_32)
FNDA:1,(anonymous_33)
FNDA:5,(anonymous_34)
FNDA:2,(anonymous_35)
FNDA:1,(anonymous_36)
FNDA:1,(anonymous_37)
FNDA:2,(anonymous_38)
FNDA:1,(anonymous_39)
FNDA:0,(anonymous_40)
FNDA:0,(anonymous_41)
FNDA:0,(anonymous_42)
FNDA:0,(anonymous_43)
FNDA:3,(anonymous_44)
FNDA:2,(anonymous_45)
FNDA:1,(anonymous_46)
DA:1,10
DA:2,10
DA:3,10
DA:5,60
DA:6,63
DA:8,10
DA:9,18
DA:10,18
DA:13,10
DA:14,9
DA:15,9
DA:17,0
DA:20,10
DA:22,10
DA:23,9
DA:24,9
DA:25,9
DA:28,10
DA:29,39
DA:30,66
DA:31,21
DA:32,21
DA:34,18
DA:37,10
DA:38,4
DA:40,2
DA:41,2
DA:43,1
DA:47,10
DA:48,2
DA:54,2
DA:57,13
DA:67,10
DA:68,4
DA:69,4
DA:70,4
DA:71,4
DA:72,4
DA:73,4
DA:74,4
DA:75,4
DA:78,10
DA:79,5
DA:80,33
DA:83,10
DA:101,10
DA:102,9
DA:103,9
DA:104,9
DA:105,9
DA:106,9
DA:109,10
DA:110,9
DA:112,9
DA:113,0
DA:114,0
DA:115,0
DA:119,9
DA:120,0
DA:123,9
DA:124,4
DA:125,3
DA:126,0
DA:129,3
DA:130,3
DA:132,3
DA:133,3
DA:136,5
DA:137,4
DA:140,1
DA:141,0
DA:144,1
DA:145,0
DA:146,0
DA:149,1
DA:152,1
DA:154,1
DA:157,10
DA:158,9
DA:160,9
DA:161,0
DA:164,9
DA:165,0
DA:168,9
DA:169,9
DA:174,10
DA:175,3
DA:176,3
DA:179,3
DA:190,2
DA:191,2
DA:193,2
DA:194,1
DA:198,2
DA:199,3
DA:200,2
DA:201,2
DA:202,2
DA:203,1
DA:206,2
DA:207,2
DA:208,2
DA:212,2
DA:213,1
DA:214,1
DA:215,1
DA:218,2
DA:221,2
DA:223,1
DA:229,10
DA:230,4
DA:231,4
DA:233,4
DA:234,1
DA:237,4
DA:238,1
DA:248,4
DA:249,3
DA:251,1
DA:257,10
DA:258,3
DA:259,3
DA:260,2
DA:262,1
DA:264,1
DA:270,10
DA:271,5
DA:272,5
DA:275,5
DA:276,1
DA:277,1
DA:279,1
DA:280,1
DA:287,5
DA:288,4
DA:289,4
DA:290,3
DA:292,2
DA:298,10
DA:299,5
DA:300,5
DA:301,5
DA:303,4
DA:306,4
DA:308,1
DA:309,1
DA:312,0
DA:315,1
DA:316,1
DA:319,1
DA:320,2
DA:325,4
DA:326,1
DA:327,1
DA:329,1
DA:330,1
DA:335,1
DA:339,4
DA:340,4
DA:342,4
DA:343,4
DA:345,4
DA:346,3
DA:348,1
DA:353,10
DA:354,2
DA:355,2
DA:356,1
DA:357,1
DA:358,0
DA:359,0
DA:361,0
DA:362,0
DA:363,0
DA:365,1
DA:367,1
DA:373,10
DA:374,3
DA:375,3
DA:376,3
DA:379,2
DA:380,1
DA:381,2
DA:385,2
DA:386,1
DA:388,1
DA:394,10
DA:395,2
DA:396,2
DA:398,1
DA:399,1
DA:400,1
DA:413,1
DA:414,1
DA:415,1
DA:417,1
DA:419,1
DA:420,1
DA:421,1
DA:423,1
LF:200
LH:183
BRDA:5,0,0,60
BRDA:5,0,1,0
BRDA:6,1,0,0
BRDA:8,2,0,18
BRDA:8,3,0,0
BRDA:10,4,0,18
BRDA:10,4,1,18
BRDA:13,5,0,0
BRDA:15,6,0,9
BRDA:15,6,1,0
BRDA:20,7,0,0
BRDA:22,8,0,0
BRDA:25,9,0,0
BRDA:25,9,1,9
BRDA:30,10,0,45
BRDA:30,10,1,21
BRDA:30,11,0,66
BRDA:30,11,1,66
BRDA:30,11,2,66
BRDA:32,12,0,21
BRDA:32,12,1,0
BRDA:38,13,0,2
BRDA:38,13,1,2
BRDA:47,14,0,0
BRDA:47,15,0,0
BRDA:54,16,0,2
BRDA:54,16,1,0
BRDA:57,17,0,0
BRDA:57,18,0,0
BRDA:57,19,0,0
BRDA:58,20,0,0
BRDA:58,20,1,13
BRDA:59,21,0,13
BRDA:59,21,1,2
BRDA:60,22,0,13
BRDA:60,22,1,0
BRDA:61,23,0,13
BRDA:61,23,1,0
BRDA:78,24,0,0
BRDA:83,25,0,0
BRDA:83,26,0,9
BRDA:85,27,0,10
BRDA:85,27,1,2
BRDA:86,28,0,10
BRDA:86,28,1,9
BRDA:86,28,2,9
BRDA:86,28,3,9
BRDA:86,28,4,9
BRDA:91,29,0,10
BRDA:91,29,1,9
BRDA:91,29,2,9
BRDA:91,29,3,9
BRDA:91,29,4,9
BRDA:96,30,0,10
BRDA:96,30,1,9
BRDA:96,30,2,9
BRDA:97,31,0,10
BRDA:97,31,1,9
BRDA:97,31,2,9
BRDA:97,31,3,9
BRDA:98,32,0,10
BRDA:98,32,1,9
BRDA:98,32,2,8
BRDA:98,32,3,8
BRDA:99,33,0,10
BRDA:99,33,1,0
BRDA:102,34,0,0
BRDA:102,34,1,9
BRDA:109,35,0,0
BRDA:109,36,0,5
BRDA:112,37,0,0
BRDA:112,37,1,9
BRDA:114,38,0,0
BRDA:114,38,1,0
BRDA:114,39,0,0
BRDA:114,39,1,0
BRDA:119,40,0,0
BRDA:119,40,1,9
BRDA:123,41,0,4
BRDA:123,41,1,5
BRDA:125,42,0,0
BRDA:125,42,1,3
BRDA:130,43,0,3
BRDA:130,43,1,0
BRDA:130,43,2,0
BRDA:136,44,0,4
BRDA:136,44,1,1
BRDA:140,45,0,1
BRDA:140,45,1,1
BRDA:141,46,0,0
BRDA:141,46,1,0
BRDA:144,47,0,0
BRDA:144,47,1,1
BRDA:150,48,0,1
BRDA:150,48,1,1
BRDA:158,49,0,0
BRDA:158,49,1,9
BRDA:160,50,0,9
BRDA:160,50,1,2
BRDA:161,51,0,0
BRDA:161,51,1,0
BRDA:164,52,0,0
BRDA:164,52,1,9
BRDA:168,53,0,0
BRDA:168,53,1,9
BRDA:193,54,0,1
BRDA:193,54,1,1
BRDA:206,55,0,2
BRDA:206,55,1,0
BRDA:233,56,0,1
BRDA:233,56,1,3
BRDA:237,57,0,1
BRDA:237,57,1,3
BRDA:260,58,0,1
BRDA:260,58,1,1
BRDA:275,59,0,1
BRDA:275,59,1,4
BRDA:275,60,0,5
BRDA:275,60,1,1
BRDA:283,61,0,1
BRDA:283,61,1,0
BRDA:301,62,0,1
BRDA:301,62,1,4
BRDA:306,63,0,1
BRDA:306,63,1,3
BRDA:309,64,0,0
BRDA:309,64,1,1
BRDA:325,65,0,1
BRDA:325,65,1,3
BRDA:325,66,0,4
BRDA:325,66,1,1
BRDA:333,67,0,1
BRDA:333,67,1,0
BRDA:333,67,2,0
BRDA:335,68,0,1
BRDA:335,68,1,0
BRDA:357,69,0,1
BRDA:357,69,1,0
BRDA:357,70,0,1
BRDA:357,70,1,0
BRDA:358,71,0,0
BRDA:358,71,1,0
BRDA:359,72,0,0
BRDA:359,72,1,0
BRDA:361,73,0,0
BRDA:361,73,1,0
BRDA:362,74,0,0
BRDA:362,74,1,0
BRDA:376,75,0,1
BRDA:376,75,1,2
BRDA:379,76,0,1
BRDA:379,76,1,1
BRDA:379,77,0,2
BRDA:379,77,1,1
BRF:154
BRH:98
end_of_record
TN:
SF:controllers/productionTaskController.js
FN:8,(anonymous_0)
FN:32,(anonymous_1)
FN:53,(anonymous_2)
FN:86,advanceOrderStatus
FN:111,(anonymous_4)
FN:126,(anonymous_5)
FN:167,(anonymous_6)
FNF:7
FNH:0
FNDA:0,(anonymous_0)
FNDA:0,(anonymous_1)
FNDA:0,(anonymous_2)
FNDA:0,advanceOrderStatus
FNDA:0,(anonymous_4)
FNDA:0,(anonymous_5)
FNDA:0,(anonymous_6)
DA:1,10
DA:2,10
DA:3,10
DA:4,10
DA:6,10
DA:8,10
DA:9,0
DA:10,0
DA:11,0
DA:12,0
DA:13,0
DA:14,0
DA:16,0
DA:26,0
DA:28,0
DA:32,10
DA:33,0
DA:34,0
DA:43,0
DA:44,0
DA:47,0
DA:49,0
DA:53,10
DA:54,0
DA:55,0
DA:56,0
DA:57,0
DA:60,0
DA:61,0
DA:63,0
DA:64,0
DA:65,0
DA:66,0
DA:67,0
DA:69,0
DA:70,0
DA:73,0
DA:74,0
DA:75,0
DA:78,0
DA:80,0
DA:82,0
DA:87,0
DA:88,0
DA:92,0
DA:94,0
DA:95,0
DA:97,0
DA:98,0
DA:99,0
DA:101,0
DA:102,0
DA:103,0
DA:107,0
DA:111,10
DA:112,0
DA:113,0
DA:114,0
DA:115,0
DA:116,0
DA:117,0
DA:118,0
DA:120,0
DA:122,0
DA:126,10
DA:127,0
DA:128,0
DA:129,0
DA:130,0
DA:131,0
DA:133,0
DA:134,0
DA:136,0
DA:141,0
DA:143,0
DA:145,0
DA:150,0
DA:159,0
DA:161,0
DA:163,0
DA:167,10
DA:168,0
DA:169,0
DA:170,0
DA:172,0
DA:178,0
DA:179,0
DA:180,0
DA:181,0
DA:182,0
DA:183,0
DA:185,0
DA:193,0
DA:194,0
DA:195,0
DA:197,0
DA:201,0
DA:207,0
LF:98
LH:11
BRDA:12,0,0,0
BRDA:12,0,1,0
BRDA:13,1,0,0
BRDA:13,1,1,0
BRDA:14,2,0,0
BRDA:14,2,1,0
BRDA:43,3,0,0
BRDA:43,3,1,0
BRDA:56,4,0,0
BRDA:56,4,1,0
BRDA:63,5,0,0
BRDA:63,5,1,0
BRDA:64,6,0,0
BRDA:64,6,1,0
BRDA:65,7,0,0
BRDA:65,7,1,0
BRDA:66,8,0,0
BRDA:66,8,1,0
BRDA:67,9,0,0
BRDA:67,9,1,0
BRDA:69,10,0,0
BRDA:69,10,1,0
BRDA:69,11,0,0
BRDA:69,11,1,0
BRDA:73,12,0,0
BRDA:73,12,1,0
BRDA:73,13,0,0
BRDA:73,13,1,0
BRDA:92,14,0,0
BRDA:92,14,1,0
BRDA:97,15,0,0
BRDA:97,15,1,0
BRDA:97,16,0,0
BRDA:97,16,1,0
BRDA:102,17,0,0
BRDA:102,17,1,0
BRF:36
BRH:0
end_of_record
TN:
SF:controllers/salesController.js
FN:14,(anonymous_0)
FN:26,(anonymous_1)
FN:28,(anonymous_2)
FN:42,(anonymous_3)
FN:62,(anonymous_4)
FN:74,(anonymous_5)
FN:79,(anonymous_6)
FN:90,(anonymous_7)
FN:111,(anonymous_8)
FN:117,(anonymous_9)
FN:122,(anonymous_10)
FN:129,(anonymous_11)
FN:147,(anonymous_12)
FN:151,(anonymous_13)
FN:156,(anonymous_14)
FN:163,(anonymous_15)
FN:167,(anonymous_16)
FN:168,(anonymous_17)
FN:188,(anonymous_18)
FN:202,(anonymous_19)
FN:207,(anonymous_20)
FN:208,(anonymous_21)
FN:209,(anonymous_22)
FN:212,(anonymous_23)
FN:213,(anonymous_24)
FN:231,(anonymous_25)
FN:237,(anonymous_26)
FN:246,(anonymous_27)
FN:268,(anonymous_28)
FN:327,(anonymous_29)
FN:341,(anonymous_30)
FN:410,(anonymous_31)
FN:424,(anonymous_32)
FN:477,(anonymous_33)
FN:479,(anonymous_34)
FN:547,(anonymous_35)
FN:553,(anonymous_36)
FN:560,(anonymous_37)
FN:593,(anonymous_38)
FN:607,(anonymous_39)
FN:609,(anonymous_40)
FNF:41
FNH:29
FNDA:5,(anonymous_0)
FNDA:3,(anonymous_1)
FNDA:0,(anonymous_2)
FNDA:8,(anonymous_3)
FNDA:7,(anonymous_4)
FNDA:3,(anonymous_5)
FNDA:6,(anonymous_6)
FNDA:1,(anonymous_7)
FNDA:3,(anonymous_8)
FNDA:3,(anonymous_9)
FNDA:3,(anonymous_10)
FNDA:0,(anonymous_11)
FNDA:1,(anonymous_12)
FNDA:1,(anonymous_13)
FNDA:0,(anonymous_14)
FNDA:1,(anonymous_15)
FNDA:0,(anonymous_16)
FNDA:0,(anonymous_17)
FNDA:2,(anonymous_18)
FNDA:1,(anonymous_19)
FNDA:1,(anonymous_20)
FNDA:1,(anonymous_21)
FNDA:1,(anonymous_22)
FNDA:1,(anonymous_23)
FNDA:0,(anonymous_24)
FNDA:2,(anonymous_25)
FNDA:2,(anonymous_26)
FNDA:6,(anonymous_27)
FNDA:0,(anonymous_28)
FNDA:2,(anonymous_29)
FNDA:6,(anonymous_30)
FNDA:2,(anonymous_31)
FNDA:9,(anonymous_32)
FNDA:1,(anonymous_33)
FNDA:0,(anonymous_34)
FNDA:1,(anonymous_35)
FNDA:0,(anonymous_36)
FNDA:0,(anonymous_37)
FNDA:1,(anonymous_38)
FNDA:0,(anonymous_39)
FNDA:0,(anonymous_40)
DA:1,10
DA:2,10
DA:3,10
DA:4,10
DA:5,10
DA:6,10
DA:7,10
DA:8,10
DA:10,10
DA:11,10
DA:12,10
DA:14,10
DA:15,5
DA:16,5
DA:18,4
DA:19,4
DA:20,3
DA:23,1
DA:26,10
DA:27,3
DA:28,0
DA:39,3
DA:42,10
DA:43,8
DA:44,8
DA:46,8
DA:47,1
DA:50,7
DA:51,3
DA:54,4
DA:55,4
DA:56,0
DA:59,4
DA:62,10
DA:63,7
DA:65,7
DA:66,7
DA:67,1
DA:68,1
DA:71,7
DA:74,10
DA:75,3
DA:76,3
DA:79,10
DA:80,6
DA:82,3
DA:83,3
DA:84,3
DA:87,0
DA:90,10
DA:91,1
DA:96,1
DA:98,1
DA:99,1
DA:100,1
DA:101,0
DA:104,0
DA:107,1
DA:108,1
DA:111,10
DA:117,10
DA:122,10
DA:129,10
DA:130,0
DA:131,0
DA:133,0
DA:134,0
DA:135,0
DA:144,0
DA:147,10
DA:148,1
DA:149,1
DA:151,1
DA:152,1
DA:153,1
DA:156,1
DA:157,0
DA:158,0
DA:159,0
DA:160,0
DA:163,1
DA:164,1
DA:165,1
DA:166,1
DA:167,1
DA:168,1
DA:169,1
DA:170,1
DA:172,1
DA:188,10
DA:189,2
DA:190,2
DA:202,1
DA:204,1
DA:205,1
DA:207,1
DA:208,1
DA:210,1
DA:212,1
DA:213,0
DA:216,1
DA:225,1
DA:231,10
DA:232,2
DA:233,2
DA:237,2
DA:238,1
DA:240,1
DA:246,10
DA:247,6
DA:248,6
DA:250,6
DA:255,5
DA:256,1
DA:259,4
DA:260,4
DA:261,1
DA:264,3
DA:265,3
DA:266,3
DA:267,3
DA:268,0
DA:270,3
DA:274,3
DA:275,1
DA:278,2
DA:279,2
DA:280,2
DA:281,2
DA:283,2
DA:284,1
DA:287,1
DA:301,1
DA:302,0
DA:303,0
DA:305,1
DA:308,1
DA:310,1
DA:311,1
DA:312,1
DA:315,1
DA:319,1
DA:321,1
DA:327,10
DA:328,2
DA:329,2
DA:333,1
DA:335,1
DA:341,10
DA:342,6
DA:350,6
DA:352,6
DA:353,5
DA:354,1
DA:357,4
DA:359,4
DA:360,4
DA:361,1
DA:364,3
DA:365,3
DA:366,0
DA:369,3
DA:370,1
DA:375,2
DA:376,2
DA:377,1
DA:380,1
DA:393,1
DA:394,1
DA:395,1
DA:396,1
DA:398,1
DA:402,1
DA:404,1
DA:410,10
DA:411,2
DA:412,2
DA:416,1
DA:418,1
DA:424,10
DA:425,9
DA:435,9
DA:437,9
DA:438,9
DA:439,1
DA:442,8
DA:443,1
DA:446,7
DA:452,6
DA:453,1
DA:456,5
DA:457,0
DA:460,5
DA:461,0
DA:464,5
DA:465,1
DA:468,4
DA:471,4
DA:472,4
DA:473,1
DA:476,3
DA:477,3
DA:478,3
DA:479,0
DA:481,3
DA:483,3
DA:484,1
DA:489,2
DA:490,2
DA:491,2
DA:493,2
DA:494,1
DA:497,1
DA:498,1
DA:499,1
DA:502,1
DA:519,1
DA:520,1
DA:521,1
DA:523,1
DA:535,1
DA:539,1
DA:541,1
DA:547,10
DA:548,1
DA:549,1
DA:553,0
DA:554,0
DA:560,0
DA:577,0
DA:578,0
DA:579,0
DA:581,0
DA:583,0
DA:584,0
DA:585,0
DA:587,1
DA:593,10
DA:594,1
DA:595,1
DA:605,0
DA:607,0
DA:608,0
DA:609,0
DA:627,0
DA:628,0
DA:629,0
DA:631,0
DA:633,0
DA:634,0
DA:635,0
DA:637,1
LF:252
LH:208
BRDA:15,0,0,5
BRDA:15,0,1,1
BRDA:16,1,0,1
BRDA:16,1,1,4
BRDA:19,2,0,3
BRDA:19,2,1,1
BRDA:19,3,0,4
BRDA:19,3,1,3
BRDA:23,4,0,1
BRDA:23,4,1,1
BRDA:27,5,0,0
BRDA:27,5,1,3
BRDA:27,6,0,3
BRDA:27,6,1,0
BRDA:30,7,0,0
BRDA:30,7,1,0
BRDA:31,8,0,0
BRDA:31,8,1,0
BRDA:32,9,0,0
BRDA:32,9,1,0
BRDA:33,10,0,0
BRDA:33,10,1,0
BRDA:36,11,0,0
BRDA:36,11,1,0
BRDA:43,12,0,8
BRDA:43,12,1,0
BRDA:44,13,0,8
BRDA:44,13,1,4
BRDA:46,14,0,1
BRDA:46,14,1,7
BRDA:46,15,0,8
BRDA:46,15,1,8
BRDA:50,16,0,3
BRDA:50,16,1,4
BRDA:54,17,0,2
BRDA:54,17,1,2
BRDA:55,18,0,0
BRDA:55,18,1,4
BRDA:55,19,0,4
BRDA:55,19,1,2
BRDA:59,20,0,0
BRDA:59,20,1,4
BRDA:63,21,0,0
BRDA:63,21,1,7
BRDA:66,22,0,1
BRDA:66,22,1,6
BRDA:80,23,0,3
BRDA:80,23,1,3
BRDA:83,24,0,3
BRDA:83,24,1,0
BRDA:96,25,0,0
BRDA:96,25,1,1
BRDA:98,26,0,1
BRDA:98,26,1,0
BRDA:99,27,0,1
BRDA:99,27,1,0
BRDA:99,28,0,1
BRDA:99,28,1,0
BRDA:99,29,0,1
BRDA:99,29,1,0
BRDA:99,30,0,0
BRDA:99,30,1,0
BRDA:100,31,0,0
BRDA:100,31,1,1
BRDA:130,32,0,0
BRDA:130,32,1,0
BRDA:130,33,0,0
BRDA:130,33,1,0
BRDA:133,34,0,0
BRDA:133,34,1,0
BRDA:134,35,0,0
BRDA:134,35,1,0
BRDA:137,36,0,0
BRDA:137,36,1,0
BRDA:138,37,0,0
BRDA:138,37,1,0
BRDA:139,38,0,0
BRDA:139,38,1,0
BRDA:140,39,0,0
BRDA:140,39,1,0
BRDA:141,40,0,0
BRDA:141,40,1,0
BRDA:152,41,0,1
BRDA:152,41,1,0
BRDA:157,42,0,0
BRDA:157,42,1,0
BRDA:158,43,0,0
BRDA:158,43,1,0
BRDA:165,44,0,1
BRDA:165,44,1,0
BRDA:166,45,0,1
BRDA:166,45,1,1
BRDA:167,46,0,0
BRDA:167,46,1,0
BRDA:168,47,0,0
BRDA:168,47,1,0
BRDA:169,48,0,1
BRDA:169,48,1,0
BRDA:169,48,2,0
BRDA:170,49,0,1
BRDA:170,49,1,0
BRDA:175,50,0,1
BRDA:175,50,1,0
BRDA:175,51,0,1
BRDA:175,51,1,1
BRDA:177,52,0,1
BRDA:177,52,1,1
BRDA:181,53,0,1
BRDA:181,53,1,0
BRDA:210,54,0,1
BRDA:210,54,1,0
BRDA:210,55,0,1
BRDA:210,55,1,0
BRDA:212,56,0,1
BRDA:212,56,1,0
BRDA:213,57,0,0
BRDA:213,57,1,0
BRDA:248,58,0,6
BRDA:255,59,0,1
BRDA:255,59,1,4
BRDA:260,60,0,1
BRDA:260,60,1,3
BRDA:264,61,0,3
BRDA:264,61,1,1
BRDA:267,62,0,0
BRDA:267,62,1,3
BRDA:269,63,0,3
BRDA:269,63,1,1
BRDA:270,64,0,0
BRDA:270,64,1,3
BRDA:274,65,0,1
BRDA:274,65,1,2
BRDA:274,66,0,3
BRDA:274,66,1,2
BRDA:274,66,2,2
BRDA:283,67,0,1
BRDA:283,67,1,1
BRDA:290,68,0,1
BRDA:290,68,1,0
BRDA:297,69,0,1
BRDA:297,69,1,1
BRDA:301,70,0,0
BRDA:301,70,1,1
BRDA:305,71,0,1
BRDA:305,71,1,0
BRDA:310,72,0,1
BRDA:310,72,1,0
BRDA:347,73,0,6
BRDA:348,74,0,6
BRDA:349,75,0,6
BRDA:353,76,0,1
BRDA:353,76,1,4
BRDA:360,77,0,1
BRDA:360,77,1,3
BRDA:360,78,0,4
BRDA:360,78,1,4
BRDA:364,79,0,3
BRDA:364,79,1,0
BRDA:364,80,0,3
BRDA:364,80,1,2
BRDA:365,81,0,0
BRDA:365,81,1,3
BRDA:369,82,0,1
BRDA:369,82,1,2
BRDA:376,83,0,1
BRDA:376,83,1,1
BRDA:388,84,0,1
BRDA:388,84,1,1
BRDA:389,85,0,1
BRDA:389,85,1,1
BRDA:393,86,0,1
BRDA:393,86,1,1
BRDA:432,87,0,9
BRDA:434,88,0,8
BRDA:438,89,0,1
BRDA:438,89,1,8
BRDA:438,90,0,9
BRDA:438,90,1,9
BRDA:442,91,0,1
BRDA:442,91,1,7
BRDA:442,92,0,8
BRDA:442,92,1,7
BRDA:448,93,0,0
BRDA:448,93,1,6
BRDA:449,94,0,1
BRDA:449,94,1,5
BRDA:452,95,0,1
BRDA:452,95,1,5
BRDA:456,96,0,0
BRDA:456,96,1,5
BRDA:456,97,0,5
BRDA:456,97,1,0
BRDA:460,98,0,0
BRDA:460,98,1,5
BRDA:460,99,0,5
BRDA:460,99,1,1
BRDA:464,100,0,1
BRDA:464,100,1,4
BRDA:468,101,0,0
BRDA:468,101,1,4
BRDA:468,102,0,4
BRDA:468,102,1,0
BRDA:472,103,0,1
BRDA:472,103,1,3
BRDA:477,104,0,1
BRDA:477,104,1,0
BRDA:478,105,0,0
BRDA:478,105,1,3
BRDA:478,106,0,3
BRDA:478,106,1,0
BRDA:479,107,0,0
BRDA:479,107,1,0
BRDA:480,108,0,3
BRDA:480,108,1,0
BRDA:483,109,0,1
BRDA:483,109,1,2
BRDA:489,110,0,2
BRDA:489,110,1,2
BRDA:489,110,2,1
BRDA:493,111,0,1
BRDA:493,111,1,1
BRDA:498,112,0,1
BRDA:498,112,1,0
BRDA:498,113,0,1
BRDA:498,113,1,1
BRDA:513,114,0,1
BRDA:513,114,1,1
BRDA:519,115,0,1
BRDA:519,115,1,0
BRDA:520,116,0,1
BRDA:520,116,1,0
BRDA:554,117,0,0
BRDA:554,117,1,0
BRDA:554,118,0,0
BRDA:554,118,1,0
BRDA:555,119,0,0
BRDA:555,119,1,0
BRDA:561,120,0,0
BRDA:561,120,1,0
BRDA:562,121,0,0
BRDA:562,121,1,0
BRDA:562,122,0,0
BRDA:562,122,1,0
BRDA:563,123,0,0
BRDA:563,123,1,0
BRDA:563,123,2,0
BRDA:564,124,0,0
BRDA:564,124,1,0
BRDA:568,125,0,0
BRDA:568,125,1,0
BRDA:569,126,0,0
BRDA:569,126,1,0
BRDA:570,127,0,0
BRDA:570,127,1,0
BRDA:570,128,0,0
BRDA:570,128,1,0
BRDA:570,129,0,0
BRDA:570,129,1,0
BRDA:571,130,0,0
BRDA:571,130,1,0
BRDA:571,131,0,0
BRDA:571,131,1,0
BRDA:572,132,0,0
BRDA:572,132,1,0
BRDA:572,133,0,0
BRDA:572,133,1,0
BRDA:573,134,0,0
BRDA:573,134,1,0
BRDA:610,135,0,0
BRDA:610,135,1,0
BRDA:611,136,0,0
BRDA:611,136,1,0
BRDA:611,137,0,0
BRDA:611,137,1,0
BRDA:612,138,0,0
BRDA:612,138,1,0
BRDA:612,138,2,0
BRDA:613,139,0,0
BRDA:613,139,1,0
BRDA:614,140,0,0
BRDA:614,140,1,0
BRDA:614,141,0,0
BRDA:614,141,1,0
BRDA:616,142,0,0
BRDA:616,142,1,0
BRDA:617,143,0,0
BRDA:617,143,1,0
BRDA:617,144,0,0
BRDA:617,144,1,0
BRDA:618,145,0,0
BRDA:618,145,1,0
BRDA:618,146,0,0
BRDA:618,146,1,0
BRDA:619,147,0,0
BRDA:619,147,1,0
BRDA:619,148,0,0
BRDA:619,148,1,0
BRDA:620,149,0,0
BRDA:620,149,1,0
BRDA:620,150,0,0
BRDA:620,150,1,0
BRDA:621,151,0,0
BRDA:621,151,1,0
BRDA:621,152,0,0
BRDA:621,152,1,0
BRDA:622,153,0,0
BRDA:622,153,1,0
BRDA:622,154,0,0
BRDA:622,154,1,0
BRDA:623,155,0,0
BRDA:623,155,1,0
BRF:311
BRH:145
end_of_record
TN:
SF:controllers/webhookController.js
FN:3,(anonymous_0)
FNF:1
FNH:1
FNDA:4,(anonymous_0)
DA:1,10
DA:3,10
DA:4,4
DA:5,4
DA:7,4
DA:8,2
DA:11,2
DA:13,1
DA:15,1
DA:19,10
LF:10
LH:10
BRDA:7,0,0,2
BRDA:7,0,1,2
BRDA:7,1,0,4
BRDA:7,1,1,3
BRDA:7,1,2,2
BRF:5
BRH:5
end_of_record
TN:
SF:middleware/authMiddleware.js
FN:4,(anonymous_0)
FN:32,(anonymous_1)
FN:32,(anonymous_2)
FNF:3
FNH:3
FNDA:28,(anonymous_0)
FNDA:12,(anonymous_1)
FNDA:19,(anonymous_2)
DA:1,4
DA:2,4
DA:4,4
DA:7,28
DA:8,26
DA:9,26
DA:11,26
DA:13,24
DA:15,24
DA:16,1
DA:19,23
DA:21,2
DA:22,1
DA:25,1
DA:28,2
DA:32,12
DA:33,19
DA:34,19
DA:35,18
DA:37,1
DA:38,1
DA:41,4
DA:43,4
DA:45,4
DA:47,4
LF:25
LH:25
BRDA:7,0,0,26
BRDA:7,0,1,2
BRDA:7,1,0,28
BRDA:7,1,1,26
BRDA:15,2,0,1
BRDA:15,2,1,23
BRDA:21,3,0,1
BRDA:21,3,1,1
BRDA:33,4,0,19
BRDA:33,4,1,0
BRDA:34,5,0,18
BRDA:34,5,1,1
BRDA:34,6,0,19
BRDA:34,6,1,19
BRF:14
BRH:13
end_of_record
TN:
SF:middleware/errorMiddleware.js
FN:3,(anonymous_0)
FN:7,(anonymous_1)
FNF:2
FNH:2
FNDA:1,(anonymous_0)
FNDA:3,(anonymous_1)
DA:1,11
DA:3,11
DA:4,1
DA:7,11
DA:8,3
DA:9,3
DA:16,11
LF:7
LH:7
BRDA:8,0,0,1
BRDA:8,0,1,2
BRDA:11,1,0,3
BRDA:11,1,1,0
BRDA:12,2,0,3
BRDA:12,2,1,2
BRF:6
BRH:5
end_of_record
TN:
SF:middleware/rateLimiter.js
FN:6,(anonymous_0)
FNF:1
FNH:1
FNDA:9,(anonymous_0)
DA:1,10
DA:3,10
DA:6,9
DA:14,10
LF:4
LH:4
BRF:0
BRH:0
end_of_record
TN:
SF:middleware/uploadMiddleware.js
FN:8,checkFileType
FN:20,(anonymous_1)
FNF:2
FNH:2
FNDA:11,checkFileType
FNDA:3,(anonymous_1)
DA:1,11
DA:5,11
DA:9,11
DA:10,11
DA:11,8
DA:13,3
DA:17,11
DA:21,3
DA:25,11
LF:9
LH:9
BRDA:10,0,0,8
BRDA:10,0,1,3
BRF:2
BRH:2
end_of_record
TN:
SF:models/Conversation.js
FNF:0
FNH:0
DA:1,10
DA:3,10
DA:37,10
LF:3
LH:3
BRF:0
BRH:0
end_of_record
TN:
SF:models/InventoryAdjustment.js
FNF:0
FNH:0
DA:1,10
DA:3,10
DA:18,10
LF:3
LH:3
BRF:0
BRH:0
end_of_record
TN:
SF:models/Invoice.js
FNF:0
FNH:0
DA:1,10
DA:3,10
DA:14,10
DA:89,10
LF:4
LH:4
BRF:0
BRH:0
end_of_record
TN:
SF:models/LandingContent.js
FNF:0
FNH:0
DA:1,10
DA:3,10
DA:47,10
DA:95,10
DA:128,10
DA:172,10
LF:6
LH:6
BRF:0
BRH:0
end_of_record
TN:
SF:models/Message.js
FNF:0
FNH:0
DA:1,10
DA:3,10
DA:26,10
LF:3
LH:3
BRF:0
BRH:0
end_of_record
TN:
SF:models/Order.js
FNF:0
FNH:0
DA:1,10
DA:3,10
DA:16,10
DA:73,10
LF:4
LH:4
BRF:0
BRH:0
end_of_record
TN:
SF:models/OrderLog.js
FNF:0
FNH:0
DA:1,10
DA:3,10
DA:22,10
DA:24,10
LF:4
LH:4
BRF:0
BRH:0
end_of_record
TN:
SF:models/PaymentReceived.js
FNF:0
FNH:0
DA:1,10
DA:3,10
DA:55,10
DA:66,10
LF:4
LH:4
BRF:0
BRH:0
end_of_record
TN:
SF:models/Product.js
FN:3,(anonymous_0)
FN:9,(anonymous_1)
FN:10,(anonymous_2)
FN:14,(anonymous_3)
FN:128,(anonymous_4)
FN:140,syncSummaryFieldsFromVariants
FN:144,syncSummary
FN:148,syncSummaryOnInsert
FNF:8
FNH:7
FNDA:6,(anonymous_0)
FNDA:3,(anonymous_1)
FNDA:3,(anonymous_2)
FNDA:3,(anonymous_3)
FNDA:1,(anonymous_4)
FNDA:6,syncSummaryFieldsFromVariants
FNDA:2,syncSummary
FNDA:0,syncSummaryOnInsert
DA:1,11
DA:3,11
DA:4,6
DA:5,4
DA:8,2
DA:9,3
DA:10,2
DA:11,3
DA:12,3
DA:14,2
DA:15,3
DA:16,3
DA:19,2
DA:20,2
DA:21,2
DA:22,2
DA:23,2
DA:26,11
DA:59,11
DA:128,1
DA:140,11
DA:141,6
DA:144,11
DA:145,2
DA:148,11
DA:149,0
DA:150,0
DA:154,11
LF:28
LH:26
BRDA:4,0,0,4
BRDA:4,0,1,2
BRDA:4,1,0,6
BRDA:4,1,1,6
BRDA:4,1,2,5
BRDA:9,2,0,3
BRDA:9,2,1,0
BRDA:11,3,0,3
BRDA:11,3,1,0
BRDA:12,4,0,2
BRDA:12,4,1,1
BRDA:12,5,0,3
BRDA:12,5,1,1
BRDA:15,6,0,3
BRDA:15,6,1,0
BRDA:15,6,2,0
BRDA:16,7,0,2
BRDA:16,7,1,1
BRDA:16,8,0,3
BRDA:16,8,1,1
BRDA:20,9,0,2
BRDA:20,9,1,0
BRDA:20,9,2,0
BRDA:21,10,0,2
BRDA:21,10,1,0
BRDA:22,11,0,2
BRDA:22,11,1,0
BRDA:22,11,2,0
BRDA:128,12,0,1
BRDA:128,12,1,1
BRDA:149,13,0,0
BRDA:149,13,1,0
BRF:32
BRH:21
end_of_record
TN:
SF:models/ProductionTask.js
FNF:0
FNH:0
DA:1,12
DA:3,12
DA:42,12
LF:3
LH:3
BRF:0
BRH:0
end_of_record
TN:
SF:models/SalesReturn.js
FNF:0
FNH:0
DA:1,10
DA:3,10
DA:72,10
LF:3
LH:3
BRF:0
BRH:0
end_of_record
TN:
SF:models/StockCard.js
FNF:0
FNH:0
DA:1,10
DA:3,10
DA:20,10
LF:3
LH:3
BRF:0
BRH:0
end_of_record
TN:
SF:models/User.js
FN:36,(anonymous_0)
FN:42,(anonymous_1)
FNF:2
FNH:1
FNDA:0,(anonymous_0)
FNDA:2,(anonymous_1)
DA:1,12
DA:2,12
DA:4,12
DA:36,12
DA:37,0
DA:38,0
DA:39,0
DA:42,12
DA:43,2
DA:46,12
LF:10
LH:7
BRDA:37,0,0,0
BRDA:37,0,1,0
BRF:2
BRH:0
end_of_record
TN:
SF:models/Warehouse.js
FNF:0
FNH:0
DA:1,10
DA:3,10
DA:10,10
LF:3
LH:3
BRF:0
BRH:0
end_of_record
TN:
SF:routes/authRoutes.js
FNF:0
FNH:0
DA:1,10
DA:2,10
DA:3,10
DA:4,10
DA:5,10
DA:7,10
DA:8,10
DA:9,10
DA:10,10
DA:11,10
DA:13,10
LF:11
LH:11
BRF:0
BRH:0
end_of_record
TN:
SF:routes/conversationRoutes.js
FNF:0
FNH:0
DA:1,10
DA:2,10
DA:10,10
DA:12,10
DA:14,10
DA:18,10
DA:21,10
DA:24,10
DA:27,10
DA:30,10
LF:10
LH:10
BRF:0
BRH:0
end_of_record
TN:
SF:routes/customerRoutes.js
FNF:0
FNH:0
DA:1,10
DA:2,10
DA:3,10
DA:4,10
DA:8,10
DA:9,10
DA:11,10
LF:7
LH:7
BRF:0
BRH:0
end_of_record
TN:
SF:routes/dashboardRoutes.js
FNF:0
FNH:0
DA:1,10
DA:2,10
DA:3,10
DA:4,10
DA:6,10
DA:7,10
DA:9,10
LF:7
LH:7
BRF:0
BRH:0
end_of_record
TN:
SF:routes/inventoryRoutes.js
FNF:0
FNH:0
DA:1,10
DA:2,10
DA:3,10
DA:12,10
DA:15,10
DA:18,10
DA:20,10
DA:24,10
DA:29,10
DA:32,10
DA:34,10
LF:11
LH:11
BRF:0
BRH:0
end_of_record
TN:
SF:routes/landingContentRoutes.js
FNF:0
FNH:0
DA:1,10
DA:2,10
DA:3,10
DA:4,10
DA:5,10
DA:7,10
DA:11,10
LF:7
LH:7
BRF:0
BRH:0
end_of_record
TN:
SF:routes/orderRoutes.js
FN:21,(anonymous_0)
FNF:1
FNH:0
FNDA:0,(anonymous_0)
DA:1,10
DA:2,10
DA:11,10
DA:12,10
DA:13,10
DA:16,10
DA:19,10
DA:22,0
DA:23,0
DA:24,0
DA:25,0
DA:26,0
DA:30,0
DA:32,0
DA:37,10
DA:40,10
DA:43,10
DA:44,10
DA:47,10
DA:49,10
LF:20
LH:13
BRDA:25,0,0,0
BRDA:25,0,1,0
BRF:2
BRH:0
end_of_record
TN:
SF:routes/paymentRoutes.js
FNF:0
FNH:0
DA:1,10
DA:2,10
DA:7,10
DA:9,10
DA:11,10
DA:13,10
DA:14,10
DA:16,10
LF:8
LH:8
BRF:0
BRH:0
end_of_record
TN:
SF:routes/productRoutes.js
FNF:0
FNH:0
DA:1,10
DA:2,10
DA:12,10
DA:13,10
DA:14,10
DA:16,10
DA:20,10
DA:21,10
DA:22,10
DA:24,10
DA:29,10
LF:11
LH:11
BRF:0
BRH:0
end_of_record
TN:
SF:routes/productionTaskRoutes.js
FNF:0
FNH:0
DA:1,10
DA:2,10
DA:10,10
DA:11,10
DA:13,10
DA:15,10
DA:16,10
DA:17,10
DA:18,10
DA:19,10
DA:20,10
DA:22,10
LF:12
LH:12
BRF:0
BRH:0
end_of_record
TN:
SF:routes/salesRoutes.js
FNF:0
FNH:0
DA:1,10
DA:2,10
DA:3,10
DA:14,10
DA:16,10
DA:18,10
DA:19,10
DA:21,10
DA:25,10
DA:27,10
DA:31,10
DA:35,10
LF:12
LH:12
BRF:0
BRH:0
end_of_record
TN:
SF:routes/webhookRoutes.js
FNF:0
FNH:0
DA:1,10
DA:2,10
DA:3,10
DA:5,10
DA:7,10
LF:5
LH:5
BRF:0
BRH:0
end_of_record
TN:
SF:services/notificationService.js
FN:3,(anonymous_0)
FN:5,getOrderLines
FN:7,(anonymous_2)
FN:28,sendTelegramAlert
FN:29,(anonymous_4)
FN:83,(anonymous_5)
FN:85,(anonymous_6)
FN:86,(anonymous_7)
FN:96,(anonymous_8)
FN:102,sendTelegramRaw
FN:103,(anonymous_10)
FN:127,(anonymous_11)
FN:129,(anonymous_12)
FN:130,(anonymous_13)
FN:137,(anonymous_14)
FNF:15
FNH:0
FNDA:0,(anonymous_0)
FNDA:0,getOrderLines
FNDA:0,(anonymous_2)
FNDA:0,sendTelegramAlert
FNDA:0,(anonymous_4)
FNDA:0,(anonymous_5)
FNDA:0,(anonymous_6)
FNDA:0,(anonymous_7)
FNDA:0,(anonymous_8)
FNDA:0,sendTelegramRaw
FNDA:0,(anonymous_10)
FNDA:0,(anonymous_11)
FNDA:0,(anonymous_12)
FNDA:0,(anonymous_13)
FNDA:0,(anonymous_14)
DA:1,10
DA:3,10
DA:6,0
DA:7,0
DA:8,0
DA:9,0
DA:10,0
DA:11,0
DA:12,0
DA:13,0
DA:14,0
DA:15,0
DA:16,0
DA:20,0
DA:21,0
DA:22,0
DA:23,0
DA:24,0
DA:25,0
DA:29,0
DA:30,0
DA:31,0
DA:33,0
DA:34,0
DA:37,0
DA:38,0
DA:39,0
DA:40,0
DA:41,0
DA:42,0
DA:43,0
DA:44,0
DA:46,0
DA:67,0
DA:73,0
DA:83,0
DA:84,0
DA:85,0
DA:86,0
DA:87,0
DA:88,0
DA:90,0
DA:95,0
DA:96,0
DA:97,0
DA:98,0
DA:103,0
DA:104,0
DA:105,0
DA:107,0
DA:108,0
DA:111,0
DA:117,0
DA:127,0
DA:128,0
DA:129,0
DA:130,0
DA:131,0
DA:132,0
DA:136,0
DA:137,0
DA:138,0
DA:139,0
DA:143,10
LF:64
LH:3
BRDA:3,0,0,0
BRDA:3,0,1,0
BRDA:6,1,0,0
BRDA:6,1,1,0
BRDA:6,2,0,0
BRDA:6,2,1,0
BRDA:8,3,0,0
BRDA:8,3,1,0
BRDA:8,3,2,0
BRDA:9,4,0,0
BRDA:9,4,1,0
BRDA:10,5,0,0
BRDA:10,5,1,0
BRDA:11,6,0,0
BRDA:11,6,1,0
BRDA:12,7,0,0
BRDA:12,7,1,0
BRDA:13,8,0,0
BRDA:13,8,1,0
BRDA:14,9,0,0
BRDA:14,9,1,0
BRDA:15,10,0,0
BRDA:15,10,1,0
BRDA:16,11,0,0
BRDA:16,11,1,0
BRDA:16,12,0,0
BRDA:16,12,1,0
BRDA:16,13,0,0
BRDA:16,13,1,0
BRDA:20,14,0,0
BRDA:20,14,1,0
BRDA:21,15,0,0
BRDA:21,15,1,0
BRDA:22,16,0,0
BRDA:22,16,1,0
BRDA:23,17,0,0
BRDA:23,17,1,0
BRDA:24,18,0,0
BRDA:24,18,1,0
BRDA:25,19,0,0
BRDA:25,19,1,0
BRDA:25,20,0,0
BRDA:25,20,1,0
BRDA:25,21,0,0
BRDA:25,21,1,0
BRDA:33,22,0,0
BRDA:33,22,1,0
BRDA:33,23,0,0
BRDA:33,23,1,0
BRDA:37,24,0,0
BRDA:37,24,1,0
BRDA:37,24,2,0
BRDA:38,25,0,0
BRDA:38,25,1,0
BRDA:39,26,0,0
BRDA:39,26,1,0
BRDA:40,27,0,0
BRDA:40,27,1,0
BRDA:41,28,0,0
BRDA:41,28,1,0
BRDA:42,29,0,0
BRDA:42,29,1,0
BRDA:43,30,0,0
BRDA:43,30,1,0
BRDA:87,31,0,0
BRDA:87,31,1,0
BRDA:107,32,0,0
BRDA:107,32,1,0
BRDA:107,33,0,0
BRDA:107,33,1,0
BRDA:131,34,0,0
BRDA:131,34,1,0
BRF:72
BRH:0
end_of_record
TN:
SF:services/productionService.js
FN:5,handleErpWebhook
FN:27,autoCreateProductionTask
FNF:2
FNH:0
FNDA:0,handleErpWebhook
FNDA:0,autoCreateProductionTask
DA:1,10
DA:2,10
DA:3,10
DA:6,0
DA:8,0
DA:12,0
DA:13,0
DA:16,0
DA:18,0
DA:19,0
DA:21,0
DA:24,0
DA:28,0
DA:29,0
DA:31,0
DA:32,0
DA:33,0
DA:36,0
DA:42,0
DA:45,10
LF:20
LH:4
BRDA:12,0,0,0
BRDA:12,0,1,0
BRDA:32,1,0,0
BRDA:32,1,1,0
BRF:4
BRH:0
end_of_record
TN:
SF:utils/apiResponse.js
FN:1,(anonymous_0)
FN:8,(anonymous_1)
FN:10,(anonymous_2)
FN:19,(anonymous_3)
FN:26,(anonymous_4)
FN:27,(anonymous_5)
FN:28,(anonymous_6)
FNF:7
FNH:1
FNDA:0,(anonymous_0)
FNDA:0,(anonymous_1)
FNDA:1,(anonymous_2)
FNDA:0,(anonymous_3)
FNDA:0,(anonymous_4)
FNDA:0,(anonymous_5)
FNDA:0,(anonymous_6)
DA:1,11
DA:2,0
DA:8,11
DA:10,11
DA:11,1
DA:15,1
DA:16,1
DA:19,11
DA:20,0
DA:26,11
DA:27,11
DA:28,11
DA:30,11
LF:13
LH:11
BRDA:1,0,0,0
BRDA:10,1,0,0
BRDA:10,2,0,1
BRDA:15,3,0,0
BRDA:15,3,1,1
BRDA:19,4,0,0
BRDA:26,5,0,0
BRDA:27,6,0,0
BRDA:28,7,0,0
BRF:9
BRH:2
end_of_record
TN:
SF:utils/quoteCalculator.js
FN:8,(anonymous_0)
FNF:1
FNH:1
FNDA:6,(anonymous_0)
DA:8,11
DA:11,6
DA:12,6
DA:16,6
DA:17,6
DA:20,6
DA:21,6
DA:23,6
DA:32,11
LF:9
LH:9
BRDA:8,0,0,5
BRDA:11,1,0,6
BRDA:11,1,1,5
BRDA:12,2,0,2
BRDA:12,2,1,4
BRDA:16,3,0,6
BRDA:16,3,1,1
BRDA:17,4,0,3
BRDA:17,4,1,3
BRDA:24,5,0,2
BRDA:24,5,1,4
BRF:11
BRH:11
end_of_record
